
*** Running vivado
    with args -log zynq_soc_PUSH_BUTTONS_POSITION_0.vds -m64 -product Vivado -mode batch -messageDb vivado.pb -notrace -source zynq_soc_PUSH_BUTTONS_POSITION_0.tcl



****** Vivado v2016.3_sdx (64-bit)
  **** SW Build 1721784 on Tue Nov 29 22:12:44 MST 2016
  **** IP Build 1720686 on Mon Nov 28 12:39:17 MST 2016
    ** Copyright 1986-2016 Xilinx, Inc. All Rights Reserved.

Sourcing tcl script 'C:/Xilinx/SDx/2016.3/Vivado/scripts/init.tcl'
16 Beta devices matching pattern found, 16 enabled.
Loaded SDSoC Platform Tcl Library
source zynq_soc_PUSH_BUTTONS_POSITION_0.tcl -notrace
Starting RTL Elaboration : Time (s): cpu = 00:00:10 ; elapsed = 00:00:17 . Memory (MB): peak = 355.270 ; gain = 145.500
INFO: [Synth 8-638] synthesizing module 'zynq_soc_PUSH_BUTTONS_POSITION_0' [d:/GITHUB_EXTERNAL/webserver_sdsoc_2016_3/vivado/webserver/webserver_sdsoc_2016_3.srcs/sources_1/bd/zynq_soc/ip/zynq_soc_PUSH_BUTTONS_POSITION_0/synth/zynq_soc_PUSH_BUTTONS_POSITION_0.vhd:84]
INFO: [Synth 8-638] synthesizing module 'axi_gpio' [d:/GITHUB_EXTERNAL/webserver_sdsoc_2016_3/vivado/webserver/webserver_sdsoc_2016_3.srcs/sources_1/bd/zynq_soc/ipshared/475c/hdl/axi_gpio_v2_0_vh_rfs.vhd:1091]
INFO: [Synth 8-638] synthesizing module 'axi_lite_ipif' [d:/GITHUB_EXTERNAL/webserver_sdsoc_2016_3/vivado/webserver/webserver_sdsoc_2016_3.srcs/sources_1/bd/zynq_soc/ipshared/0ba0/hdl/axi_lite_ipif_v3_0_vh_rfs.vhd:2948]
INFO: [Synth 8-638] synthesizing module 'slave_attachment' [d:/GITHUB_EXTERNAL/webserver_sdsoc_2016_3/vivado/webserver/webserver_sdsoc_2016_3.srcs/sources_1/bd/zynq_soc/ipshared/0ba0/hdl/axi_lite_ipif_v3_0_vh_rfs.vhd:2341]
INFO: [Synth 8-638] synthesizing module 'address_decoder' [d:/GITHUB_EXTERNAL/webserver_sdsoc_2016_3/vivado/webserver/webserver_sdsoc_2016_3.srcs/sources_1/bd/zynq_soc/ipshared/0ba0/hdl/axi_lite_ipif_v3_0_vh_rfs.vhd:1775]
INFO: [Synth 8-638] synthesizing module 'pselect_f' [d:/GITHUB_EXTERNAL/webserver_sdsoc_2016_3/vivado/webserver/webserver_sdsoc_2016_3.srcs/sources_1/bd/zynq_soc/ipshared/0ba0/hdl/axi_lite_ipif_v3_0_vh_rfs.vhd:1534]
INFO: [Synth 8-256] done synthesizing module 'pselect_f' (1#1) [d:/GITHUB_EXTERNAL/webserver_sdsoc_2016_3/vivado/webserver/webserver_sdsoc_2016_3.srcs/sources_1/bd/zynq_soc/ipshared/0ba0/hdl/axi_lite_ipif_v3_0_vh_rfs.vhd:1534]
INFO: [Synth 8-638] synthesizing module 'pselect_f__parameterized0' [d:/GITHUB_EXTERNAL/webserver_sdsoc_2016_3/vivado/webserver/webserver_sdsoc_2016_3.srcs/sources_1/bd/zynq_soc/ipshared/0ba0/hdl/axi_lite_ipif_v3_0_vh_rfs.vhd:1534]
INFO: [Synth 8-256] done synthesizing module 'pselect_f__parameterized0' (1#1) [d:/GITHUB_EXTERNAL/webserver_sdsoc_2016_3/vivado/webserver/webserver_sdsoc_2016_3.srcs/sources_1/bd/zynq_soc/ipshared/0ba0/hdl/axi_lite_ipif_v3_0_vh_rfs.vhd:1534]
INFO: [Synth 8-638] synthesizing module 'pselect_f__parameterized1' [d:/GITHUB_EXTERNAL/webserver_sdsoc_2016_3/vivado/webserver/webserver_sdsoc_2016_3.srcs/sources_1/bd/zynq_soc/ipshared/0ba0/hdl/axi_lite_ipif_v3_0_vh_rfs.vhd:1534]
INFO: [Synth 8-256] done synthesizing module 'pselect_f__parameterized1' (1#1) [d:/GITHUB_EXTERNAL/webserver_sdsoc_2016_3/vivado/webserver/webserver_sdsoc_2016_3.srcs/sources_1/bd/zynq_soc/ipshared/0ba0/hdl/axi_lite_ipif_v3_0_vh_rfs.vhd:1534]
INFO: [Synth 8-638] synthesizing module 'pselect_f__parameterized2' [d:/GITHUB_EXTERNAL/webserver_sdsoc_2016_3/vivado/webserver/webserver_sdsoc_2016_3.srcs/sources_1/bd/zynq_soc/ipshared/0ba0/hdl/axi_lite_ipif_v3_0_vh_rfs.vhd:1534]
INFO: [Synth 8-256] done synthesizing module 'pselect_f__parameterized2' (1#1) [d:/GITHUB_EXTERNAL/webserver_sdsoc_2016_3/vivado/webserver/webserver_sdsoc_2016_3.srcs/sources_1/bd/zynq_soc/ipshared/0ba0/hdl/axi_lite_ipif_v3_0_vh_rfs.vhd:1534]
INFO: [Synth 8-256] done synthesizing module 'address_decoder' (2#1) [d:/GITHUB_EXTERNAL/webserver_sdsoc_2016_3/vivado/webserver/webserver_sdsoc_2016_3.srcs/sources_1/bd/zynq_soc/ipshared/0ba0/hdl/axi_lite_ipif_v3_0_vh_rfs.vhd:1775]
INFO: [Synth 8-256] done synthesizing module 'slave_attachment' (3#1) [d:/GITHUB_EXTERNAL/webserver_sdsoc_2016_3/vivado/webserver/webserver_sdsoc_2016_3.srcs/sources_1/bd/zynq_soc/ipshared/0ba0/hdl/axi_lite_ipif_v3_0_vh_rfs.vhd:2341]
INFO: [Synth 8-256] done synthesizing module 'axi_lite_ipif' (4#1) [d:/GITHUB_EXTERNAL/webserver_sdsoc_2016_3/vivado/webserver/webserver_sdsoc_2016_3.srcs/sources_1/bd/zynq_soc/ipshared/0ba0/hdl/axi_lite_ipif_v3_0_vh_rfs.vhd:2948]
INFO: [Synth 8-638] synthesizing module 'GPIO_Core' [d:/GITHUB_EXTERNAL/webserver_sdsoc_2016_3/vivado/webserver/webserver_sdsoc_2016_3.srcs/sources_1/bd/zynq_soc/ipshared/475c/hdl/axi_gpio_v2_0_vh_rfs.vhd:173]
INFO: [Synth 8-638] synthesizing module 'cdc_sync' [d:/GITHUB_EXTERNAL/webserver_sdsoc_2016_3/vivado/webserver/webserver_sdsoc_2016_3.srcs/sources_1/bd/zynq_soc/ipshared/52cb/hdl/lib_cdc_v1_0_rfs.vhd:106]
INFO: [Synth 8-256] done synthesizing module 'cdc_sync' (5#1) [d:/GITHUB_EXTERNAL/webserver_sdsoc_2016_3/vivado/webserver/webserver_sdsoc_2016_3.srcs/sources_1/bd/zynq_soc/ipshared/52cb/hdl/lib_cdc_v1_0_rfs.vhd:106]
INFO: [Synth 8-256] done synthesizing module 'GPIO_Core' (6#1) [d:/GITHUB_EXTERNAL/webserver_sdsoc_2016_3/vivado/webserver/webserver_sdsoc_2016_3.srcs/sources_1/bd/zynq_soc/ipshared/475c/hdl/axi_gpio_v2_0_vh_rfs.vhd:173]
INFO: [Synth 8-256] done synthesizing module 'axi_gpio' (7#1) [d:/GITHUB_EXTERNAL/webserver_sdsoc_2016_3/vivado/webserver/webserver_sdsoc_2016_3.srcs/sources_1/bd/zynq_soc/ipshared/475c/hdl/axi_gpio_v2_0_vh_rfs.vhd:1091]
INFO: [Synth 8-256] done synthesizing module 'zynq_soc_PUSH_BUTTONS_POSITION_0' (8#1) [d:/GITHUB_EXTERNAL/webserver_sdsoc_2016_3/vivado/webserver/webserver_sdsoc_2016_3.srcs/sources_1/bd/zynq_soc/ip/zynq_soc_PUSH_BUTTONS_POSITION_0/synth/zynq_soc_PUSH_BUTTONS_POSITION_0.vhd:84]
Finished RTL Elaboration : Time (s): cpu = 00:00:12 ; elapsed = 00:00:18 . Memory (MB): peak = 394.617 ; gain = 184.848
Finished RTL Optimization Phase 1 : Time (s): cpu = 00:00:12 ; elapsed = 00:00:19 . Memory (MB): peak = 394.617 ; gain = 184.848
INFO: [Device 21-403] Loading part xc7z020clg484-1
Constraint Validation Runtime : Time (s): cpu = 00:00:00 ; elapsed = 00:00:00.015 . Memory (MB): peak = 712.918 ; gain = 0.047
Finished Constraint Validation : Time (s): cpu = 00:00:23 ; elapsed = 00:00:30 . Memory (MB): peak = 712.918 ; gain = 503.148
Finished Loading Part and Timing Information : Time (s): cpu = 00:00:23 ; elapsed = 00:00:30 . Memory (MB): peak = 712.918 ; gain = 503.148
Finished applying 'set_property' XDC Constraints : Time (s): cpu = 00:00:23 ; elapsed = 00:00:30 . Memory (MB): peak = 712.918 ; gain = 503.148
Finished RTL Optimization Phase 2 : Time (s): cpu = 00:00:23 ; elapsed = 00:00:30 . Memory (MB): peak = 712.918 ; gain = 503.148
Finished Cross Boundary and Area Optimization : Time (s): cpu = 00:00:24 ; elapsed = 00:00:31 . Memory (MB): peak = 712.918 ; gain = 503.148
Finished Applying XDC Timing Constraints : Time (s): cpu = 00:00:36 ; elapsed = 00:00:43 . Memory (MB): peak = 712.918 ; gain = 503.148
Finished Timing Optimization : Time (s): cpu = 00:00:36 ; elapsed = 00:00:43 . Memory (MB): peak = 712.918 ; gain = 503.148
Finished Technology Mapping : Time (s): cpu = 00:00:36 ; elapsed = 00:00:43 . Memory (MB): peak = 712.918 ; gain = 503.148
Finished IO Insertion : Time (s): cpu = 00:00:37 ; elapsed = 00:00:44 . Memory (MB): peak = 712.918 ; gain = 503.148
Finished Renaming Generated Instances : Time (s): cpu = 00:00:37 ; elapsed = 00:00:44 . Memory (MB): peak = 712.918 ; gain = 503.148
Finished Rebuilding User Hierarchy : Time (s): cpu = 00:00:37 ; elapsed = 00:00:44 . Memory (MB): peak = 712.918 ; gain = 503.148
Finished Renaming Generated Ports : Time (s): cpu = 00:00:37 ; elapsed = 00:00:44 . Memory (MB): peak = 712.918 ; gain = 503.148
Finished Handling Custom Attributes : Time (s): cpu = 00:00:37 ; elapsed = 00:00:44 . Memory (MB): peak = 712.918 ; gain = 503.148
Finished Renaming Generated Nets : Time (s): cpu = 00:00:37 ; elapsed = 00:00:44 . Memory (MB): peak = 712.918 ; gain = 503.148

Report Cell Usage: 
+------+-----+------+
|      |Cell |Count |
+------+-----+------+
|1     |LUT1 |     2|
|2     |LUT2 |     5|
|3     |LUT3 |     4|
|4     |LUT4 |     8|
|5     |LUT5 |    11|
|6     |LUT6 |    11|
|7     |FDR  |    20|
|8     |FDRE |    46|
|9     |FDSE |     5|
+------+-----+------+
Finished Writing Synthesis Report : Time (s): cpu = 00:00:37 ; elapsed = 00:00:44 . Memory (MB): peak = 712.918 ; gain = 503.148
synth_design: Time (s): cpu = 00:00:33 ; elapsed = 00:00:33 . Memory (MB): peak = 712.918 ; gain = 434.527
