Copyright 1986-2016 Xilinx, Inc. All Rights Reserved.
----------------------------------------------------------------------------------------------
| Tool Version : Vivado v.2016.3_sdx (win64) Build 1721784 Tue Nov 29 22:12:44 MST 2016
| Date         : Wed May 10 23:33:10 2017
| Host         : SakinderLaptop1 running 64-bit major release  (build 9200)
| Command      : report_control_sets -verbose -file zed_audio_wrapper_control_sets_placed.rpt
| Design       : zed_audio_wrapper
| Device       : xc7z020
----------------------------------------------------------------------------------------------

Control Set Information

Table of Contents
-----------------
1. Summary
2. Flip-Flop Distribution
3. Detailed Control Set Information

1. Summary
----------

+----------------------------------------------------------+-------+
|                          Status                          | Count |
+----------------------------------------------------------+-------+
| Number of unique control sets                            |    50 |
| Unused register locations in slices containing registers |   115 |
+----------------------------------------------------------+-------+


2. Flip-Flop Distribution
-------------------------

+--------------+-----------------------+------------------------+-----------------+--------------+
| Clock Enable | Synchronous Set/Reset | Asynchronous Set/Reset | Total Registers | Total Slices |
+--------------+-----------------------+------------------------+-----------------+--------------+
| No           | No                    | No                     |             165 |           55 |
| No           | No                    | Yes                    |               0 |            0 |
| No           | Yes                   | No                     |             122 |           37 |
| Yes          | No                    | No                     |             521 |          125 |
| Yes          | No                    | Yes                    |               0 |            0 |
| Yes          | Yes                   | No                     |             253 |           68 |
+--------------+-----------------------+------------------------+-----------------+--------------+


3. Detailed Control Set Information
-----------------------------------

+--------------------------------------------------+----------------------------------------------------------------------------------------------------------------------------------------------------------------+-------------------------------------------------------------------------------------------------------------------------------------------+------------------+----------------+
|                   Clock Signal                   |                                                                          Enable Signal                                                                         |                                                              Set/Reset Signal                                                             | Slice Load Count | Bel Load Count |
+--------------------------------------------------+----------------------------------------------------------------------------------------------------------------------------------------------------------------+-------------------------------------------------------------------------------------------------------------------------------------------+------------------+----------------+
|  zed_audio_i/processing_system7_0/inst/FCLK_CLK0 |                                                                                                                                                                | zed_audio_i/zed_audio_ctrl_0/U0/USER_LOGIC_I/Inst_iis_ser/ldata_reg                                                                       |                1 |              1 |
|  zed_audio_i/processing_system7_0/inst/FCLK_CLK0 | zed_audio_i/ps7_0_axi_periph/s00_couplers/auto_pc/inst/gen_axilite.gen_b2s_conv.axilite_b2s/WR.b_channel_0/bid_fifo_0/bresp_push                               |                                                                                                                                           |                1 |              2 |
|  zed_audio_i/processing_system7_0/inst/FCLK_CLK0 | zed_audio_i/axi_gpio_0/U0/AXI_LITE_IPIF_I/I_SLAVE_ATTACHMENT/start2_i_1_n_0                                                                                    | zed_audio_i/axi_gpio_0/U0/AXI_LITE_IPIF_I/I_SLAVE_ATTACHMENT/bus2ip_rnw_i_reg_0                                                           |                1 |              4 |
|  zed_audio_i/processing_system7_0/inst/FCLK_CLK0 |                                                                                                                                                                | zed_audio_i/axi_gpio_0/U0/AXI_LITE_IPIF_I/I_SLAVE_ATTACHMENT/clear                                                                        |                2 |              4 |
|  zed_audio_i/processing_system7_0/inst/FCLK_CLK0 |                                                                                                                                                                | zed_audio_i/axi_gpio_0/U0/AXI_LITE_IPIF_I/I_SLAVE_ATTACHMENT/I_DECODER/Read_Reg_Rst                                                       |                1 |              4 |
|  zed_audio_i/processing_system7_0/inst/FCLK_CLK0 |                                                                                                                                                                | zed_audio_i/zed_audio_ctrl_0/U0/AXI_LITE_IPIF_I/I_SLAVE_ATTACHMENT/rst                                                                    |                2 |              4 |
|  zed_audio_i/processing_system7_0/inst/FCLK_CLK0 |                                                                                                                                                                | zed_audio_i/zed_audio_ctrl_0/U0/AXI_LITE_IPIF_I/I_SLAVE_ATTACHMENT/p_2_out                                                                |                1 |              4 |
|  zed_audio_i/processing_system7_0/inst/FCLK_CLK0 | zed_audio_i/zed_audio_ctrl_0/U0/USER_LOGIC_I/Inst_iis_ser/FSM_onehot_iis_state[4]_i_1_n_0                                                                      |                                                                                                                                           |                2 |              4 |
|  zed_audio_i/processing_system7_0/inst/FCLK_CLK0 |                                                                                                                                                                | zed_audio_i/ps7_0_axi_periph/s00_couplers/auto_pc/inst/gen_axilite.gen_b2s_conv.axilite_b2s/SI_REG/ar_pipe/m_valid_i_reg_0                |                3 |              4 |
|  zed_audio_i/processing_system7_0/inst/FCLK_CLK0 |                                                                                                                                                                | zed_audio_i/ps7_0_axi_periph/s00_couplers/auto_pc/inst/gen_axilite.gen_b2s_conv.axilite_b2s/SI_REG/aw_pipe/s_ready_i_reg_0                |                2 |              4 |
|  zed_audio_i/processing_system7_0/inst/FCLK_CLK0 | zed_audio_i/ps7_0_axi_periph/s00_couplers/auto_pc/inst/gen_axilite.gen_b2s_conv.axilite_b2s/RD.ar_channel_0/ar_cmd_fsm_0/axlen_cnt_reg[3][0]                   | zed_audio_i/ps7_0_axi_periph/s00_couplers/auto_pc/inst/gen_axilite.gen_b2s_conv.axilite_b2s/RD.ar_channel_0/ar_cmd_fsm_0/axlen_cnt_reg[7] |                1 |              4 |
|  zed_audio_i/processing_system7_0/inst/FCLK_CLK0 | zed_audio_i/ps7_0_axi_periph/s00_couplers/auto_pc/inst/gen_axilite.gen_b2s_conv.axilite_b2s/WR.aw_channel_0/aw_cmd_fsm_0/axaddr_wrap_reg[0]                    | zed_audio_i/ps7_0_axi_periph/s00_couplers/auto_pc/inst/gen_axilite.gen_b2s_conv.axilite_b2s/WR.aw_channel_0/aw_cmd_fsm_0/axlen_cnt_reg[7] |                2 |              4 |
|  zed_audio_i/processing_system7_0/inst/FCLK_CLK0 | zed_audio_i/zed_audio_ctrl_0/U0/USER_LOGIC_I/Inst_iis_deser/bit_rdy                                                                                            | zed_audio_i/zed_audio_ctrl_0/U0/USER_LOGIC_I/Inst_iis_deser/bit_cntr[4]_i_1_n_0                                                           |                2 |              5 |
|  zed_audio_i/processing_system7_0/inst/FCLK_CLK0 |                                                                                                                                                                | zed_audio_i/rst_ps7_0_100M/U0/EXT_LPF/lpf_int                                                                                             |                1 |              5 |
|  zed_audio_i/processing_system7_0/inst/FCLK_CLK0 | zed_audio_i/zed_audio_ctrl_0/U0/USER_LOGIC_I/Inst_iis_deser/bit_cntr_reg[4]_0[0]                                                                               | zed_audio_i/zed_audio_ctrl_0/U0/USER_LOGIC_I/Inst_iis_ser/bit_cntr[4]_i_1__0_n_0                                                          |                1 |              5 |
|  zed_audio_i/processing_system7_0/inst/FCLK_CLK0 | zed_audio_i/zed_audio_ctrl_0/U0/AXI_LITE_IPIF_I/I_SLAVE_ATTACHMENT/I_DECODER/start                                                                             | zed_audio_i/zed_audio_ctrl_0/U0/AXI_LITE_IPIF_I/I_SLAVE_ATTACHMENT/I_DECODER/cs_ce_clr                                                    |                3 |              5 |
|  zed_audio_i/processing_system7_0/inst/FCLK_CLK0 | zed_audio_i/rst_ps7_0_100M/U0/SEQ/seq_cnt_en                                                                                                                   | zed_audio_i/rst_ps7_0_100M/U0/SEQ/SEQ_COUNTER/clear                                                                                       |                1 |              6 |
|  zed_audio_i/processing_system7_0/inst/FCLK_CLK0 | zed_audio_i/ps7_0_axi_periph/s00_couplers/auto_pc/inst/gen_axilite.gen_b2s_conv.axilite_b2s/WR.b_channel_0/mhandshake_r                                        | zed_audio_i/ps7_0_axi_periph/s00_couplers/auto_pc/inst/gen_axilite.gen_b2s_conv.axilite_b2s/WR.b_channel_0/bid_fifo_0/SR[0]               |                2 |              8 |
|  zed_audio_i/processing_system7_0/inst/FCLK_CLK0 |                                                                                                                                                                | zed_audio_i/ps7_0_axi_periph/xbar/inst/gen_sasd.crossbar_sasd_0/addr_arbiter_inst/SR[0]                                                   |                4 |             11 |
|  zed_audio_i/processing_system7_0/inst/FCLK_CLK0 | zed_audio_i/ps7_0_axi_periph/s00_couplers/auto_pc/inst/gen_axilite.gen_b2s_conv.axilite_b2s/RD.ar_channel_0/ar_cmd_fsm_0/axaddr_incr_reg[11]                   |                                                                                                                                           |                3 |             12 |
|  zed_audio_i/processing_system7_0/inst/FCLK_CLK0 | zed_audio_i/ps7_0_axi_periph/s00_couplers/auto_pc/inst/gen_axilite.gen_b2s_conv.axilite_b2s/RD.ar_channel_0/ar_cmd_fsm_0/E[0]                                  |                                                                                                                                           |                7 |             12 |
|  zed_audio_i/processing_system7_0/inst/FCLK_CLK0 | zed_audio_i/ps7_0_axi_periph/s00_couplers/auto_pc/inst/gen_axilite.gen_b2s_conv.axilite_b2s/WR.aw_channel_0/aw_cmd_fsm_0/wrap_boundary_axaddr_r_reg[11][0]     |                                                                                                                                           |                4 |             12 |
|  zed_audio_i/processing_system7_0/inst/FCLK_CLK0 | zed_audio_i/ps7_0_axi_periph/s00_couplers/auto_pc/inst/gen_axilite.gen_b2s_conv.axilite_b2s/WR.aw_channel_0/cmd_translator_0/incr_cmd_0/axaddr_incr[0]_i_1_n_0 |                                                                                                                                           |                3 |             12 |
|  zed_audio_i/processing_system7_0/inst/FCLK_CLK0 | zed_audio_i/ps7_0_axi_periph/s00_couplers/auto_pc/inst/gen_axilite.gen_b2s_conv.axilite_b2s/RD.r_channel_0/r_push_r                                            |                                                                                                                                           |                4 |             13 |
|  zed_audio_i/processing_system7_0/inst/FCLK_CLK0 | zed_audio_i/ps7_0_axi_periph/s00_couplers/auto_pc/inst/gen_axilite.gen_b2s_conv.axilite_b2s/SI_REG/b_pipe/skid_buffer_reg[0]_0                                 |                                                                                                                                           |                2 |             14 |
|  zed_audio_i/processing_system7_0/inst/FCLK_CLK0 | zed_audio_i/ps7_0_axi_periph/s00_couplers/auto_pc/inst/gen_axilite.gen_b2s_conv.axilite_b2s/SI_REG/b_pipe/p_1_in                                               |                                                                                                                                           |                2 |             14 |
|  zed_audio_i/processing_system7_0/inst/FCLK_CLK0 | zed_audio_i/ps7_0_axi_periph/s00_couplers/auto_pc/inst/gen_axilite.gen_b2s_conv.axilite_b2s/WR.aw_channel_0/aw_cmd_fsm_0/axaddr_wrap_reg[0]                    |                                                                                                                                           |                9 |             20 |
|  zed_audio_i/processing_system7_0/inst/FCLK_CLK0 | zed_audio_i/ps7_0_axi_periph/xbar/inst/gen_sasd.crossbar_sasd_0/addr_arbiter_inst/p_0_in1_in                                                                   | zed_audio_i/ps7_0_axi_periph/xbar/inst/gen_sasd.crossbar_sasd_0/addr_arbiter_inst/SR[0]                                                   |                7 |             20 |
|  zed_audio_i/processing_system7_0/inst/FCLK_CLK0 | zed_audio_i/ps7_0_axi_periph/s00_couplers/auto_pc/inst/gen_axilite.gen_b2s_conv.axilite_b2s/RD.ar_channel_0/ar_cmd_fsm_0/axlen_cnt_reg[3][0]                   |                                                                                                                                           |                8 |             20 |
|  zed_audio_i/processing_system7_0/inst/FCLK_CLK0 | zed_audio_i/ps7_0_axi_periph/s00_couplers/auto_pc/inst/gen_axilite.gen_b2s_conv.axilite_b2s/WR.aw_channel_0/aw_cmd_fsm_0/b_push                                |                                                                                                                                           |                5 |             20 |
|  zed_audio_i/processing_system7_0/inst/FCLK_CLK0 |                                                                                                                                                                | zed_audio_i/axi_gpio_0/U0/AXI_LITE_IPIF_I/I_SLAVE_ATTACHMENT/bus2ip_rnw_i_reg_0                                                           |                7 |             23 |
|  zed_audio_i/processing_system7_0/inst/FCLK_CLK0 | zed_audio_i/zed_audio_ctrl_0/U0/USER_LOGIC_I/Inst_iis_deser/rdata_reg_reg[23]_0[0]                                                                             | zed_audio_i/zed_audio_ctrl_0/U0/USER_LOGIC_I/Inst_iis_ser/ldata_reg                                                                       |                8 |             24 |
|  zed_audio_i/processing_system7_0/inst/FCLK_CLK0 | zed_audio_i/zed_audio_ctrl_0/U0/USER_LOGIC_I/Inst_iis_ser/ldata_reg[23]_i_1__0_n_0                                                                             | zed_audio_i/zed_audio_ctrl_0/U0/USER_LOGIC_I/Inst_iis_ser/ldata_reg                                                                       |                8 |             24 |
|  zed_audio_i/processing_system7_0/inst/FCLK_CLK0 | zed_audio_i/zed_audio_ctrl_0/U0/USER_LOGIC_I/Inst_iis_deser/rdata_reg0                                                                                         | zed_audio_i/zed_audio_ctrl_0/U0/USER_LOGIC_I/Inst_iis_deser/ldata_reg                                                                     |                4 |             24 |
|  zed_audio_i/processing_system7_0/inst/FCLK_CLK0 | zed_audio_i/zed_audio_ctrl_0/U0/USER_LOGIC_I/Inst_iis_deser/ldata_reg0                                                                                         | zed_audio_i/zed_audio_ctrl_0/U0/USER_LOGIC_I/Inst_iis_deser/ldata_reg                                                                     |                4 |             24 |
|  zed_audio_i/processing_system7_0/inst/FCLK_CLK0 | zed_audio_i/zed_audio_ctrl_0/U0/AXI_LITE_IPIF_I/I_SLAVE_ATTACHMENT/I_DECODER/E[0]                                                                              | zed_audio_i/zed_audio_ctrl_0/U0/USER_LOGIC_I/SR[0]                                                                                        |                6 |             32 |
|  zed_audio_i/processing_system7_0/inst/FCLK_CLK0 | zed_audio_i/zed_audio_ctrl_0/U0/AXI_LITE_IPIF_I/I_SLAVE_ATTACHMENT/I_DECODER/DataTx_L_reg[0][0]                                                                | zed_audio_i/zed_audio_ctrl_0/U0/USER_LOGIC_I/SR[0]                                                                                        |                7 |             32 |
|  zed_audio_i/processing_system7_0/inst/FCLK_CLK0 | zed_audio_i/ps7_0_axi_periph/xbar/inst/gen_sasd.crossbar_sasd_0/reg_slice_r/aa_rready                                                                          |                                                                                                                                           |               10 |             32 |
|  zed_audio_i/processing_system7_0/inst/FCLK_CLK0 | zed_audio_i/zed_audio_ctrl_0/U0/AXI_LITE_IPIF_I/I_SLAVE_ATTACHMENT/s_axi_rdata_i                                                                               | zed_audio_i/zed_audio_ctrl_0/U0/AXI_LITE_IPIF_I/I_SLAVE_ATTACHMENT/rst                                                                    |               11 |             32 |
|  zed_audio_i/processing_system7_0/inst/FCLK_CLK0 | zed_audio_i/ps7_0_axi_periph/s00_couplers/auto_pc/inst/gen_axilite.gen_b2s_conv.axilite_b2s/RD.r_channel_0/rd_data_fifo_0/wr_en0                               |                                                                                                                                           |                9 |             34 |
|  zed_audio_i/processing_system7_0/inst/FCLK_CLK0 | zed_audio_i/ps7_0_axi_periph/xbar/inst/gen_sasd.crossbar_sasd_0/addr_arbiter_inst/E[0]                                                                         |                                                                                                                                           |               11 |             35 |
|  zed_audio_i/processing_system7_0/inst/FCLK_CLK0 | zed_audio_i/ps7_0_axi_periph/s00_couplers/auto_pc/inst/gen_axilite.gen_b2s_conv.axilite_b2s/SI_REG/r_pipe/p_1_in                                               |                                                                                                                                           |                8 |             47 |
|  zed_audio_i/processing_system7_0/inst/FCLK_CLK0 | zed_audio_i/ps7_0_axi_periph/s00_couplers/auto_pc/inst/gen_axilite.gen_b2s_conv.axilite_b2s/SI_REG/r_pipe/skid_buffer_reg[0]_0                                 |                                                                                                                                           |                9 |             47 |
|  zed_audio_i/processing_system7_0/inst/FCLK_CLK0 | zed_audio_i/ps7_0_axi_periph/s00_couplers/auto_pc/inst/gen_axilite.gen_b2s_conv.axilite_b2s/WR.aw_channel_0/aw_cmd_fsm_0/E[0]                                  |                                                                                                                                           |                8 |             48 |
|  zed_audio_i/processing_system7_0/inst/FCLK_CLK0 | zed_audio_i/ps7_0_axi_periph/s00_couplers/auto_pc/inst/gen_axilite.gen_b2s_conv.axilite_b2s/SI_REG/ar_pipe/s_axi_arready                                       |                                                                                                                                           |               11 |             48 |
|  zed_audio_i/processing_system7_0/inst/FCLK_CLK0 | zed_audio_i/ps7_0_axi_periph/s00_couplers/auto_pc/inst/gen_axilite.gen_b2s_conv.axilite_b2s/RD.ar_channel_0/ar_cmd_fsm_0/m_payload_i_reg[0]_1[0]               |                                                                                                                                           |               10 |             48 |
|  zed_audio_i/processing_system7_0/inst/FCLK_CLK0 | zed_audio_i/zed_audio_ctrl_0/U0/USER_LOGIC_I/Inst_iis_deser/E[0]                                                                                               |                                                                                                                                           |                9 |             48 |
|  zed_audio_i/processing_system7_0/inst/FCLK_CLK0 | zed_audio_i/ps7_0_axi_periph/s00_couplers/auto_pc/inst/gen_axilite.gen_b2s_conv.axilite_b2s/SI_REG/aw_pipe/s_axi_awready                                       |                                                                                                                                           |                9 |             48 |
|  zed_audio_i/processing_system7_0/inst/FCLK_CLK0 |                                                                                                                                                                | zed_audio_i/ps7_0_axi_periph/s00_couplers/auto_pc/inst/gen_axilite.gen_b2s_conv.axilite_b2s/areset_d1                                     |               13 |             58 |
|  zed_audio_i/processing_system7_0/inst/FCLK_CLK0 |                                                                                                                                                                |                                                                                                                                           |               56 |            166 |
+--------------------------------------------------+----------------------------------------------------------------------------------------------------------------------------------------------------------------+-------------------------------------------------------------------------------------------------------------------------------------------+------------------+----------------+


+--------+-----------------------+
| Fanout | Number of ControlSets |
+--------+-----------------------+
| 1      |                     1 |
| 2      |                     1 |
| 4      |                    10 |
| 5      |                     4 |
| 6      |                     1 |
| 8      |                     1 |
| 11     |                     1 |
| 12     |                     4 |
| 13     |                     1 |
| 14     |                     2 |
| 16+    |                    24 |
+--------+-----------------------+


