
*** Running vivado
    with args -log zynq_soc_xbar_0.vds -m64 -product Vivado -mode batch -messageDb vivado.pb -notrace -source zynq_soc_xbar_0.tcl



****** Vivado v2016.3_sdx (64-bit)
  **** SW Build 1721784 on Tue Nov 29 22:12:44 MST 2016
  **** IP Build 1720686 on Mon Nov 28 12:39:17 MST 2016
    ** Copyright 1986-2016 Xilinx, Inc. All Rights Reserved.

Sourcing tcl script 'C:/Xilinx/SDx/2016.3/Vivado/scripts/init.tcl'
16 Beta devices matching pattern found, 16 enabled.
Loaded SDSoC Platform Tcl Library
source zynq_soc_xbar_0.tcl -notrace
Starting RTL Elaboration : Time (s): cpu = 00:00:12 ; elapsed = 00:00:19 . Memory (MB): peak = 363.699 ; gain = 153.898
INFO: [Synth 8-638] synthesizing module 'zynq_soc_xbar_0' [d:/GITHUB_EXTERNAL/webserver_sdsoc_2016_3/vivado/webserver/webserver_sdsoc_2016_3.srcs/sources_1/bd/zynq_soc/ip/zynq_soc_xbar_0/synth/zynq_soc_xbar_0.v:59]
INFO: [Synth 8-638] synthesizing module 'axi_crossbar_v2_1_11_axi_crossbar' [d:/GITHUB_EXTERNAL/webserver_sdsoc_2016_3/vivado/webserver/webserver_sdsoc_2016_3.srcs/sources_1/bd/zynq_soc/ipshared/d552/hdl/axi_crossbar_v2_1_vl_rfs.v:4882]
INFO: [Synth 8-638] synthesizing module 'axi_crossbar_v2_1_11_crossbar_sasd' [d:/GITHUB_EXTERNAL/webserver_sdsoc_2016_3/vivado/webserver/webserver_sdsoc_2016_3.srcs/sources_1/bd/zynq_soc/ipshared/d552/hdl/axi_crossbar_v2_1_vl_rfs.v:1240]
INFO: [Synth 8-638] synthesizing module 'axi_crossbar_v2_1_11_addr_decoder' [d:/GITHUB_EXTERNAL/webserver_sdsoc_2016_3/vivado/webserver/webserver_sdsoc_2016_3.srcs/sources_1/bd/zynq_soc/ipshared/d552/hdl/axi_crossbar_v2_1_vl_rfs.v:794]
INFO: [Synth 8-638] synthesizing module 'generic_baseblocks_v2_1_0_comparator_static' [d:/GITHUB_EXTERNAL/webserver_sdsoc_2016_3/vivado/webserver/webserver_sdsoc_2016_3.srcs/sources_1/bd/zynq_soc/ipshared/7ee0/hdl/generic_baseblocks_v2_1_vl_rfs.v:2133]
INFO: [Synth 8-638] synthesizing module 'generic_baseblocks_v2_1_0_carry_and' [d:/GITHUB_EXTERNAL/webserver_sdsoc_2016_3/vivado/webserver/webserver_sdsoc_2016_3.srcs/sources_1/bd/zynq_soc/ipshared/7ee0/hdl/generic_baseblocks_v2_1_vl_rfs.v:62]
INFO: [Synth 8-256] done synthesizing module 'generic_baseblocks_v2_1_0_carry_and' (1#1) [d:/GITHUB_EXTERNAL/webserver_sdsoc_2016_3/vivado/webserver/webserver_sdsoc_2016_3.srcs/sources_1/bd/zynq_soc/ipshared/7ee0/hdl/generic_baseblocks_v2_1_vl_rfs.v:62]
INFO: [Synth 8-256] done synthesizing module 'generic_baseblocks_v2_1_0_comparator_static' (2#1) [d:/GITHUB_EXTERNAL/webserver_sdsoc_2016_3/vivado/webserver/webserver_sdsoc_2016_3.srcs/sources_1/bd/zynq_soc/ipshared/7ee0/hdl/generic_baseblocks_v2_1_vl_rfs.v:2133]
INFO: [Synth 8-638] synthesizing module 'generic_baseblocks_v2_1_0_comparator_static__parameterized0' [d:/GITHUB_EXTERNAL/webserver_sdsoc_2016_3/vivado/webserver/webserver_sdsoc_2016_3.srcs/sources_1/bd/zynq_soc/ipshared/7ee0/hdl/generic_baseblocks_v2_1_vl_rfs.v:2133]
INFO: [Synth 8-256] done synthesizing module 'generic_baseblocks_v2_1_0_comparator_static__parameterized0' (2#1) [d:/GITHUB_EXTERNAL/webserver_sdsoc_2016_3/vivado/webserver/webserver_sdsoc_2016_3.srcs/sources_1/bd/zynq_soc/ipshared/7ee0/hdl/generic_baseblocks_v2_1_vl_rfs.v:2133]
INFO: [Synth 8-638] synthesizing module 'generic_baseblocks_v2_1_0_comparator_static__parameterized1' [d:/GITHUB_EXTERNAL/webserver_sdsoc_2016_3/vivado/webserver/webserver_sdsoc_2016_3.srcs/sources_1/bd/zynq_soc/ipshared/7ee0/hdl/generic_baseblocks_v2_1_vl_rfs.v:2133]
INFO: [Synth 8-256] done synthesizing module 'generic_baseblocks_v2_1_0_comparator_static__parameterized1' (2#1) [d:/GITHUB_EXTERNAL/webserver_sdsoc_2016_3/vivado/webserver/webserver_sdsoc_2016_3.srcs/sources_1/bd/zynq_soc/ipshared/7ee0/hdl/generic_baseblocks_v2_1_vl_rfs.v:2133]
INFO: [Synth 8-638] synthesizing module 'generic_baseblocks_v2_1_0_comparator_static__parameterized2' [d:/GITHUB_EXTERNAL/webserver_sdsoc_2016_3/vivado/webserver/webserver_sdsoc_2016_3.srcs/sources_1/bd/zynq_soc/ipshared/7ee0/hdl/generic_baseblocks_v2_1_vl_rfs.v:2133]
INFO: [Synth 8-256] done synthesizing module 'generic_baseblocks_v2_1_0_comparator_static__parameterized2' (2#1) [d:/GITHUB_EXTERNAL/webserver_sdsoc_2016_3/vivado/webserver/webserver_sdsoc_2016_3.srcs/sources_1/bd/zynq_soc/ipshared/7ee0/hdl/generic_baseblocks_v2_1_vl_rfs.v:2133]
INFO: [Synth 8-256] done synthesizing module 'axi_crossbar_v2_1_11_addr_decoder' (3#1) [d:/GITHUB_EXTERNAL/webserver_sdsoc_2016_3/vivado/webserver/webserver_sdsoc_2016_3.srcs/sources_1/bd/zynq_soc/ipshared/d552/hdl/axi_crossbar_v2_1_vl_rfs.v:794]
INFO: [Synth 8-638] synthesizing module 'axi_crossbar_v2_1_11_decerr_slave' [d:/GITHUB_EXTERNAL/webserver_sdsoc_2016_3/vivado/webserver/webserver_sdsoc_2016_3.srcs/sources_1/bd/zynq_soc/ipshared/d552/hdl/axi_crossbar_v2_1_vl_rfs.v:3500]
INFO: [Synth 8-256] done synthesizing module 'axi_crossbar_v2_1_11_decerr_slave' (4#1) [d:/GITHUB_EXTERNAL/webserver_sdsoc_2016_3/vivado/webserver/webserver_sdsoc_2016_3.srcs/sources_1/bd/zynq_soc/ipshared/d552/hdl/axi_crossbar_v2_1_vl_rfs.v:3500]
INFO: [Synth 8-638] synthesizing module 'axi_crossbar_v2_1_11_addr_arbiter_sasd' [d:/GITHUB_EXTERNAL/webserver_sdsoc_2016_3/vivado/webserver/webserver_sdsoc_2016_3.srcs/sources_1/bd/zynq_soc/ipshared/d552/hdl/axi_crossbar_v2_1_vl_rfs.v:65]
INFO: [Synth 8-256] done synthesizing module 'axi_crossbar_v2_1_11_addr_arbiter_sasd' (5#1) [d:/GITHUB_EXTERNAL/webserver_sdsoc_2016_3/vivado/webserver/webserver_sdsoc_2016_3.srcs/sources_1/bd/zynq_soc/ipshared/d552/hdl/axi_crossbar_v2_1_vl_rfs.v:65]
INFO: [Synth 8-638] synthesizing module 'axi_crossbar_v2_1_11_splitter' [d:/GITHUB_EXTERNAL/webserver_sdsoc_2016_3/vivado/webserver/webserver_sdsoc_2016_3.srcs/sources_1/bd/zynq_soc/ipshared/d552/hdl/axi_crossbar_v2_1_vl_rfs.v:4459]
INFO: [Synth 8-256] done synthesizing module 'axi_crossbar_v2_1_11_splitter' (6#1) [d:/GITHUB_EXTERNAL/webserver_sdsoc_2016_3/vivado/webserver/webserver_sdsoc_2016_3.srcs/sources_1/bd/zynq_soc/ipshared/d552/hdl/axi_crossbar_v2_1_vl_rfs.v:4459]
INFO: [Synth 8-638] synthesizing module 'axi_crossbar_v2_1_11_splitter__parameterized0' [d:/GITHUB_EXTERNAL/webserver_sdsoc_2016_3/vivado/webserver/webserver_sdsoc_2016_3.srcs/sources_1/bd/zynq_soc/ipshared/d552/hdl/axi_crossbar_v2_1_vl_rfs.v:4459]
INFO: [Synth 8-256] done synthesizing module 'axi_crossbar_v2_1_11_splitter__parameterized0' (6#1) [d:/GITHUB_EXTERNAL/webserver_sdsoc_2016_3/vivado/webserver/webserver_sdsoc_2016_3.srcs/sources_1/bd/zynq_soc/ipshared/d552/hdl/axi_crossbar_v2_1_vl_rfs.v:4459]
INFO: [Synth 8-638] synthesizing module 'generic_baseblocks_v2_1_0_mux_enc' [d:/GITHUB_EXTERNAL/webserver_sdsoc_2016_3/vivado/webserver/webserver_sdsoc_2016_3.srcs/sources_1/bd/zynq_soc/ipshared/7ee0/hdl/generic_baseblocks_v2_1_vl_rfs.v:2452]
INFO: [Synth 8-256] done synthesizing module 'generic_baseblocks_v2_1_0_mux_enc' (7#1) [d:/GITHUB_EXTERNAL/webserver_sdsoc_2016_3/vivado/webserver/webserver_sdsoc_2016_3.srcs/sources_1/bd/zynq_soc/ipshared/7ee0/hdl/generic_baseblocks_v2_1_vl_rfs.v:2452]
INFO: [Synth 8-638] synthesizing module 'generic_baseblocks_v2_1_0_mux_enc__parameterized0' [d:/GITHUB_EXTERNAL/webserver_sdsoc_2016_3/vivado/webserver/webserver_sdsoc_2016_3.srcs/sources_1/bd/zynq_soc/ipshared/7ee0/hdl/generic_baseblocks_v2_1_vl_rfs.v:2452]
INFO: [Synth 8-256] done synthesizing module 'generic_baseblocks_v2_1_0_mux_enc__parameterized0' (7#1) [d:/GITHUB_EXTERNAL/webserver_sdsoc_2016_3/vivado/webserver/webserver_sdsoc_2016_3.srcs/sources_1/bd/zynq_soc/ipshared/7ee0/hdl/generic_baseblocks_v2_1_vl_rfs.v:2452]
INFO: [Synth 8-638] synthesizing module 'generic_baseblocks_v2_1_0_mux_enc__parameterized1' [d:/GITHUB_EXTERNAL/webserver_sdsoc_2016_3/vivado/webserver/webserver_sdsoc_2016_3.srcs/sources_1/bd/zynq_soc/ipshared/7ee0/hdl/generic_baseblocks_v2_1_vl_rfs.v:2452]
INFO: [Synth 8-256] done synthesizing module 'generic_baseblocks_v2_1_0_mux_enc__parameterized1' (7#1) [d:/GITHUB_EXTERNAL/webserver_sdsoc_2016_3/vivado/webserver/webserver_sdsoc_2016_3.srcs/sources_1/bd/zynq_soc/ipshared/7ee0/hdl/generic_baseblocks_v2_1_vl_rfs.v:2452]
INFO: [Synth 8-638] synthesizing module 'generic_baseblocks_v2_1_0_mux_enc__parameterized2' [d:/GITHUB_EXTERNAL/webserver_sdsoc_2016_3/vivado/webserver/webserver_sdsoc_2016_3.srcs/sources_1/bd/zynq_soc/ipshared/7ee0/hdl/generic_baseblocks_v2_1_vl_rfs.v:2452]
INFO: [Synth 8-256] done synthesizing module 'generic_baseblocks_v2_1_0_mux_enc__parameterized2' (7#1) [d:/GITHUB_EXTERNAL/webserver_sdsoc_2016_3/vivado/webserver/webserver_sdsoc_2016_3.srcs/sources_1/bd/zynq_soc/ipshared/7ee0/hdl/generic_baseblocks_v2_1_vl_rfs.v:2452]
INFO: [Synth 8-638] synthesizing module 'axi_register_slice_v2_1_10_axic_register_slice' [d:/GITHUB_EXTERNAL/webserver_sdsoc_2016_3/vivado/webserver/webserver_sdsoc_2016_3.srcs/sources_1/bd/zynq_soc/ipshared/7efe/hdl/axi_register_slice_v2_1_vl_rfs.v:85]
INFO: [Synth 8-256] done synthesizing module 'axi_register_slice_v2_1_10_axic_register_slice' (8#1) [d:/GITHUB_EXTERNAL/webserver_sdsoc_2016_3/vivado/webserver/webserver_sdsoc_2016_3.srcs/sources_1/bd/zynq_soc/ipshared/7efe/hdl/axi_register_slice_v2_1_vl_rfs.v:85]
INFO: [Synth 8-638] synthesizing module 'generic_baseblocks_v2_1_0_mux_enc__parameterized3' [d:/GITHUB_EXTERNAL/webserver_sdsoc_2016_3/vivado/webserver/webserver_sdsoc_2016_3.srcs/sources_1/bd/zynq_soc/ipshared/7ee0/hdl/generic_baseblocks_v2_1_vl_rfs.v:2452]
INFO: [Synth 8-256] done synthesizing module 'generic_baseblocks_v2_1_0_mux_enc__parameterized3' (8#1) [d:/GITHUB_EXTERNAL/webserver_sdsoc_2016_3/vivado/webserver/webserver_sdsoc_2016_3.srcs/sources_1/bd/zynq_soc/ipshared/7ee0/hdl/generic_baseblocks_v2_1_vl_rfs.v:2452]
INFO: [Synth 8-256] done synthesizing module 'axi_crossbar_v2_1_11_crossbar_sasd' (9#1) [d:/GITHUB_EXTERNAL/webserver_sdsoc_2016_3/vivado/webserver/webserver_sdsoc_2016_3.srcs/sources_1/bd/zynq_soc/ipshared/d552/hdl/axi_crossbar_v2_1_vl_rfs.v:1240]
INFO: [Synth 8-256] done synthesizing module 'axi_crossbar_v2_1_11_axi_crossbar' (10#1) [d:/GITHUB_EXTERNAL/webserver_sdsoc_2016_3/vivado/webserver/webserver_sdsoc_2016_3.srcs/sources_1/bd/zynq_soc/ipshared/d552/hdl/axi_crossbar_v2_1_vl_rfs.v:4882]
INFO: [Synth 8-256] done synthesizing module 'zynq_soc_xbar_0' (11#1) [d:/GITHUB_EXTERNAL/webserver_sdsoc_2016_3/vivado/webserver/webserver_sdsoc_2016_3.srcs/sources_1/bd/zynq_soc/ip/zynq_soc_xbar_0/synth/zynq_soc_xbar_0.v:59]
Finished RTL Elaboration : Time (s): cpu = 00:00:18 ; elapsed = 00:00:25 . Memory (MB): peak = 480.113 ; gain = 270.313
Finished RTL Optimization Phase 1 : Time (s): cpu = 00:00:18 ; elapsed = 00:00:25 . Memory (MB): peak = 480.113 ; gain = 270.313
INFO: [Device 21-403] Loading part xc7z020clg484-1
Constraint Validation Runtime : Time (s): cpu = 00:00:00 ; elapsed = 00:00:00.047 . Memory (MB): peak = 724.020 ; gain = 0.004
Finished Constraint Validation : Time (s): cpu = 00:00:28 ; elapsed = 00:00:35 . Memory (MB): peak = 724.020 ; gain = 514.219
Finished Loading Part and Timing Information : Time (s): cpu = 00:00:28 ; elapsed = 00:00:35 . Memory (MB): peak = 724.020 ; gain = 514.219
Finished applying 'set_property' XDC Constraints : Time (s): cpu = 00:00:28 ; elapsed = 00:00:35 . Memory (MB): peak = 724.020 ; gain = 514.219
Finished RTL Optimization Phase 2 : Time (s): cpu = 00:00:28 ; elapsed = 00:00:36 . Memory (MB): peak = 724.020 ; gain = 514.219
Finished Cross Boundary and Area Optimization : Time (s): cpu = 00:00:29 ; elapsed = 00:00:37 . Memory (MB): peak = 724.020 ; gain = 514.219
Finished Applying XDC Timing Constraints : Time (s): cpu = 00:00:40 ; elapsed = 00:00:47 . Memory (MB): peak = 724.020 ; gain = 514.219
Finished Timing Optimization : Time (s): cpu = 00:00:40 ; elapsed = 00:00:48 . Memory (MB): peak = 724.020 ; gain = 514.219
Finished Technology Mapping : Time (s): cpu = 00:00:41 ; elapsed = 00:00:48 . Memory (MB): peak = 724.020 ; gain = 514.219
Finished IO Insertion : Time (s): cpu = 00:00:41 ; elapsed = 00:00:49 . Memory (MB): peak = 724.020 ; gain = 514.219
Finished Renaming Generated Instances : Time (s): cpu = 00:00:41 ; elapsed = 00:00:49 . Memory (MB): peak = 724.020 ; gain = 514.219
Finished Rebuilding User Hierarchy : Time (s): cpu = 00:00:41 ; elapsed = 00:00:49 . Memory (MB): peak = 724.020 ; gain = 514.219
Finished Renaming Generated Ports : Time (s): cpu = 00:00:41 ; elapsed = 00:00:49 . Memory (MB): peak = 724.020 ; gain = 514.219
Finished Handling Custom Attributes : Time (s): cpu = 00:00:41 ; elapsed = 00:00:49 . Memory (MB): peak = 724.020 ; gain = 514.219
Finished Renaming Generated Nets : Time (s): cpu = 00:00:41 ; elapsed = 00:00:49 . Memory (MB): peak = 724.020 ; gain = 514.219

Report Cell Usage: 
+------+-----+------+
|      |Cell |Count |
+------+-----+------+
|1     |LUT1 |     2|
|2     |LUT2 |    15|
|3     |LUT3 |    44|
|4     |LUT4 |    53|
|5     |LUT5 |    57|
|6     |LUT6 |    64|
|7     |FDRE |   133|
+------+-----+------+
Finished Writing Synthesis Report : Time (s): cpu = 00:00:41 ; elapsed = 00:00:49 . Memory (MB): peak = 724.020 ; gain = 514.219
synth_design: Time (s): cpu = 00:00:36 ; elapsed = 00:00:38 . Memory (MB): peak = 724.020 ; gain = 440.387
