
*** Running vivado
    with args -log zynq_soc_rst_ps7_0_50M_0.vds -m64 -product Vivado -mode batch -messageDb vivado.pb -notrace -source zynq_soc_rst_ps7_0_50M_0.tcl



****** Vivado v2016.3_sdx (64-bit)
  **** SW Build 1721784 on Tue Nov 29 22:12:44 MST 2016
  **** IP Build 1720686 on Mon Nov 28 12:39:17 MST 2016
    ** Copyright 1986-2016 Xilinx, Inc. All Rights Reserved.

Sourcing tcl script 'C:/Xilinx/SDx/2016.3/Vivado/scripts/init.tcl'
16 Beta devices matching pattern found, 16 enabled.
Loaded SDSoC Platform Tcl Library
source zynq_soc_rst_ps7_0_50M_0.tcl -notrace
Starting RTL Elaboration : Time (s): cpu = 00:00:08 ; elapsed = 00:00:12 . Memory (MB): peak = 346.066 ; gain = 136.605
INFO: [Synth 8-638] synthesizing module 'zynq_soc_rst_ps7_0_50M_0' [d:/GITHUB_EXTERNAL/webserver_sdsoc_2016_3/vivado/webserver/webserver_sdsoc_2016_3.srcs/sources_1/bd/zynq_soc/ip/zynq_soc_rst_ps7_0_50M_0/synth/zynq_soc_rst_ps7_0_50M_0.vhd:71]
INFO: [Synth 8-638] synthesizing module 'proc_sys_reset' [d:/GITHUB_EXTERNAL/webserver_sdsoc_2016_3/vivado/webserver/webserver_sdsoc_2016_3.srcs/sources_1/bd/zynq_soc/ipshared/04b4/hdl/proc_sys_reset_v5_0_vh_rfs.vhd:1323]
INFO: [Synth 8-638] synthesizing module 'lpf' [d:/GITHUB_EXTERNAL/webserver_sdsoc_2016_3/vivado/webserver/webserver_sdsoc_2016_3.srcs/sources_1/bd/zynq_soc/ipshared/04b4/hdl/proc_sys_reset_v5_0_vh_rfs.vhd:816]
INFO: [Synth 8-638] synthesizing module 'SRL16' [C:/Xilinx/SDx/2016.3/Vivado/scripts/rt/data/unisim_comp.v:43312]
INFO: [Synth 8-256] done synthesizing module 'SRL16' (1#1) [C:/Xilinx/SDx/2016.3/Vivado/scripts/rt/data/unisim_comp.v:43312]
INFO: [Synth 8-638] synthesizing module 'cdc_sync' [d:/GITHUB_EXTERNAL/webserver_sdsoc_2016_3/vivado/webserver/webserver_sdsoc_2016_3.srcs/sources_1/bd/zynq_soc/ipshared/52cb/hdl/lib_cdc_v1_0_rfs.vhd:106]
INFO: [Synth 8-256] done synthesizing module 'cdc_sync' (2#1) [d:/GITHUB_EXTERNAL/webserver_sdsoc_2016_3/vivado/webserver/webserver_sdsoc_2016_3.srcs/sources_1/bd/zynq_soc/ipshared/52cb/hdl/lib_cdc_v1_0_rfs.vhd:106]
INFO: [Synth 8-256] done synthesizing module 'lpf' (3#1) [d:/GITHUB_EXTERNAL/webserver_sdsoc_2016_3/vivado/webserver/webserver_sdsoc_2016_3.srcs/sources_1/bd/zynq_soc/ipshared/04b4/hdl/proc_sys_reset_v5_0_vh_rfs.vhd:816]
INFO: [Synth 8-638] synthesizing module 'sequence_psr' [d:/GITHUB_EXTERNAL/webserver_sdsoc_2016_3/vivado/webserver/webserver_sdsoc_2016_3.srcs/sources_1/bd/zynq_soc/ipshared/04b4/hdl/proc_sys_reset_v5_0_vh_rfs.vhd:301]
INFO: [Synth 8-638] synthesizing module 'upcnt_n' [d:/GITHUB_EXTERNAL/webserver_sdsoc_2016_3/vivado/webserver/webserver_sdsoc_2016_3.srcs/sources_1/bd/zynq_soc/ipshared/04b4/hdl/proc_sys_reset_v5_0_vh_rfs.vhd:125]
INFO: [Synth 8-256] done synthesizing module 'upcnt_n' (4#1) [d:/GITHUB_EXTERNAL/webserver_sdsoc_2016_3/vivado/webserver/webserver_sdsoc_2016_3.srcs/sources_1/bd/zynq_soc/ipshared/04b4/hdl/proc_sys_reset_v5_0_vh_rfs.vhd:125]
INFO: [Synth 8-256] done synthesizing module 'sequence_psr' (5#1) [d:/GITHUB_EXTERNAL/webserver_sdsoc_2016_3/vivado/webserver/webserver_sdsoc_2016_3.srcs/sources_1/bd/zynq_soc/ipshared/04b4/hdl/proc_sys_reset_v5_0_vh_rfs.vhd:301]
INFO: [Synth 8-256] done synthesizing module 'proc_sys_reset' (6#1) [d:/GITHUB_EXTERNAL/webserver_sdsoc_2016_3/vivado/webserver/webserver_sdsoc_2016_3.srcs/sources_1/bd/zynq_soc/ipshared/04b4/hdl/proc_sys_reset_v5_0_vh_rfs.vhd:1323]
INFO: [Synth 8-256] done synthesizing module 'zynq_soc_rst_ps7_0_50M_0' (7#1) [d:/GITHUB_EXTERNAL/webserver_sdsoc_2016_3/vivado/webserver/webserver_sdsoc_2016_3.srcs/sources_1/bd/zynq_soc/ip/zynq_soc_rst_ps7_0_50M_0/synth/zynq_soc_rst_ps7_0_50M_0.vhd:71]
Finished RTL Elaboration : Time (s): cpu = 00:00:09 ; elapsed = 00:00:13 . Memory (MB): peak = 383.484 ; gain = 174.023
Finished RTL Optimization Phase 1 : Time (s): cpu = 00:00:09 ; elapsed = 00:00:13 . Memory (MB): peak = 383.484 ; gain = 174.023
INFO: [Device 21-403] Loading part xc7z020clg484-1
Constraint Validation Runtime : Time (s): cpu = 00:00:00 ; elapsed = 00:00:00 . Memory (MB): peak = 700.684 ; gain = 0.000
Finished Constraint Validation : Time (s): cpu = 00:00:18 ; elapsed = 00:00:23 . Memory (MB): peak = 700.684 ; gain = 491.223
Finished Loading Part and Timing Information : Time (s): cpu = 00:00:18 ; elapsed = 00:00:23 . Memory (MB): peak = 700.684 ; gain = 491.223
Finished applying 'set_property' XDC Constraints : Time (s): cpu = 00:00:18 ; elapsed = 00:00:23 . Memory (MB): peak = 700.684 ; gain = 491.223
Finished RTL Optimization Phase 2 : Time (s): cpu = 00:00:18 ; elapsed = 00:00:23 . Memory (MB): peak = 700.684 ; gain = 491.223
Finished Cross Boundary and Area Optimization : Time (s): cpu = 00:00:19 ; elapsed = 00:00:24 . Memory (MB): peak = 700.684 ; gain = 491.223
Finished Applying XDC Timing Constraints : Time (s): cpu = 00:00:29 ; elapsed = 00:00:34 . Memory (MB): peak = 700.684 ; gain = 491.223
Finished Timing Optimization : Time (s): cpu = 00:00:29 ; elapsed = 00:00:35 . Memory (MB): peak = 700.684 ; gain = 491.223
Finished Technology Mapping : Time (s): cpu = 00:00:29 ; elapsed = 00:00:35 . Memory (MB): peak = 700.684 ; gain = 491.223
Finished IO Insertion : Time (s): cpu = 00:00:30 ; elapsed = 00:00:35 . Memory (MB): peak = 700.684 ; gain = 491.223
Finished Renaming Generated Instances : Time (s): cpu = 00:00:30 ; elapsed = 00:00:35 . Memory (MB): peak = 700.684 ; gain = 491.223
Finished Rebuilding User Hierarchy : Time (s): cpu = 00:00:30 ; elapsed = 00:00:35 . Memory (MB): peak = 700.684 ; gain = 491.223
Finished Renaming Generated Ports : Time (s): cpu = 00:00:30 ; elapsed = 00:00:35 . Memory (MB): peak = 700.684 ; gain = 491.223
Finished Handling Custom Attributes : Time (s): cpu = 00:00:30 ; elapsed = 00:00:35 . Memory (MB): peak = 700.684 ; gain = 491.223
Finished Renaming Generated Nets : Time (s): cpu = 00:00:30 ; elapsed = 00:00:35 . Memory (MB): peak = 700.684 ; gain = 491.223

Report Cell Usage: 
+------+------+------+
|      |Cell  |Count |
+------+------+------+
|1     |LUT1  |     5|
|2     |LUT2  |     9|
|3     |LUT3  |     1|
|4     |LUT4  |     6|
|5     |LUT5  |     3|
|6     |LUT6  |     1|
|7     |SRL16 |     1|
|8     |FDR   |     8|
|9     |FDRE  |    28|
|10    |FDSE  |     4|
+------+------+------+
Finished Writing Synthesis Report : Time (s): cpu = 00:00:30 ; elapsed = 00:00:35 . Memory (MB): peak = 700.684 ; gain = 491.223
synth_design: Time (s): cpu = 00:00:27 ; elapsed = 00:00:28 . Memory (MB): peak = 700.684 ; gain = 424.520
