00:31:40 **** Build of project webserver_sdkv_bsp ****
make -k all 
"Running Make include in ps7_cortexa9_0/libsrc/coresightps_dcc_v1_3/src"
make -C ps7_cortexa9_0/libsrc/coresightps_dcc_v1_3/src -s include  "SHELL=CMD" "COMPILER=arm-none-eabi-gcc" "ARCHIVER=arm-none-eabi-ar" "COMPILER_FLAGS=  -O2 -c" "EXTRA_COMPILER_FLAGS=-mcpu=cortex-a9 -mfpu=vfpv3 -mfloat-abi=hard -nostartfiles"
"Running Make include in ps7_cortexa9_0/libsrc/cpu_cortexa9_v2_3/src"
make -C ps7_cortexa9_0/libsrc/cpu_cortexa9_v2_3/src -s include  "SHELL=CMD" "COMPILER=arm-none-eabi-gcc" "ARCHIVER=arm-none-eabi-ar" "COMPILER_FLAGS=  -O2 -c" "EXTRA_COMPILER_FLAGS=-mcpu=cortex-a9 -mfpu=vfpv3 -mfloat-abi=hard -nostartfiles"
"Running Make include in ps7_cortexa9_0/libsrc/ddrps_v1_0/src"
make -C ps7_cortexa9_0/libsrc/ddrps_v1_0/src -s include  "SHELL=CMD" "COMPILER=arm-none-eabi-gcc" "ARCHIVER=arm-none-eabi-ar" "COMPILER_FLAGS=  -O2 -c" "EXTRA_COMPILER_FLAGS=-mcpu=cortex-a9 -mfpu=vfpv3 -mfloat-abi=hard -nostartfiles"
"Running Make include in ps7_cortexa9_0/libsrc/devcfg_v3_4/src"
make -C ps7_cortexa9_0/libsrc/devcfg_v3_4/src -s include  "SHELL=CMD" "COMPILER=arm-none-eabi-gcc" "ARCHIVER=arm-none-eabi-ar" "COMPILER_FLAGS=  -O2 -c" "EXTRA_COMPILER_FLAGS=-mcpu=cortex-a9 -mfpu=vfpv3 -mfloat-abi=hard -nostartfiles"
"Running Make include in ps7_cortexa9_0/libsrc/dmaps_v2_2/src"
make -C ps7_cortexa9_0/libsrc/dmaps_v2_2/src -s include  "SHELL=CMD" "COMPILER=arm-none-eabi-gcc" "ARCHIVER=arm-none-eabi-ar" "COMPILER_FLAGS=  -O2 -c" "EXTRA_COMPILER_FLAGS=-mcpu=cortex-a9 -mfpu=vfpv3 -mfloat-abi=hard -nostartfiles"
"Running Make include in ps7_cortexa9_0/libsrc/emacps_v3_3/src"
make -C ps7_cortexa9_0/libsrc/emacps_v3_3/src -s include  "SHELL=CMD" "COMPILER=arm-none-eabi-gcc" "ARCHIVER=arm-none-eabi-ar" "COMPILER_FLAGS=  -O2 -c" "EXTRA_COMPILER_FLAGS=-mcpu=cortex-a9 -mfpu=vfpv3 -mfloat-abi=hard -nostartfiles"
"Running Make include in ps7_cortexa9_0/libsrc/gpio_v4_2/src"
make -C ps7_cortexa9_0/libsrc/gpio_v4_2/src -s include  "SHELL=CMD" "COMPILER=arm-none-eabi-gcc" "ARCHIVER=arm-none-eabi-ar" "COMPILER_FLAGS=  -O2 -c" "EXTRA_COMPILER_FLAGS=-mcpu=cortex-a9 -mfpu=vfpv3 -mfloat-abi=hard -nostartfiles"
"Running Make include in ps7_cortexa9_0/libsrc/gpiops_v3_1/src"
make -C ps7_cortexa9_0/libsrc/gpiops_v3_1/src -s include  "SHELL=CMD" "COMPILER=arm-none-eabi-gcc" "ARCHIVER=arm-none-eabi-ar" "COMPILER_FLAGS=  -O2 -c" "EXTRA_COMPILER_FLAGS=-mcpu=cortex-a9 -mfpu=vfpv3 -mfloat-abi=hard -nostartfiles"
"Running Make include in ps7_cortexa9_0/libsrc/lwip141_v1_6/src"
make -C ps7_cortexa9_0/libsrc/lwip141_v1_6/src -s include  "SHELL=CMD" "COMPILER=arm-none-eabi-gcc" "ARCHIVER=arm-none-eabi-ar" "COMPILER_FLAGS=  -O2 -c" "EXTRA_COMPILER_FLAGS=-mcpu=cortex-a9 -mfpu=vfpv3 -mfloat-abi=hard -nostartfiles"
"Running Make include in ps7_cortexa9_0/libsrc/qspips_v3_3/src"
make -C ps7_cortexa9_0/libsrc/qspips_v3_3/src -s include  "SHELL=CMD" "COMPILER=arm-none-eabi-gcc" "ARCHIVER=arm-none-eabi-ar" "COMPILER_FLAGS=  -O2 -c" "EXTRA_COMPILER_FLAGS=-mcpu=cortex-a9 -mfpu=vfpv3 -mfloat-abi=hard -nostartfiles"
"Running Make include in ps7_cortexa9_0/libsrc/scugic_v3_4/src"
make -C ps7_cortexa9_0/libsrc/scugic_v3_4/src -s include  "SHELL=CMD" "COMPILER=arm-none-eabi-gcc" "ARCHIVER=arm-none-eabi-ar" "COMPILER_FLAGS=  -O2 -c" "EXTRA_COMPILER_FLAGS=-mcpu=cortex-a9 -mfpu=vfpv3 -mfloat-abi=hard -nostartfiles"
"Running Make include in ps7_cortexa9_0/libsrc/scutimer_v2_1/src"
make -C ps7_cortexa9_0/libsrc/scutimer_v2_1/src -s include  "SHELL=CMD" "COMPILER=arm-none-eabi-gcc" "ARCHIVER=arm-none-eabi-ar" "COMPILER_FLAGS=  -O2 -c" "EXTRA_COMPILER_FLAGS=-mcpu=cortex-a9 -mfpu=vfpv3 -mfloat-abi=hard -nostartfiles"
"Running Make include in ps7_cortexa9_0/libsrc/scuwdt_v2_1/src"
make -C ps7_cortexa9_0/libsrc/scuwdt_v2_1/src -s include  "SHELL=CMD" "COMPILER=arm-none-eabi-gcc" "ARCHIVER=arm-none-eabi-ar" "COMPILER_FLAGS=  -O2 -c" "EXTRA_COMPILER_FLAGS=-mcpu=cortex-a9 -mfpu=vfpv3 -mfloat-abi=hard -nostartfiles"
"Running Make include in ps7_cortexa9_0/libsrc/sdps_v3_0/src"
make -C ps7_cortexa9_0/libsrc/sdps_v3_0/src -s include  "SHELL=CMD" "COMPILER=arm-none-eabi-gcc" "ARCHIVER=arm-none-eabi-ar" "COMPILER_FLAGS=  -O2 -c" "EXTRA_COMPILER_FLAGS=-mcpu=cortex-a9 -mfpu=vfpv3 -mfloat-abi=hard -nostartfiles"
"Running Make include in ps7_cortexa9_0/libsrc/Sine_v1_0/src"
make -C ps7_cortexa9_0/libsrc/Sine_v1_0/src -s include  "SHELL=CMD" "COMPILER=arm-none-eabi-gcc" "ARCHIVER=arm-none-eabi-ar" "COMPILER_FLAGS=  -O2 -c" "EXTRA_COMPILER_FLAGS=-mcpu=cortex-a9 -mfpu=vfpv3 -mfloat-abi=hard -nostartfiles"
"Running Make include in ps7_cortexa9_0/libsrc/standalone_v6_0/src"
make -C ps7_cortexa9_0/libsrc/standalone_v6_0/src -s include  "SHELL=CMD" "COMPILER=arm-none-eabi-gcc" "ARCHIVER=arm-none-eabi-ar" "COMPILER_FLAGS=  -O2 -c" "EXTRA_COMPILER_FLAGS=-mcpu=cortex-a9 -mfpu=vfpv3 -mfloat-abi=hard -nostartfiles"
"Running Make include in ps7_cortexa9_0/libsrc/ttcps_v3_1/src"
make -C ps7_cortexa9_0/libsrc/ttcps_v3_1/src -s include  "SHELL=CMD" "COMPILER=arm-none-eabi-gcc" "ARCHIVER=arm-none-eabi-ar" "COMPILER_FLAGS=  -O2 -c" "EXTRA_COMPILER_FLAGS=-mcpu=cortex-a9 -mfpu=vfpv3 -mfloat-abi=hard -nostartfiles"
"Running Make include in ps7_cortexa9_0/libsrc/uartps_v3_2/src"
make -C ps7_cortexa9_0/libsrc/uartps_v3_2/src -s include  "SHELL=CMD" "COMPILER=arm-none-eabi-gcc" "ARCHIVER=arm-none-eabi-ar" "COMPILER_FLAGS=  -O2 -c" "EXTRA_COMPILER_FLAGS=-mcpu=cortex-a9 -mfpu=vfpv3 -mfloat-abi=hard -nostartfiles"
"Running Make include in ps7_cortexa9_0/libsrc/usbps_v2_4/src"
make -C ps7_cortexa9_0/libsrc/usbps_v2_4/src -s include  "SHELL=CMD" "COMPILER=arm-none-eabi-gcc" "ARCHIVER=arm-none-eabi-ar" "COMPILER_FLAGS=  -O2 -c" "EXTRA_COMPILER_FLAGS=-mcpu=cortex-a9 -mfpu=vfpv3 -mfloat-abi=hard -nostartfiles"
"Running Make include in ps7_cortexa9_0/libsrc/wdtps_v3_0/src"
make -C ps7_cortexa9_0/libsrc/wdtps_v3_0/src -s include  "SHELL=CMD" "COMPILER=arm-none-eabi-gcc" "ARCHIVER=arm-none-eabi-ar" "COMPILER_FLAGS=  -O2 -c" "EXTRA_COMPILER_FLAGS=-mcpu=cortex-a9 -mfpu=vfpv3 -mfloat-abi=hard -nostartfiles"
"Running Make include in ps7_cortexa9_0/libsrc/xadcps_v2_2/src"
make -C ps7_cortexa9_0/libsrc/xadcps_v2_2/src -s include  "SHELL=CMD" "COMPILER=arm-none-eabi-gcc" "ARCHIVER=arm-none-eabi-ar" "COMPILER_FLAGS=  -O2 -c" "EXTRA_COMPILER_FLAGS=-mcpu=cortex-a9 -mfpu=vfpv3 -mfloat-abi=hard -nostartfiles"
"Running Make include in ps7_cortexa9_0/libsrc/xilmfs_v2_1/src"
make -C ps7_cortexa9_0/libsrc/xilmfs_v2_1/src -s include  "SHELL=CMD" "COMPILER=arm-none-eabi-gcc" "ARCHIVER=arm-none-eabi-ar" "COMPILER_FLAGS=  -O2 -c" "EXTRA_COMPILER_FLAGS=-mcpu=cortex-a9 -mfpu=vfpv3 -mfloat-abi=hard -nostartfiles"
"Running Make libs in ps7_cortexa9_0/libsrc/coresightps_dcc_v1_3/src"
make -C ps7_cortexa9_0/libsrc/coresightps_dcc_v1_3/src -s libs  "SHELL=CMD" "COMPILER=arm-none-eabi-gcc" "ARCHIVER=arm-none-eabi-ar" "COMPILER_FLAGS=  -O2 -c" "EXTRA_COMPILER_FLAGS=-mcpu=cortex-a9 -mfpu=vfpv3 -mfloat-abi=hard -nostartfiles"
"Compiling coresightps_dcc"
arm-none-eabi-ar: creating ../../../lib/libxil.a
"Running Make libs in ps7_cortexa9_0/libsrc/cpu_cortexa9_v2_3/src"
make -C ps7_cortexa9_0/libsrc/cpu_cortexa9_v2_3/src -s libs  "SHELL=CMD" "COMPILER=arm-none-eabi-gcc" "ARCHIVER=arm-none-eabi-ar" "COMPILER_FLAGS=  -O2 -c" "EXTRA_COMPILER_FLAGS=-mcpu=cortex-a9 -mfpu=vfpv3 -mfloat-abi=hard -nostartfiles"
"Compiling cpu_cortexa9"
"Running Make libs in ps7_cortexa9_0/libsrc/ddrps_v1_0/src"
make -C ps7_cortexa9_0/libsrc/ddrps_v1_0/src -s libs  "SHELL=CMD" "COMPILER=arm-none-eabi-gcc" "ARCHIVER=arm-none-eabi-ar" "COMPILER_FLAGS=  -O2 -c" "EXTRA_COMPILER_FLAGS=-mcpu=cortex-a9 -mfpu=vfpv3 -mfloat-abi=hard -nostartfiles"
"Compiling ddrps"
"Running Make libs in ps7_cortexa9_0/libsrc/devcfg_v3_4/src"
make -C ps7_cortexa9_0/libsrc/devcfg_v3_4/src -s libs  "SHELL=CMD" "COMPILER=arm-none-eabi-gcc" "ARCHIVER=arm-none-eabi-ar" "COMPILER_FLAGS=  -O2 -c" "EXTRA_COMPILER_FLAGS=-mcpu=cortex-a9 -mfpu=vfpv3 -mfloat-abi=hard -nostartfiles"
"Compiling devcfg"
"Running Make libs in ps7_cortexa9_0/libsrc/dmaps_v2_2/src"
make -C ps7_cortexa9_0/libsrc/dmaps_v2_2/src -s libs  "SHELL=CMD" "COMPILER=arm-none-eabi-gcc" "ARCHIVER=arm-none-eabi-ar" "COMPILER_FLAGS=  -O2 -c" "EXTRA_COMPILER_FLAGS=-mcpu=cortex-a9 -mfpu=vfpv3 -mfloat-abi=hard -nostartfiles"
"Compiling dmaps"
"Running Make libs in ps7_cortexa9_0/libsrc/emacps_v3_3/src"
make -C ps7_cortexa9_0/libsrc/emacps_v3_3/src -s libs  "SHELL=CMD" "COMPILER=arm-none-eabi-gcc" "ARCHIVER=arm-none-eabi-ar" "COMPILER_FLAGS=  -O2 -c" "EXTRA_COMPILER_FLAGS=-mcpu=cortex-a9 -mfpu=vfpv3 -mfloat-abi=hard -nostartfiles"
"Compiling emacps"
"Running Make libs in ps7_cortexa9_0/libsrc/gpio_v4_2/src"
make -C ps7_cortexa9_0/libsrc/gpio_v4_2/src -s libs  "SHELL=CMD" "COMPILER=arm-none-eabi-gcc" "ARCHIVER=arm-none-eabi-ar" "COMPILER_FLAGS=  -O2 -c" "EXTRA_COMPILER_FLAGS=-mcpu=cortex-a9 -mfpu=vfpv3 -mfloat-abi=hard -nostartfiles"
"Compiling gpio"
"Running Make libs in ps7_cortexa9_0/libsrc/gpiops_v3_1/src"
make -C ps7_cortexa9_0/libsrc/gpiops_v3_1/src -s libs  "SHELL=CMD" "COMPILER=arm-none-eabi-gcc" "ARCHIVER=arm-none-eabi-ar" "COMPILER_FLAGS=  -O2 -c" "EXTRA_COMPILER_FLAGS=-mcpu=cortex-a9 -mfpu=vfpv3 -mfloat-abi=hard -nostartfiles"
"Compiling gpiops"
"Running Make libs in ps7_cortexa9_0/libsrc/lwip141_v1_6/src"
make -C ps7_cortexa9_0/libsrc/lwip141_v1_6/src -s libs  "SHELL=CMD" "COMPILER=arm-none-eabi-gcc" "ARCHIVER=arm-none-eabi-ar" "COMPILER_FLAGS=  -O2 -c" "EXTRA_COMPILER_FLAGS=-mcpu=cortex-a9 -mfpu=vfpv3 -mfloat-abi=hard -nostartfiles"
"Compiling lwip src and adapter files"
process_begin: CreateProcess(NULL, arm-xilinx-eabi-gcc -O2 -c -DPROCESSOR_LITTLE_ENDIAN -mcpu=cortex-a9 -mfpu=vfpv3 -mfloat-abi=hard -nostartfiles -I../../../include -Ilwip-1.4.1/src/include -Ilwip-1.4.1/src/include/ipv4 -Icontrib/ports/xilinx/include -c lwip-1.4.1/src/core/init.c -o init.o, ...) failed.
make (e=2): The system cannot find the file specified.

make[1]: *** [init.o] Error 2
process_begin: CreateProcess(NULL, arm-xilinx-eabi-gcc -O2 -c -DPROCESSOR_LITTLE_ENDIAN -mcpu=cortex-a9 -mfpu=vfpv3 -mfloat-abi=hard -nostartfiles -I../../../include -Ilwip-1.4.1/src/include -Ilwip-1.4.1/src/include/ipv4 -Icontrib/ports/xilinx/include -c lwip-1.4.1/src/core/mem.c -o mem.o, ...) failed.
make (e=2): The system cannot find the file specified.

make[1]: *** [mem.o] Error 2
process_begin: CreateProcess(NULL, arm-xilinx-eabi-gcc -O2 -c -DPROCESSOR_LITTLE_ENDIAN -mcpu=cortex-a9 -mfpu=vfpv3 -mfloat-abi=hard -nostartfiles -I../../../include -Ilwip-1.4.1/src/include -Ilwip-1.4.1/src/include/ipv4 -Icontrib/ports/xilinx/include -c lwip-1.4.1/src/core/memp.c -o memp.o, ...) failed.
make (e=2): The system cannot find the file specified.

make[1]: *** [memp.o] Error 2
process_begin: CreateProcess(NULL, arm-xilinx-eabi-gcc -O2 -c -DPROCESSOR_LITTLE_ENDIAN -mcpu=cortex-a9 -mfpu=vfpv3 -mfloat-abi=hard -nostartfiles -I../../../include -Ilwip-1.4.1/src/include -Ilwip-1.4.1/src/include/ipv4 -Icontrib/ports/xilinx/include -c lwip-1.4.1/src/core/netif.c -o netif.o, ...) failed.
make (e=2): The system cannot find the file specified.

make[1]: *** [netif.o] Error 2
process_begin: CreateProcess(NULL, arm-xilinx-eabi-gcc -O2 -c -DPROCESSOR_LITTLE_ENDIAN -mcpu=cortex-a9 -mfpu=vfpv3 -mfloat-abi=hard -nostartfiles -I../../../include -Ilwip-1.4.1/src/include -Ilwip-1.4.1/src/include/ipv4 -Icontrib/ports/xilinx/include -c lwip-1.4.1/src/core/pbuf.c -o pbuf.o, ...) failed.
make (e=2): The system cannot find the file specified.

make[1]: *** [pbuf.o] Error 2
process_begin: CreateProcess(NULL, arm-xilinx-eabi-gcc -O2 -c -DPROCESSOR_LITTLE_ENDIAN -mcpu=cortex-a9 -mfpu=vfpv3 -mfloat-abi=hard -nostartfiles -I../../../include -Ilwip-1.4.1/src/include -Ilwip-1.4.1/src/include/ipv4 -Icontrib/ports/xilinx/include -c lwip-1.4.1/src/core/raw.c -o raw.o, ...) failed.
make (e=2): The system cannot find the file specified.

make[1]: *** [raw.o] Error 2
process_begin: CreateProcess(NULL, arm-xilinx-eabi-gcc -O2 -c -DPROCESSOR_LITTLE_ENDIAN -mcpu=cortex-a9 -mfpu=vfpv3 -mfloat-abi=hard -nostartfiles -I../../../include -Ilwip-1.4.1/src/include -Ilwip-1.4.1/src/include/ipv4 -Icontrib/ports/xilinx/include -c lwip-1.4.1/src/core/stats.c -o stats.o, ...) failed.
make (e=2): The system cannot find the file specified.

make[1]: *** [stats.o] Error 2
process_begin: CreateProcess(NULL, arm-xilinx-eabi-gcc -O2 -c -DPROCESSOR_LITTLE_ENDIAN -mcpu=cortex-a9 -mfpu=vfpv3 -mfloat-abi=hard -nostartfiles -I../../../include -Ilwip-1.4.1/src/include -Ilwip-1.4.1/src/include/ipv4 -Icontrib/ports/xilinx/include -c lwip-1.4.1/src/core/def.c -o def.o, ...) failed.
make (e=2): The system cannot find the file specified.

make[1]: *** [def.o] Error 2
process_begin: CreateProcess(NULL, arm-xilinx-eabi-gcc -O2 -c -DPROCESSOR_LITTLE_ENDIAN -mcpu=cortex-a9 -mfpu=vfpv3 -mfloat-abi=hard -nostartfiles -I../../../include -Ilwip-1.4.1/src/include -Ilwip-1.4.1/src/include/ipv4 -Icontrib/ports/xilinx/include -c lwip-1.4.1/src/core/timers.c -o timers.o, ...) failed.
make (e=2): The system cannot find the file specified.

make[1]: *** [timers.o] Error 2
process_begin: CreateProcess(NULL, arm-xilinx-eabi-gcc -O2 -c -DPROCESSOR_LITTLE_ENDIAN -mcpu=cortex-a9 -mfpu=vfpv3 -mfloat-abi=hard -nostartfiles -I../../../include -Ilwip-1.4.1/src/include -Ilwip-1.4.1/src/include/ipv4 -Icontrib/ports/xilinx/include -c lwip-1.4.1/src/core/sys.c -o sys.o, ...) failed.
make (e=2): The system cannot find the file specified.

make[1]: *** [sys.o] Error 2
process_begin: CreateProcess(NULL, arm-xilinx-eabi-gcc -O2 -c -DPROCESSOR_LITTLE_ENDIAN -mcpu=cortex-a9 -mfpu=vfpv3 -mfloat-abi=hard -nostartfiles -I../../../include -Ilwip-1.4.1/src/include -Ilwip-1.4.1/src/include/ipv4 -Icontrib/ports/xilinx/include -c lwip-1.4.1/src/netif/etharp.c -o etharp.o, ...) failed.
make (e=2): The system cannot find the file specified.

make[1]: *** [etharp.o] Error 2
process_begin: CreateProcess(NULL, arm-xilinx-eabi-gcc -O2 -c -DPROCESSOR_LITTLE_ENDIAN -mcpu=cortex-a9 -mfpu=vfpv3 -mfloat-abi=hard -nostartfiles -I../../../include -Ilwip-1.4.1/src/include -Ilwip-1.4.1/src/include/ipv4 -Icontrib/ports/xilinx/include -c lwip-1.4.1/src/core/ipv4/ip_addr.c -o ip_addr.o, ...) failed.
make (e=2): The system cannot find the file specified.

make[1]: *** [ip_addr.o] Error 2
process_begin: CreateProcess(NULL, arm-xilinx-eabi-gcc -O2 -c -DPROCESSOR_LITTLE_ENDIAN -mcpu=cortex-a9 -mfpu=vfpv3 -mfloat-abi=hard -nostartfiles -I../../../include -Ilwip-1.4.1/src/include -Ilwip-1.4.1/src/include/ipv4 -Icontrib/ports/xilinx/include -c lwip-1.4.1/src/core/ipv4/icmp.c -o icmp.o, ...) failed.
make (e=2): The system cannot find the file specified.

make[1]: *** [icmp.o] Error 2
process_begin: CreateProcess(NULL, arm-xilinx-eabi-gcc -O2 -c -DPROCESSOR_LITTLE_ENDIAN -mcpu=cortex-a9 -mfpu=vfpv3 -mfloat-abi=hard -nostartfiles -I../../../include -Ilwip-1.4.1/src/include -Ilwip-1.4.1/src/include/ipv4 -Icontrib/ports/xilinx/include -c lwip-1.4.1/src/core/ipv4/igmp.c -o igmp.o, ...) failed.
make (e=2): The system cannot find the file specified.

make[1]: *** [igmp.o] Error 2
process_begin: CreateProcess(NULL, arm-xilinx-eabi-gcc -O2 -c -DPROCESSOR_LITTLE_ENDIAN -mcpu=cortex-a9 -mfpu=vfpv3 -mfloat-abi=hard -nostartfiles -I../../../include -Ilwip-1.4.1/src/include -Ilwip-1.4.1/src/include/ipv4 -Icontrib/ports/xilinx/include -c lwip-1.4.1/src/core/ipv4/inet.c -o inet.o, ...) failed.
make (e=2): The system cannot find the file specified.

make[1]: *** [inet.o] Error 2
process_begin: CreateProcess(NULL, arm-xilinx-eabi-gcc -O2 -c -DPROCESSOR_LITTLE_ENDIAN -mcpu=cortex-a9 -mfpu=vfpv3 -mfloat-abi=hard -nostartfiles -I../../../include -Ilwip-1.4.1/src/include -Ilwip-1.4.1/src/include/ipv4 -Icontrib/ports/xilinx/include -c lwip-1.4.1/src/core/ipv4/inet_chksum.c -o inet_chksum.o, ...) failed.
make (e=2): The system cannot find the file specified.

make[1]: *** [inet_chksum.o] Error 2
process_begin: CreateProcess(NULL, arm-xilinx-eabi-gcc -O2 -c -DPROCESSOR_LITTLE_ENDIAN -mcpu=cortex-a9 -mfpu=vfpv3 -mfloat-abi=hard -nostartfiles -I../../../include -Ilwip-1.4.1/src/include -Ilwip-1.4.1/src/include/ipv4 -Icontrib/ports/xilinx/include -c lwip-1.4.1/src/core/ipv4/ip.c -o ip.o, ...) failed.
make (e=2): The system cannot find the file specified.

make[1]: *** [ip.o] Error 2
process_begin: CreateProcess(NULL, arm-xilinx-eabi-gcc -O2 -c -DPROCESSOR_LITTLE_ENDIAN -mcpu=cortex-a9 -mfpu=vfpv3 -mfloat-abi=hard -nostartfiles -I../../../include -Ilwip-1.4.1/src/include -Ilwip-1.4.1/src/include/ipv4 -Icontrib/ports/xilinx/include -c lwip-1.4.1/src/core/ipv4/ip_frag.c -o ip_frag.o, ...) failed.
make (e=2): The system cannot find the file specified.

make[1]: *** [ip_frag.o] Error 2
process_begin: CreateProcess(NULL, arm-xilinx-eabi-gcc -O2 -c -DPROCESSOR_LITTLE_ENDIAN -mcpu=cortex-a9 -mfpu=vfpv3 -mfloat-abi=hard -nostartfiles -I../../../include -Ilwip-1.4.1/src/include -Ilwip-1.4.1/src/include/ipv4 -Icontrib/ports/xilinx/include -c lwip-1.4.1/src/core/tcp.c -o tcp.o, ...) failed.
make (e=2): The system cannot find the file specified.

make[1]: *** [tcp.o] Error 2
process_begin: CreateProcess(NULL, arm-xilinx-eabi-gcc -O2 -c -DPROCESSOR_LITTLE_ENDIAN -mcpu=cortex-a9 -mfpu=vfpv3 -mfloat-abi=hard -nostartfiles -I../../../include -Ilwip-1.4.1/src/include -Ilwip-1.4.1/src/include/ipv4 -Icontrib/ports/xilinx/include -c lwip-1.4.1/src/core/tcp_in.c -o tcp_in.o, ...) failed.
make (e=2): The system cannot find the file specified.

make[1]: *** [tcp_in.o] Error 2
process_begin: CreateProcess(NULL, arm-xilinx-eabi-gcc -O2 -c -DPROCESSOR_LITTLE_ENDIAN -mcpu=cortex-a9 -mfpu=vfpv3 -mfloat-abi=hard -nostartfiles -I../../../include -Ilwip-1.4.1/src/include -Ilwip-1.4.1/src/include/ipv4 -Icontrib/ports/xilinx/include -c lwip-1.4.1/src/core/tcp_out.c -o tcp_out.o, ...) failed.
make (e=2): The system cannot find the file specified.

make[1]: *** [tcp_out.o] Error 2
process_begin: CreateProcess(NULL, arm-xilinx-eabi-gcc -O2 -c -DPROCESSOR_LITTLE_ENDIAN -mcpu=cortex-a9 -mfpu=vfpv3 -mfloat-abi=hard -nostartfiles -I../../../include -Ilwip-1.4.1/src/include -Ilwip-1.4.1/src/include/ipv4 -Icontrib/ports/xilinx/include -c lwip-1.4.1/src/core/udp.c -o udp.o, ...) failed.
make (e=2): The system cannot find the file specified.

make[1]: *** [udp.o] Error 2
process_begin: CreateProcess(NULL, arm-xilinx-eabi-gcc -O2 -c -DPROCESSOR_LITTLE_ENDIAN -mcpu=cortex-a9 -mfpu=vfpv3 -mfloat-abi=hard -nostartfiles -I../../../include -Ilwip-1.4.1/src/include -Ilwip-1.4.1/src/include/ipv4 -Icontrib/ports/xilinx/include -c lwip-1.4.1/src/core/dhcp.c -o dhcp.o, ...) failed.
make (e=2): The system cannot find the file specified.

make[1]: *** [dhcp.o] Error 2
process_begin: CreateProcess(NULL, arm-xilinx-eabi-gcc -O2 -c -DPROCESSOR_LITTLE_ENDIAN -mcpu=cortex-a9 -mfpu=vfpv3 -mfloat-abi=hard -nostartfiles -I../../../include -Ilwip-1.4.1/src/include -Ilwip-1.4.1/src/include/ipv4 -Icontrib/ports/xilinx/include -c contrib/ports/xilinx/sys_arch_raw.c -o sys_arch_raw.o, ...) failed.
make (e=2): The system cannot find the file specified.

make[1]: *** [sys_arch_raw.o] Error 2
process_begin: CreateProcess(NULL, arm-xilinx-eabi-gcc -O2 -c -DPROCESSOR_LITTLE_ENDIAN -mcpu=cortex-a9 -mfpu=vfpv3 -mfloat-abi=hard -nostartfiles -I../../../include -Ilwip-1.4.1/src/include -Ilwip-1.4.1/src/include/ipv4 -Icontrib/ports/xilinx/include -c contrib/ports/xilinx/netif/xpqueue.c -o xpqueue.o, ...) failed.
make (e=2): The system cannot find the file specified.

make[1]: *** [xpqueue.o] Error 2
process_begin: CreateProcess(NULL, arm-xilinx-eabi-gcc -O2 -c -DPROCESSOR_LITTLE_ENDIAN -mcpu=cortex-a9 -mfpu=vfpv3 -mfloat-abi=hard -nostartfiles -I../../../include -Ilwip-1.4.1/src/include -Ilwip-1.4.1/src/include/ipv4 -Icontrib/ports/xilinx/include -c contrib/ports/xilinx/netif/xadapter.c -o xadapter.o, ...) failed.
make (e=2): The system cannot find the file specified.

make[1]: *** [xadapter.o] Error 2
process_begin: CreateProcess(NULL, arm-xilinx-eabi-gcc -O2 -c -DPROCESSOR_LITTLE_ENDIAN -mcpu=cortex-a9 -mfpu=vfpv3 -mfloat-abi=hard -nostartfiles -I../../../include -Ilwip-1.4.1/src/include -Ilwip-1.4.1/src/include/ipv4 -Icontrib/ports/xilinx/include -c contrib/ports/xilinx/netif/xtopology_g.c -o xtopology_g.o, ...) failed.
make (e=2): The system cannot find the file specified.

make[1]: *** [xtopology_g.o] Error 2
process_begin: CreateProcess(NULL, arm-xilinx-eabi-gcc -O2 -c -DPROCESSOR_LITTLE_ENDIAN -mcpu=cortex-a9 -mfpu=vfpv3 -mfloat-abi=hard -nostartfiles -I../../../include -Ilwip-1.4.1/src/include -Ilwip-1.4.1/src/include/ipv4 -Icontrib/ports/xilinx/include -c contrib/ports/xilinx/netif/xemacpsif_hw.c -o xemacpsif_hw.o, ...) failed.
make (e=2): The system cannot find the file specified.

make[1]: *** [xemacpsif_hw.o] Error 2
process_begin: CreateProcess(NULL, arm-xilinx-eabi-gcc -O2 -c -DPROCESSOR_LITTLE_ENDIAN -mcpu=cortex-a9 -mfpu=vfpv3 -mfloat-abi=hard -nostartfiles -I../../../include -Ilwip-1.4.1/src/include -Ilwip-1.4.1/src/include/ipv4 -Icontrib/ports/xilinx/include -c contrib/ports/xilinx/netif/xemacpsif_physpeed.c -o xemacpsif_physpeed.o, ...) failed.
make (e=2): The system cannot find the file specified.

make[1]: *** [xemacpsif_physpeed.o] Error 2
process_begin: CreateProcess(NULL, arm-xilinx-eabi-gcc -O2 -c -DPROCESSOR_LITTLE_ENDIAN -mcpu=cortex-a9 -mfpu=vfpv3 -mfloat-abi=hard -nostartfiles -I../../../include -Ilwip-1.4.1/src/include -Ilwip-1.4.1/src/include/ipv4 -Icontrib/ports/xilinx/include -c contrib/ports/xilinx/netif/xemacpsif.c -o xemacpsif.o, ...) failed.
make (e=2): The system cannot find the file specified.

make[1]: *** [xemacpsif.o] Error 2
process_begin: CreateProcess(NULL, arm-xilinx-eabi-gcc -O2 -c -DPROCESSOR_LITTLE_ENDIAN -mcpu=cortex-a9 -mfpu=vfpv3 -mfloat-abi=hard -nostartfiles -I../../../include -Ilwip-1.4.1/src/include -Ilwip-1.4.1/src/include/ipv4 -Icontrib/ports/xilinx/include -c contrib/ports/xilinx/netif/xemacpsif_dma.c -o xemacpsif_dma.o, ...) failed.
make (e=2): The system cannot find the file specified.

make[1]: *** [xemacpsif_dma.o] Error 2
make[1]: Target `libs' not remade because of errors.
make: *** [ps7_cortexa9_0/libsrc/lwip141_v1_6/src/make.libs] Error 2
"Running Make libs in ps7_cortexa9_0/libsrc/qspips_v3_3/src"
make -C ps7_cortexa9_0/libsrc/qspips_v3_3/src -s libs  "SHELL=CMD" "COMPILER=arm-none-eabi-gcc" "ARCHIVER=arm-none-eabi-ar" "COMPILER_FLAGS=  -O2 -c" "EXTRA_COMPILER_FLAGS=-mcpu=cortex-a9 -mfpu=vfpv3 -mfloat-abi=hard -nostartfiles"
"Compiling qspips"
"Running Make libs in ps7_cortexa9_0/libsrc/scugic_v3_4/src"
make -C ps7_cortexa9_0/libsrc/scugic_v3_4/src -s libs  "SHELL=CMD" "COMPILER=arm-none-eabi-gcc" "ARCHIVER=arm-none-eabi-ar" "COMPILER_FLAGS=  -O2 -c" "EXTRA_COMPILER_FLAGS=-mcpu=cortex-a9 -mfpu=vfpv3 -mfloat-abi=hard -nostartfiles"
"Compiling scugic"
"Running Make libs in ps7_cortexa9_0/libsrc/scutimer_v2_1/src"
make -C ps7_cortexa9_0/libsrc/scutimer_v2_1/src -s libs  "SHELL=CMD" "COMPILER=arm-none-eabi-gcc" "ARCHIVER=arm-none-eabi-ar" "COMPILER_FLAGS=  -O2 -c" "EXTRA_COMPILER_FLAGS=-mcpu=cortex-a9 -mfpu=vfpv3 -mfloat-abi=hard -nostartfiles"
"Compiling scutimer"
"Running Make libs in ps7_cortexa9_0/libsrc/scuwdt_v2_1/src"
make -C ps7_cortexa9_0/libsrc/scuwdt_v2_1/src -s libs  "SHELL=CMD" "COMPILER=arm-none-eabi-gcc" "ARCHIVER=arm-none-eabi-ar" "COMPILER_FLAGS=  -O2 -c" "EXTRA_COMPILER_FLAGS=-mcpu=cortex-a9 -mfpu=vfpv3 -mfloat-abi=hard -nostartfiles"
"Compiling scuwdt"
"Running Make libs in ps7_cortexa9_0/libsrc/sdps_v3_0/src"
make -C ps7_cortexa9_0/libsrc/sdps_v3_0/src -s libs  "SHELL=CMD" "COMPILER=arm-none-eabi-gcc" "ARCHIVER=arm-none-eabi-ar" "COMPILER_FLAGS=  -O2 -c" "EXTRA_COMPILER_FLAGS=-mcpu=cortex-a9 -mfpu=vfpv3 -mfloat-abi=hard -nostartfiles"
"Compiling sdps"
"Running Make libs in ps7_cortexa9_0/libsrc/Sine_v1_0/src"
make -C ps7_cortexa9_0/libsrc/Sine_v1_0/src -s libs  "SHELL=CMD" "COMPILER=arm-none-eabi-gcc" "ARCHIVER=arm-none-eabi-ar" "COMPILER_FLAGS=  -O2 -c" "EXTRA_COMPILER_FLAGS=-mcpu=cortex-a9 -mfpu=vfpv3 -mfloat-abi=hard -nostartfiles"
"Compiling Sine..."
"Running Make libs in ps7_cortexa9_0/libsrc/standalone_v6_0/src"
make -C ps7_cortexa9_0/libsrc/standalone_v6_0/src -s libs  "SHELL=CMD" "COMPILER=arm-none-eabi-gcc" "ARCHIVER=arm-none-eabi-ar" "COMPILER_FLAGS=  -O2 -c" "EXTRA_COMPILER_FLAGS=-mcpu=cortex-a9 -mfpu=vfpv3 -mfloat-abi=hard -nostartfiles"
"Compiling standalone"
"Running Make libs in ps7_cortexa9_0/libsrc/ttcps_v3_1/src"
make -C ps7_cortexa9_0/libsrc/ttcps_v3_1/src -s libs  "SHELL=CMD" "COMPILER=arm-none-eabi-gcc" "ARCHIVER=arm-none-eabi-ar" "COMPILER_FLAGS=  -O2 -c" "EXTRA_COMPILER_FLAGS=-mcpu=cortex-a9 -mfpu=vfpv3 -mfloat-abi=hard -nostartfiles"
"Compiling ttcps"
"Running Make libs in ps7_cortexa9_0/libsrc/uartps_v3_2/src"
make -C ps7_cortexa9_0/libsrc/uartps_v3_2/src -s libs  "SHELL=CMD" "COMPILER=arm-none-eabi-gcc" "ARCHIVER=arm-none-eabi-ar" "COMPILER_FLAGS=  -O2 -c" "EXTRA_COMPILER_FLAGS=-mcpu=cortex-a9 -mfpu=vfpv3 -mfloat-abi=hard -nostartfiles"
"Compiling uartps"
"Running Make libs in ps7_cortexa9_0/libsrc/usbps_v2_4/src"
make -C ps7_cortexa9_0/libsrc/usbps_v2_4/src -s libs  "SHELL=CMD" "COMPILER=arm-none-eabi-gcc" "ARCHIVER=arm-none-eabi-ar" "COMPILER_FLAGS=  -O2 -c" "EXTRA_COMPILER_FLAGS=-mcpu=cortex-a9 -mfpu=vfpv3 -mfloat-abi=hard -nostartfiles"
"Compiling usbps"
"Running Make libs in ps7_cortexa9_0/libsrc/wdtps_v3_0/src"
make -C ps7_cortexa9_0/libsrc/wdtps_v3_0/src -s libs  "SHELL=CMD" "COMPILER=arm-none-eabi-gcc" "ARCHIVER=arm-none-eabi-ar" "COMPILER_FLAGS=  -O2 -c" "EXTRA_COMPILER_FLAGS=-mcpu=cortex-a9 -mfpu=vfpv3 -mfloat-abi=hard -nostartfiles"
"Compiling wdtps"
"Running Make libs in ps7_cortexa9_0/libsrc/xadcps_v2_2/src"
make -C ps7_cortexa9_0/libsrc/xadcps_v2_2/src -s libs  "SHELL=CMD" "COMPILER=arm-none-eabi-gcc" "ARCHIVER=arm-none-eabi-ar" "COMPILER_FLAGS=  -O2 -c" "EXTRA_COMPILER_FLAGS=-mcpu=cortex-a9 -mfpu=vfpv3 -mfloat-abi=hard -nostartfiles"
"Compiling xadcps"
"Running Make libs in ps7_cortexa9_0/libsrc/xilmfs_v2_1/src"
make -C ps7_cortexa9_0/libsrc/xilmfs_v2_1/src -s libs  "SHELL=CMD" "COMPILER=arm-none-eabi-gcc" "ARCHIVER=arm-none-eabi-ar" "COMPILER_FLAGS=  -O2 -c" "EXTRA_COMPILER_FLAGS=-mcpu=cortex-a9 -mfpu=vfpv3 -mfloat-abi=hard -nostartfiles"
mfs_filesys_util.c: In function 'mfs_ls_r':
mfs_filesys_util.c:75:2: warning: implicit declaration of function 'print' [-Wimplicit-function-declaration]
  print("Directory ");
  ^
mfs_filesys_util.c:78:2: warning: implicit declaration of function 'putnum' [-Wimplicit-function-declaration]
  putnum(entry_size);
  ^
make: Target `all' not remade because of errors.

00:32:05 Build Finished (took 24s.579ms)

