
*** Running vivado
    with args -log zed_audio_axi_gpio_0_0.vds -m64 -product Vivado -mode batch -messageDb vivado.pb -notrace -source zed_audio_axi_gpio_0_0.tcl



****** Vivado v2016.3_sdx (64-bit)
  **** SW Build 1721784 on Tue Nov 29 22:12:44 MST 2016
  **** IP Build 1720686 on Mon Nov 28 12:39:17 MST 2016
    ** Copyright 1986-2016 Xilinx, Inc. All Rights Reserved.

Sourcing tcl script 'C:/Xilinx/SDx/2016.3/Vivado/scripts/init.tcl'
16 Beta devices matching pattern found, 16 enabled.
Loaded SDSoC Platform Tcl Library
source zed_audio_axi_gpio_0_0.tcl -notrace
Starting RTL Elaboration : Time (s): cpu = 00:00:10 ; elapsed = 00:00:15 . Memory (MB): peak = 350.281 ; gain = 140.965
INFO: [Synth 8-638] synthesizing module 'zed_audio_axi_gpio_0_0' [c:/Sim/2016_3_zed_source/lab7/zed_audio/hw/vivado/zed_audio.srcs/sources_1/bd/zed_audio/ip/zed_audio_axi_gpio_0_0/synth/zed_audio_axi_gpio_0_0.vhd:89]
INFO: [Synth 8-638] synthesizing module 'axi_gpio' [c:/Sim/2016_3_zed_source/lab7/zed_audio/hw/vivado/zed_audio.srcs/sources_1/bd/zed_audio/ipshared/475c/hdl/axi_gpio_v2_0_vh_rfs.vhd:1091]
INFO: [Synth 8-638] synthesizing module 'axi_lite_ipif' [c:/Sim/2016_3_zed_source/lab7/zed_audio/hw/vivado/zed_audio.srcs/sources_1/bd/zed_audio/ipshared/0ba0/hdl/axi_lite_ipif_v3_0_vh_rfs.vhd:2948]
INFO: [Synth 8-638] synthesizing module 'slave_attachment' [c:/Sim/2016_3_zed_source/lab7/zed_audio/hw/vivado/zed_audio.srcs/sources_1/bd/zed_audio/ipshared/0ba0/hdl/axi_lite_ipif_v3_0_vh_rfs.vhd:2341]
INFO: [Synth 8-638] synthesizing module 'address_decoder' [c:/Sim/2016_3_zed_source/lab7/zed_audio/hw/vivado/zed_audio.srcs/sources_1/bd/zed_audio/ipshared/0ba0/hdl/axi_lite_ipif_v3_0_vh_rfs.vhd:1775]
INFO: [Synth 8-638] synthesizing module 'pselect_f' [c:/Sim/2016_3_zed_source/lab7/zed_audio/hw/vivado/zed_audio.srcs/sources_1/bd/zed_audio/ipshared/0ba0/hdl/axi_lite_ipif_v3_0_vh_rfs.vhd:1534]
INFO: [Synth 8-256] done synthesizing module 'pselect_f' (1#1) [c:/Sim/2016_3_zed_source/lab7/zed_audio/hw/vivado/zed_audio.srcs/sources_1/bd/zed_audio/ipshared/0ba0/hdl/axi_lite_ipif_v3_0_vh_rfs.vhd:1534]
INFO: [Synth 8-638] synthesizing module 'pselect_f__parameterized0' [c:/Sim/2016_3_zed_source/lab7/zed_audio/hw/vivado/zed_audio.srcs/sources_1/bd/zed_audio/ipshared/0ba0/hdl/axi_lite_ipif_v3_0_vh_rfs.vhd:1534]
INFO: [Synth 8-256] done synthesizing module 'pselect_f__parameterized0' (1#1) [c:/Sim/2016_3_zed_source/lab7/zed_audio/hw/vivado/zed_audio.srcs/sources_1/bd/zed_audio/ipshared/0ba0/hdl/axi_lite_ipif_v3_0_vh_rfs.vhd:1534]
INFO: [Synth 8-638] synthesizing module 'pselect_f__parameterized1' [c:/Sim/2016_3_zed_source/lab7/zed_audio/hw/vivado/zed_audio.srcs/sources_1/bd/zed_audio/ipshared/0ba0/hdl/axi_lite_ipif_v3_0_vh_rfs.vhd:1534]
INFO: [Synth 8-256] done synthesizing module 'pselect_f__parameterized1' (1#1) [c:/Sim/2016_3_zed_source/lab7/zed_audio/hw/vivado/zed_audio.srcs/sources_1/bd/zed_audio/ipshared/0ba0/hdl/axi_lite_ipif_v3_0_vh_rfs.vhd:1534]
INFO: [Synth 8-638] synthesizing module 'pselect_f__parameterized2' [c:/Sim/2016_3_zed_source/lab7/zed_audio/hw/vivado/zed_audio.srcs/sources_1/bd/zed_audio/ipshared/0ba0/hdl/axi_lite_ipif_v3_0_vh_rfs.vhd:1534]
INFO: [Synth 8-256] done synthesizing module 'pselect_f__parameterized2' (1#1) [c:/Sim/2016_3_zed_source/lab7/zed_audio/hw/vivado/zed_audio.srcs/sources_1/bd/zed_audio/ipshared/0ba0/hdl/axi_lite_ipif_v3_0_vh_rfs.vhd:1534]
INFO: [Synth 8-256] done synthesizing module 'address_decoder' (2#1) [c:/Sim/2016_3_zed_source/lab7/zed_audio/hw/vivado/zed_audio.srcs/sources_1/bd/zed_audio/ipshared/0ba0/hdl/axi_lite_ipif_v3_0_vh_rfs.vhd:1775]
INFO: [Synth 8-256] done synthesizing module 'slave_attachment' (3#1) [c:/Sim/2016_3_zed_source/lab7/zed_audio/hw/vivado/zed_audio.srcs/sources_1/bd/zed_audio/ipshared/0ba0/hdl/axi_lite_ipif_v3_0_vh_rfs.vhd:2341]
INFO: [Synth 8-256] done synthesizing module 'axi_lite_ipif' (4#1) [c:/Sim/2016_3_zed_source/lab7/zed_audio/hw/vivado/zed_audio.srcs/sources_1/bd/zed_audio/ipshared/0ba0/hdl/axi_lite_ipif_v3_0_vh_rfs.vhd:2948]
INFO: [Synth 8-638] synthesizing module 'GPIO_Core' [c:/Sim/2016_3_zed_source/lab7/zed_audio/hw/vivado/zed_audio.srcs/sources_1/bd/zed_audio/ipshared/475c/hdl/axi_gpio_v2_0_vh_rfs.vhd:173]
INFO: [Synth 8-638] synthesizing module 'cdc_sync' [c:/Sim/2016_3_zed_source/lab7/zed_audio/hw/vivado/zed_audio.srcs/sources_1/bd/zed_audio/ipshared/52cb/hdl/lib_cdc_v1_0_rfs.vhd:106]
INFO: [Synth 8-256] done synthesizing module 'cdc_sync' (5#1) [c:/Sim/2016_3_zed_source/lab7/zed_audio/hw/vivado/zed_audio.srcs/sources_1/bd/zed_audio/ipshared/52cb/hdl/lib_cdc_v1_0_rfs.vhd:106]
INFO: [Synth 8-256] done synthesizing module 'GPIO_Core' (6#1) [c:/Sim/2016_3_zed_source/lab7/zed_audio/hw/vivado/zed_audio.srcs/sources_1/bd/zed_audio/ipshared/475c/hdl/axi_gpio_v2_0_vh_rfs.vhd:173]
INFO: [Synth 8-256] done synthesizing module 'axi_gpio' (7#1) [c:/Sim/2016_3_zed_source/lab7/zed_audio/hw/vivado/zed_audio.srcs/sources_1/bd/zed_audio/ipshared/475c/hdl/axi_gpio_v2_0_vh_rfs.vhd:1091]
INFO: [Synth 8-256] done synthesizing module 'zed_audio_axi_gpio_0_0' (8#1) [c:/Sim/2016_3_zed_source/lab7/zed_audio/hw/vivado/zed_audio.srcs/sources_1/bd/zed_audio/ip/zed_audio_axi_gpio_0_0/synth/zed_audio_axi_gpio_0_0.vhd:89]
Finished RTL Elaboration : Time (s): cpu = 00:00:11 ; elapsed = 00:00:16 . Memory (MB): peak = 389.574 ; gain = 180.258
Finished RTL Optimization Phase 1 : Time (s): cpu = 00:00:11 ; elapsed = 00:00:16 . Memory (MB): peak = 389.574 ; gain = 180.258
INFO: [Device 21-403] Loading part xc7z020clg484-1
Constraint Validation Runtime : Time (s): cpu = 00:00:00 ; elapsed = 00:00:00.027 . Memory (MB): peak = 708.832 ; gain = 0.027
Finished Constraint Validation : Time (s): cpu = 00:00:22 ; elapsed = 00:00:28 . Memory (MB): peak = 708.832 ; gain = 499.516
Finished Loading Part and Timing Information : Time (s): cpu = 00:00:22 ; elapsed = 00:00:28 . Memory (MB): peak = 708.832 ; gain = 499.516
Finished applying 'set_property' XDC Constraints : Time (s): cpu = 00:00:22 ; elapsed = 00:00:28 . Memory (MB): peak = 708.832 ; gain = 499.516
Finished RTL Optimization Phase 2 : Time (s): cpu = 00:00:23 ; elapsed = 00:00:28 . Memory (MB): peak = 708.832 ; gain = 499.516
Finished Cross Boundary and Area Optimization : Time (s): cpu = 00:00:23 ; elapsed = 00:00:29 . Memory (MB): peak = 708.832 ; gain = 499.516
Finished Applying XDC Timing Constraints : Time (s): cpu = 00:00:35 ; elapsed = 00:00:41 . Memory (MB): peak = 708.832 ; gain = 499.516
Finished Timing Optimization : Time (s): cpu = 00:00:36 ; elapsed = 00:00:41 . Memory (MB): peak = 708.832 ; gain = 499.516
Finished Technology Mapping : Time (s): cpu = 00:00:36 ; elapsed = 00:00:41 . Memory (MB): peak = 708.832 ; gain = 499.516
Finished IO Insertion : Time (s): cpu = 00:00:36 ; elapsed = 00:00:42 . Memory (MB): peak = 708.832 ; gain = 499.516
Finished Renaming Generated Instances : Time (s): cpu = 00:00:36 ; elapsed = 00:00:42 . Memory (MB): peak = 708.832 ; gain = 499.516
Finished Rebuilding User Hierarchy : Time (s): cpu = 00:00:36 ; elapsed = 00:00:42 . Memory (MB): peak = 708.832 ; gain = 499.516
Finished Renaming Generated Ports : Time (s): cpu = 00:00:36 ; elapsed = 00:00:42 . Memory (MB): peak = 708.832 ; gain = 499.516
Finished Handling Custom Attributes : Time (s): cpu = 00:00:36 ; elapsed = 00:00:42 . Memory (MB): peak = 708.832 ; gain = 499.516
Finished Renaming Generated Nets : Time (s): cpu = 00:00:36 ; elapsed = 00:00:42 . Memory (MB): peak = 708.832 ; gain = 499.516

Report Cell Usage: 
+------+-----+------+
|      |Cell |Count |
+------+-----+------+
|1     |LUT1 |     2|
|2     |LUT2 |     5|
|3     |LUT3 |     5|
|4     |LUT4 |     5|
|5     |LUT5 |     9|
|6     |LUT6 |    19|
|7     |FDR  |    16|
|8     |FDRE |    37|
|9     |FDSE |     4|
+------+-----+------+
Finished Writing Synthesis Report : Time (s): cpu = 00:00:36 ; elapsed = 00:00:42 . Memory (MB): peak = 708.832 ; gain = 499.516
synth_design: Time (s): cpu = 00:00:32 ; elapsed = 00:00:33 . Memory (MB): peak = 708.832 ; gain = 436.473
