
*** Running vivado
    with args -log zed_audio_auto_pc_0.vds -m64 -product Vivado -mode batch -messageDb vivado.pb -notrace -source zed_audio_auto_pc_0.tcl



****** Vivado v2016.3_sdx (64-bit)
  **** SW Build 1721784 on Tue Nov 29 22:12:44 MST 2016
  **** IP Build 1720686 on Mon Nov 28 12:39:17 MST 2016
    ** Copyright 1986-2016 Xilinx, Inc. All Rights Reserved.

Sourcing tcl script 'C:/Xilinx/SDx/2016.3/Vivado/scripts/init.tcl'
16 Beta devices matching pattern found, 16 enabled.
Loaded SDSoC Platform Tcl Library
source zed_audio_auto_pc_0.tcl -notrace
Starting RTL Elaboration : Time (s): cpu = 00:00:12 ; elapsed = 00:00:15 . Memory (MB): peak = 348.000 ; gain = 137.941
INFO: [Synth 8-638] synthesizing module 'zed_audio_auto_pc_0' [c:/Sim/2016_3_zed_source/lab7/zed_audio/hw/vivado/zed_audio.srcs/sources_1/bd/zed_audio/ip/zed_audio_auto_pc_0/synth/zed_audio_auto_pc_0.v:58]
INFO: [Synth 8-638] synthesizing module 'axi_protocol_converter_v2_1_10_axi_protocol_converter' [c:/Sim/2016_3_zed_source/lab7/zed_audio/hw/vivado/zed_audio.srcs/sources_1/bd/zed_audio/ipshared/4a8b/hdl/axi_protocol_converter_v2_1_vl_rfs.v:4806]
INFO: [Synth 8-638] synthesizing module 'axi_protocol_converter_v2_1_10_b2s' [c:/Sim/2016_3_zed_source/lab7/zed_audio/hw/vivado/zed_audio.srcs/sources_1/bd/zed_audio/ipshared/4a8b/hdl/axi_protocol_converter_v2_1_vl_rfs.v:4224]
INFO: [Synth 8-638] synthesizing module 'axi_protocol_converter_v2_1_10_b2s_aw_channel' [c:/Sim/2016_3_zed_source/lab7/zed_audio/hw/vivado/zed_audio.srcs/sources_1/bd/zed_audio/ipshared/4a8b/hdl/axi_protocol_converter_v2_1_vl_rfs.v:3969]
INFO: [Synth 8-638] synthesizing module 'axi_protocol_converter_v2_1_10_b2s_cmd_translator' [c:/Sim/2016_3_zed_source/lab7/zed_audio/hw/vivado/zed_audio.srcs/sources_1/bd/zed_audio/ipshared/4a8b/hdl/axi_protocol_converter_v2_1_vl_rfs.v:3467]
INFO: [Synth 8-638] synthesizing module 'axi_protocol_converter_v2_1_10_b2s_incr_cmd' [c:/Sim/2016_3_zed_source/lab7/zed_audio/hw/vivado/zed_audio.srcs/sources_1/bd/zed_audio/ipshared/4a8b/hdl/axi_protocol_converter_v2_1_vl_rfs.v:3093]
INFO: [Synth 8-256] done synthesizing module 'axi_protocol_converter_v2_1_10_b2s_incr_cmd' (1#1) [c:/Sim/2016_3_zed_source/lab7/zed_audio/hw/vivado/zed_audio.srcs/sources_1/bd/zed_audio/ipshared/4a8b/hdl/axi_protocol_converter_v2_1_vl_rfs.v:3093]
INFO: [Synth 8-638] synthesizing module 'axi_protocol_converter_v2_1_10_b2s_wrap_cmd' [c:/Sim/2016_3_zed_source/lab7/zed_audio/hw/vivado/zed_audio.srcs/sources_1/bd/zed_audio/ipshared/4a8b/hdl/axi_protocol_converter_v2_1_vl_rfs.v:2903]
INFO: [Synth 8-256] done synthesizing module 'axi_protocol_converter_v2_1_10_b2s_wrap_cmd' (2#1) [c:/Sim/2016_3_zed_source/lab7/zed_audio/hw/vivado/zed_audio.srcs/sources_1/bd/zed_audio/ipshared/4a8b/hdl/axi_protocol_converter_v2_1_vl_rfs.v:2903]
INFO: [Synth 8-256] done synthesizing module 'axi_protocol_converter_v2_1_10_b2s_cmd_translator' (3#1) [c:/Sim/2016_3_zed_source/lab7/zed_audio/hw/vivado/zed_audio.srcs/sources_1/bd/zed_audio/ipshared/4a8b/hdl/axi_protocol_converter_v2_1_vl_rfs.v:3467]
INFO: [Synth 8-638] synthesizing module 'axi_protocol_converter_v2_1_10_b2s_wr_cmd_fsm' [c:/Sim/2016_3_zed_source/lab7/zed_audio/hw/vivado/zed_audio.srcs/sources_1/bd/zed_audio/ipshared/4a8b/hdl/axi_protocol_converter_v2_1_vl_rfs.v:3225]
INFO: [Synth 8-256] done synthesizing module 'axi_protocol_converter_v2_1_10_b2s_wr_cmd_fsm' (4#1) [c:/Sim/2016_3_zed_source/lab7/zed_audio/hw/vivado/zed_audio.srcs/sources_1/bd/zed_audio/ipshared/4a8b/hdl/axi_protocol_converter_v2_1_vl_rfs.v:3225]
INFO: [Synth 8-256] done synthesizing module 'axi_protocol_converter_v2_1_10_b2s_aw_channel' (5#1) [c:/Sim/2016_3_zed_source/lab7/zed_audio/hw/vivado/zed_audio.srcs/sources_1/bd/zed_audio/ipshared/4a8b/hdl/axi_protocol_converter_v2_1_vl_rfs.v:3969]
INFO: [Synth 8-638] synthesizing module 'axi_protocol_converter_v2_1_10_b2s_b_channel' [c:/Sim/2016_3_zed_source/lab7/zed_audio/hw/vivado/zed_audio.srcs/sources_1/bd/zed_audio/ipshared/4a8b/hdl/axi_protocol_converter_v2_1_vl_rfs.v:3609]
INFO: [Synth 8-638] synthesizing module 'axi_protocol_converter_v2_1_10_b2s_simple_fifo' [c:/Sim/2016_3_zed_source/lab7/zed_audio/hw/vivado/zed_audio.srcs/sources_1/bd/zed_audio/ipshared/4a8b/hdl/axi_protocol_converter_v2_1_vl_rfs.v:2816]
INFO: [Synth 8-256] done synthesizing module 'axi_protocol_converter_v2_1_10_b2s_simple_fifo' (6#1) [c:/Sim/2016_3_zed_source/lab7/zed_audio/hw/vivado/zed_audio.srcs/sources_1/bd/zed_audio/ipshared/4a8b/hdl/axi_protocol_converter_v2_1_vl_rfs.v:2816]
INFO: [Synth 8-638] synthesizing module 'axi_protocol_converter_v2_1_10_b2s_simple_fifo__parameterized0' [c:/Sim/2016_3_zed_source/lab7/zed_audio/hw/vivado/zed_audio.srcs/sources_1/bd/zed_audio/ipshared/4a8b/hdl/axi_protocol_converter_v2_1_vl_rfs.v:2816]
INFO: [Synth 8-256] done synthesizing module 'axi_protocol_converter_v2_1_10_b2s_simple_fifo__parameterized0' (6#1) [c:/Sim/2016_3_zed_source/lab7/zed_audio/hw/vivado/zed_audio.srcs/sources_1/bd/zed_audio/ipshared/4a8b/hdl/axi_protocol_converter_v2_1_vl_rfs.v:2816]
INFO: [Synth 8-256] done synthesizing module 'axi_protocol_converter_v2_1_10_b2s_b_channel' (7#1) [c:/Sim/2016_3_zed_source/lab7/zed_audio/hw/vivado/zed_audio.srcs/sources_1/bd/zed_audio/ipshared/4a8b/hdl/axi_protocol_converter_v2_1_vl_rfs.v:3609]
INFO: [Synth 8-638] synthesizing module 'axi_protocol_converter_v2_1_10_b2s_ar_channel' [c:/Sim/2016_3_zed_source/lab7/zed_audio/hw/vivado/zed_audio.srcs/sources_1/bd/zed_audio/ipshared/4a8b/hdl/axi_protocol_converter_v2_1_vl_rfs.v:4080]
INFO: [Synth 8-638] synthesizing module 'axi_protocol_converter_v2_1_10_b2s_rd_cmd_fsm' [c:/Sim/2016_3_zed_source/lab7/zed_audio/hw/vivado/zed_audio.srcs/sources_1/bd/zed_audio/ipshared/4a8b/hdl/axi_protocol_converter_v2_1_vl_rfs.v:3336]
INFO: [Synth 8-256] done synthesizing module 'axi_protocol_converter_v2_1_10_b2s_rd_cmd_fsm' (8#1) [c:/Sim/2016_3_zed_source/lab7/zed_audio/hw/vivado/zed_audio.srcs/sources_1/bd/zed_audio/ipshared/4a8b/hdl/axi_protocol_converter_v2_1_vl_rfs.v:3336]
INFO: [Synth 8-256] done synthesizing module 'axi_protocol_converter_v2_1_10_b2s_ar_channel' (9#1) [c:/Sim/2016_3_zed_source/lab7/zed_audio/hw/vivado/zed_audio.srcs/sources_1/bd/zed_audio/ipshared/4a8b/hdl/axi_protocol_converter_v2_1_vl_rfs.v:4080]
INFO: [Synth 8-638] synthesizing module 'axi_protocol_converter_v2_1_10_b2s_r_channel' [c:/Sim/2016_3_zed_source/lab7/zed_audio/hw/vivado/zed_audio.srcs/sources_1/bd/zed_audio/ipshared/4a8b/hdl/axi_protocol_converter_v2_1_vl_rfs.v:3809]
INFO: [Synth 8-638] synthesizing module 'axi_protocol_converter_v2_1_10_b2s_simple_fifo__parameterized1' [c:/Sim/2016_3_zed_source/lab7/zed_audio/hw/vivado/zed_audio.srcs/sources_1/bd/zed_audio/ipshared/4a8b/hdl/axi_protocol_converter_v2_1_vl_rfs.v:2816]
INFO: [Synth 8-256] done synthesizing module 'axi_protocol_converter_v2_1_10_b2s_simple_fifo__parameterized1' (9#1) [c:/Sim/2016_3_zed_source/lab7/zed_audio/hw/vivado/zed_audio.srcs/sources_1/bd/zed_audio/ipshared/4a8b/hdl/axi_protocol_converter_v2_1_vl_rfs.v:2816]
INFO: [Synth 8-638] synthesizing module 'axi_protocol_converter_v2_1_10_b2s_simple_fifo__parameterized2' [c:/Sim/2016_3_zed_source/lab7/zed_audio/hw/vivado/zed_audio.srcs/sources_1/bd/zed_audio/ipshared/4a8b/hdl/axi_protocol_converter_v2_1_vl_rfs.v:2816]
INFO: [Synth 8-256] done synthesizing module 'axi_protocol_converter_v2_1_10_b2s_simple_fifo__parameterized2' (9#1) [c:/Sim/2016_3_zed_source/lab7/zed_audio/hw/vivado/zed_audio.srcs/sources_1/bd/zed_audio/ipshared/4a8b/hdl/axi_protocol_converter_v2_1_vl_rfs.v:2816]
INFO: [Synth 8-256] done synthesizing module 'axi_protocol_converter_v2_1_10_b2s_r_channel' (10#1) [c:/Sim/2016_3_zed_source/lab7/zed_audio/hw/vivado/zed_audio.srcs/sources_1/bd/zed_audio/ipshared/4a8b/hdl/axi_protocol_converter_v2_1_vl_rfs.v:3809]
INFO: [Synth 8-638] synthesizing module 'axi_register_slice_v2_1_10_axi_register_slice' [c:/Sim/2016_3_zed_source/lab7/zed_audio/hw/vivado/zed_audio.srcs/sources_1/bd/zed_audio/ipshared/7efe/hdl/axi_register_slice_v2_1_vl_rfs.v:791]
INFO: [Synth 8-638] synthesizing module 'axi_infrastructure_v1_1_0_axi2vector' [c:/Sim/2016_3_zed_source/lab7/zed_audio/hw/vivado/zed_audio.srcs/sources_1/bd/zed_audio/ipshared/7e3a/hdl/axi_infrastructure_v1_1_vl_rfs.v:60]
INFO: [Synth 8-256] done synthesizing module 'axi_infrastructure_v1_1_0_axi2vector' (11#1) [c:/Sim/2016_3_zed_source/lab7/zed_audio/hw/vivado/zed_audio.srcs/sources_1/bd/zed_audio/ipshared/7e3a/hdl/axi_infrastructure_v1_1_vl_rfs.v:60]
INFO: [Synth 8-638] synthesizing module 'axi_register_slice_v2_1_10_axic_register_slice' [c:/Sim/2016_3_zed_source/lab7/zed_audio/hw/vivado/zed_audio.srcs/sources_1/bd/zed_audio/ipshared/7efe/hdl/axi_register_slice_v2_1_vl_rfs.v:85]
INFO: [Synth 8-256] done synthesizing module 'axi_register_slice_v2_1_10_axic_register_slice' (12#1) [c:/Sim/2016_3_zed_source/lab7/zed_audio/hw/vivado/zed_audio.srcs/sources_1/bd/zed_audio/ipshared/7efe/hdl/axi_register_slice_v2_1_vl_rfs.v:85]
INFO: [Synth 8-638] synthesizing module 'axi_register_slice_v2_1_10_axic_register_slice__parameterized0' [c:/Sim/2016_3_zed_source/lab7/zed_audio/hw/vivado/zed_audio.srcs/sources_1/bd/zed_audio/ipshared/7efe/hdl/axi_register_slice_v2_1_vl_rfs.v:85]
INFO: [Synth 8-256] done synthesizing module 'axi_register_slice_v2_1_10_axic_register_slice__parameterized0' (12#1) [c:/Sim/2016_3_zed_source/lab7/zed_audio/hw/vivado/zed_audio.srcs/sources_1/bd/zed_audio/ipshared/7efe/hdl/axi_register_slice_v2_1_vl_rfs.v:85]
INFO: [Synth 8-638] synthesizing module 'axi_register_slice_v2_1_10_axic_register_slice__parameterized1' [c:/Sim/2016_3_zed_source/lab7/zed_audio/hw/vivado/zed_audio.srcs/sources_1/bd/zed_audio/ipshared/7efe/hdl/axi_register_slice_v2_1_vl_rfs.v:85]
INFO: [Synth 8-256] done synthesizing module 'axi_register_slice_v2_1_10_axic_register_slice__parameterized1' (12#1) [c:/Sim/2016_3_zed_source/lab7/zed_audio/hw/vivado/zed_audio.srcs/sources_1/bd/zed_audio/ipshared/7efe/hdl/axi_register_slice_v2_1_vl_rfs.v:85]
INFO: [Synth 8-638] synthesizing module 'axi_register_slice_v2_1_10_axic_register_slice__parameterized2' [c:/Sim/2016_3_zed_source/lab7/zed_audio/hw/vivado/zed_audio.srcs/sources_1/bd/zed_audio/ipshared/7efe/hdl/axi_register_slice_v2_1_vl_rfs.v:85]
INFO: [Synth 8-256] done synthesizing module 'axi_register_slice_v2_1_10_axic_register_slice__parameterized2' (12#1) [c:/Sim/2016_3_zed_source/lab7/zed_audio/hw/vivado/zed_audio.srcs/sources_1/bd/zed_audio/ipshared/7efe/hdl/axi_register_slice_v2_1_vl_rfs.v:85]
INFO: [Synth 8-638] synthesizing module 'axi_infrastructure_v1_1_0_vector2axi' [c:/Sim/2016_3_zed_source/lab7/zed_audio/hw/vivado/zed_audio.srcs/sources_1/bd/zed_audio/ipshared/7e3a/hdl/axi_infrastructure_v1_1_vl_rfs.v:474]
INFO: [Synth 8-256] done synthesizing module 'axi_infrastructure_v1_1_0_vector2axi' (13#1) [c:/Sim/2016_3_zed_source/lab7/zed_audio/hw/vivado/zed_audio.srcs/sources_1/bd/zed_audio/ipshared/7e3a/hdl/axi_infrastructure_v1_1_vl_rfs.v:474]
INFO: [Synth 8-256] done synthesizing module 'axi_register_slice_v2_1_10_axi_register_slice' (14#1) [c:/Sim/2016_3_zed_source/lab7/zed_audio/hw/vivado/zed_audio.srcs/sources_1/bd/zed_audio/ipshared/7efe/hdl/axi_register_slice_v2_1_vl_rfs.v:791]
INFO: [Synth 8-638] synthesizing module 'axi_register_slice_v2_1_10_axi_register_slice__parameterized0' [c:/Sim/2016_3_zed_source/lab7/zed_audio/hw/vivado/zed_audio.srcs/sources_1/bd/zed_audio/ipshared/7efe/hdl/axi_register_slice_v2_1_vl_rfs.v:791]
INFO: [Synth 8-638] synthesizing module 'axi_infrastructure_v1_1_0_axi2vector__parameterized0' [c:/Sim/2016_3_zed_source/lab7/zed_audio/hw/vivado/zed_audio.srcs/sources_1/bd/zed_audio/ipshared/7e3a/hdl/axi_infrastructure_v1_1_vl_rfs.v:60]
INFO: [Synth 8-256] done synthesizing module 'axi_infrastructure_v1_1_0_axi2vector__parameterized0' (14#1) [c:/Sim/2016_3_zed_source/lab7/zed_audio/hw/vivado/zed_audio.srcs/sources_1/bd/zed_audio/ipshared/7e3a/hdl/axi_infrastructure_v1_1_vl_rfs.v:60]
INFO: [Synth 8-638] synthesizing module 'axi_register_slice_v2_1_10_axic_register_slice__parameterized3' [c:/Sim/2016_3_zed_source/lab7/zed_audio/hw/vivado/zed_audio.srcs/sources_1/bd/zed_audio/ipshared/7efe/hdl/axi_register_slice_v2_1_vl_rfs.v:85]
INFO: [Synth 8-256] done synthesizing module 'axi_register_slice_v2_1_10_axic_register_slice__parameterized3' (14#1) [c:/Sim/2016_3_zed_source/lab7/zed_audio/hw/vivado/zed_audio.srcs/sources_1/bd/zed_audio/ipshared/7efe/hdl/axi_register_slice_v2_1_vl_rfs.v:85]
INFO: [Synth 8-638] synthesizing module 'axi_register_slice_v2_1_10_axic_register_slice__parameterized4' [c:/Sim/2016_3_zed_source/lab7/zed_audio/hw/vivado/zed_audio.srcs/sources_1/bd/zed_audio/ipshared/7efe/hdl/axi_register_slice_v2_1_vl_rfs.v:85]
INFO: [Synth 8-256] done synthesizing module 'axi_register_slice_v2_1_10_axic_register_slice__parameterized4' (14#1) [c:/Sim/2016_3_zed_source/lab7/zed_audio/hw/vivado/zed_audio.srcs/sources_1/bd/zed_audio/ipshared/7efe/hdl/axi_register_slice_v2_1_vl_rfs.v:85]
INFO: [Synth 8-638] synthesizing module 'axi_register_slice_v2_1_10_axic_register_slice__parameterized5' [c:/Sim/2016_3_zed_source/lab7/zed_audio/hw/vivado/zed_audio.srcs/sources_1/bd/zed_audio/ipshared/7efe/hdl/axi_register_slice_v2_1_vl_rfs.v:85]
INFO: [Synth 8-256] done synthesizing module 'axi_register_slice_v2_1_10_axic_register_slice__parameterized5' (14#1) [c:/Sim/2016_3_zed_source/lab7/zed_audio/hw/vivado/zed_audio.srcs/sources_1/bd/zed_audio/ipshared/7efe/hdl/axi_register_slice_v2_1_vl_rfs.v:85]
INFO: [Synth 8-638] synthesizing module 'axi_register_slice_v2_1_10_axic_register_slice__parameterized6' [c:/Sim/2016_3_zed_source/lab7/zed_audio/hw/vivado/zed_audio.srcs/sources_1/bd/zed_audio/ipshared/7efe/hdl/axi_register_slice_v2_1_vl_rfs.v:85]
INFO: [Synth 8-256] done synthesizing module 'axi_register_slice_v2_1_10_axic_register_slice__parameterized6' (14#1) [c:/Sim/2016_3_zed_source/lab7/zed_audio/hw/vivado/zed_audio.srcs/sources_1/bd/zed_audio/ipshared/7efe/hdl/axi_register_slice_v2_1_vl_rfs.v:85]
INFO: [Synth 8-638] synthesizing module 'axi_register_slice_v2_1_10_axic_register_slice__parameterized7' [c:/Sim/2016_3_zed_source/lab7/zed_audio/hw/vivado/zed_audio.srcs/sources_1/bd/zed_audio/ipshared/7efe/hdl/axi_register_slice_v2_1_vl_rfs.v:85]
INFO: [Synth 8-256] done synthesizing module 'axi_register_slice_v2_1_10_axic_register_slice__parameterized7' (14#1) [c:/Sim/2016_3_zed_source/lab7/zed_audio/hw/vivado/zed_audio.srcs/sources_1/bd/zed_audio/ipshared/7efe/hdl/axi_register_slice_v2_1_vl_rfs.v:85]
INFO: [Synth 8-638] synthesizing module 'axi_infrastructure_v1_1_0_vector2axi__parameterized0' [c:/Sim/2016_3_zed_source/lab7/zed_audio/hw/vivado/zed_audio.srcs/sources_1/bd/zed_audio/ipshared/7e3a/hdl/axi_infrastructure_v1_1_vl_rfs.v:474]
INFO: [Synth 8-256] done synthesizing module 'axi_infrastructure_v1_1_0_vector2axi__parameterized0' (14#1) [c:/Sim/2016_3_zed_source/lab7/zed_audio/hw/vivado/zed_audio.srcs/sources_1/bd/zed_audio/ipshared/7e3a/hdl/axi_infrastructure_v1_1_vl_rfs.v:474]
INFO: [Synth 8-256] done synthesizing module 'axi_register_slice_v2_1_10_axi_register_slice__parameterized0' (14#1) [c:/Sim/2016_3_zed_source/lab7/zed_audio/hw/vivado/zed_audio.srcs/sources_1/bd/zed_audio/ipshared/7efe/hdl/axi_register_slice_v2_1_vl_rfs.v:791]
INFO: [Synth 8-256] done synthesizing module 'axi_protocol_converter_v2_1_10_b2s' (15#1) [c:/Sim/2016_3_zed_source/lab7/zed_audio/hw/vivado/zed_audio.srcs/sources_1/bd/zed_audio/ipshared/4a8b/hdl/axi_protocol_converter_v2_1_vl_rfs.v:4224]
INFO: [Synth 8-256] done synthesizing module 'axi_protocol_converter_v2_1_10_axi_protocol_converter' (16#1) [c:/Sim/2016_3_zed_source/lab7/zed_audio/hw/vivado/zed_audio.srcs/sources_1/bd/zed_audio/ipshared/4a8b/hdl/axi_protocol_converter_v2_1_vl_rfs.v:4806]
INFO: [Synth 8-256] done synthesizing module 'zed_audio_auto_pc_0' (17#1) [c:/Sim/2016_3_zed_source/lab7/zed_audio/hw/vivado/zed_audio.srcs/sources_1/bd/zed_audio/ip/zed_audio_auto_pc_0/synth/zed_audio_auto_pc_0.v:58]
Finished RTL Elaboration : Time (s): cpu = 00:00:42 ; elapsed = 00:00:46 . Memory (MB): peak = 464.004 ; gain = 253.945
Finished RTL Optimization Phase 1 : Time (s): cpu = 00:00:42 ; elapsed = 00:00:46 . Memory (MB): peak = 464.004 ; gain = 253.945
INFO: [Device 21-403] Loading part xc7z020clg484-1
Constraint Validation Runtime : Time (s): cpu = 00:00:00 ; elapsed = 00:00:00.061 . Memory (MB): peak = 713.324 ; gain = 0.137
Finished Constraint Validation : Time (s): cpu = 00:00:53 ; elapsed = 00:00:57 . Memory (MB): peak = 713.324 ; gain = 503.266
Finished Loading Part and Timing Information : Time (s): cpu = 00:00:53 ; elapsed = 00:00:57 . Memory (MB): peak = 713.324 ; gain = 503.266
Finished applying 'set_property' XDC Constraints : Time (s): cpu = 00:00:53 ; elapsed = 00:00:57 . Memory (MB): peak = 713.324 ; gain = 503.266
Finished RTL Optimization Phase 2 : Time (s): cpu = 00:00:54 ; elapsed = 00:00:58 . Memory (MB): peak = 713.324 ; gain = 503.266
Finished Cross Boundary and Area Optimization : Time (s): cpu = 00:00:56 ; elapsed = 00:01:00 . Memory (MB): peak = 713.324 ; gain = 503.266
Finished Applying XDC Timing Constraints : Time (s): cpu = 00:01:06 ; elapsed = 00:01:10 . Memory (MB): peak = 713.324 ; gain = 503.266
Finished Timing Optimization : Time (s): cpu = 00:01:07 ; elapsed = 00:01:12 . Memory (MB): peak = 715.742 ; gain = 505.684
Finished Technology Mapping : Time (s): cpu = 00:01:08 ; elapsed = 00:01:12 . Memory (MB): peak = 721.367 ; gain = 511.309
Finished IO Insertion : Time (s): cpu = 00:01:08 ; elapsed = 00:01:13 . Memory (MB): peak = 721.367 ; gain = 511.309
Finished Renaming Generated Instances : Time (s): cpu = 00:01:08 ; elapsed = 00:01:13 . Memory (MB): peak = 721.367 ; gain = 511.309
Finished Rebuilding User Hierarchy : Time (s): cpu = 00:01:09 ; elapsed = 00:01:13 . Memory (MB): peak = 721.367 ; gain = 511.309
Finished Renaming Generated Ports : Time (s): cpu = 00:01:09 ; elapsed = 00:01:13 . Memory (MB): peak = 721.367 ; gain = 511.309
Finished Handling Custom Attributes : Time (s): cpu = 00:01:09 ; elapsed = 00:01:13 . Memory (MB): peak = 721.367 ; gain = 511.309
Finished Renaming Generated Nets : Time (s): cpu = 00:01:09 ; elapsed = 00:01:13 . Memory (MB): peak = 721.367 ; gain = 511.309

Report Cell Usage: 
+------+--------+------+
|      |Cell    |Count |
+------+--------+------+
|1     |CARRY4  |    18|
|2     |LUT1    |    37|
|3     |LUT2    |    17|
|4     |LUT3    |   234|
|5     |LUT4    |    40|
|6     |LUT5    |    72|
|7     |LUT6    |   107|
|8     |SRL16E  |    22|
|9     |SRLC32E |    47|
|10    |FDRE    |   548|
|11    |FDSE    |    52|
+------+--------+------+
Finished Writing Synthesis Report : Time (s): cpu = 00:01:09 ; elapsed = 00:01:13 . Memory (MB): peak = 721.367 ; gain = 511.309
synth_design: Time (s): cpu = 00:01:06 ; elapsed = 00:01:07 . Memory (MB): peak = 730.344 ; gain = 459.492
