
*** Running vivado
    with args -log zed_audio_xbar_0.vds -m64 -product Vivado -mode batch -messageDb vivado.pb -notrace -source zed_audio_xbar_0.tcl



****** Vivado v2016.3_sdx (64-bit)
  **** SW Build 1721784 on Tue Nov 29 22:12:44 MST 2016
  **** IP Build 1720686 on Mon Nov 28 12:39:17 MST 2016
    ** Copyright 1986-2016 Xilinx, Inc. All Rights Reserved.

Sourcing tcl script 'C:/Xilinx/SDx/2016.3/Vivado/scripts/init.tcl'
16 Beta devices matching pattern found, 16 enabled.
Loaded SDSoC Platform Tcl Library
source zed_audio_xbar_0.tcl -notrace
Starting RTL Elaboration : Time (s): cpu = 00:00:13 ; elapsed = 00:00:17 . Memory (MB): peak = 359.461 ; gain = 149.832
INFO: [Synth 8-638] synthesizing module 'zed_audio_xbar_0' [c:/Sim/2016_3_zed_source/lab7/zed_audio/hw/vivado/zed_audio.srcs/sources_1/bd/zed_audio/ip/zed_audio_xbar_0/synth/zed_audio_xbar_0.v:59]
INFO: [Synth 8-638] synthesizing module 'axi_crossbar_v2_1_11_axi_crossbar' [c:/Sim/2016_3_zed_source/lab7/zed_audio/hw/vivado/zed_audio.srcs/sources_1/bd/zed_audio/ipshared/d552/hdl/axi_crossbar_v2_1_vl_rfs.v:4882]
INFO: [Synth 8-638] synthesizing module 'axi_crossbar_v2_1_11_crossbar_sasd' [c:/Sim/2016_3_zed_source/lab7/zed_audio/hw/vivado/zed_audio.srcs/sources_1/bd/zed_audio/ipshared/d552/hdl/axi_crossbar_v2_1_vl_rfs.v:1240]
INFO: [Synth 8-638] synthesizing module 'axi_crossbar_v2_1_11_addr_decoder' [c:/Sim/2016_3_zed_source/lab7/zed_audio/hw/vivado/zed_audio.srcs/sources_1/bd/zed_audio/ipshared/d552/hdl/axi_crossbar_v2_1_vl_rfs.v:794]
INFO: [Synth 8-638] synthesizing module 'generic_baseblocks_v2_1_0_comparator_static' [c:/Sim/2016_3_zed_source/lab7/zed_audio/hw/vivado/zed_audio.srcs/sources_1/bd/zed_audio/ipshared/7ee0/hdl/generic_baseblocks_v2_1_vl_rfs.v:2133]
INFO: [Synth 8-638] synthesizing module 'generic_baseblocks_v2_1_0_carry_and' [c:/Sim/2016_3_zed_source/lab7/zed_audio/hw/vivado/zed_audio.srcs/sources_1/bd/zed_audio/ipshared/7ee0/hdl/generic_baseblocks_v2_1_vl_rfs.v:62]
INFO: [Synth 8-256] done synthesizing module 'generic_baseblocks_v2_1_0_carry_and' (1#1) [c:/Sim/2016_3_zed_source/lab7/zed_audio/hw/vivado/zed_audio.srcs/sources_1/bd/zed_audio/ipshared/7ee0/hdl/generic_baseblocks_v2_1_vl_rfs.v:62]
INFO: [Synth 8-256] done synthesizing module 'generic_baseblocks_v2_1_0_comparator_static' (2#1) [c:/Sim/2016_3_zed_source/lab7/zed_audio/hw/vivado/zed_audio.srcs/sources_1/bd/zed_audio/ipshared/7ee0/hdl/generic_baseblocks_v2_1_vl_rfs.v:2133]
INFO: [Synth 8-638] synthesizing module 'generic_baseblocks_v2_1_0_comparator_static__parameterized0' [c:/Sim/2016_3_zed_source/lab7/zed_audio/hw/vivado/zed_audio.srcs/sources_1/bd/zed_audio/ipshared/7ee0/hdl/generic_baseblocks_v2_1_vl_rfs.v:2133]
INFO: [Synth 8-256] done synthesizing module 'generic_baseblocks_v2_1_0_comparator_static__parameterized0' (2#1) [c:/Sim/2016_3_zed_source/lab7/zed_audio/hw/vivado/zed_audio.srcs/sources_1/bd/zed_audio/ipshared/7ee0/hdl/generic_baseblocks_v2_1_vl_rfs.v:2133]
INFO: [Synth 8-256] done synthesizing module 'axi_crossbar_v2_1_11_addr_decoder' (3#1) [c:/Sim/2016_3_zed_source/lab7/zed_audio/hw/vivado/zed_audio.srcs/sources_1/bd/zed_audio/ipshared/d552/hdl/axi_crossbar_v2_1_vl_rfs.v:794]
INFO: [Synth 8-638] synthesizing module 'axi_crossbar_v2_1_11_decerr_slave' [c:/Sim/2016_3_zed_source/lab7/zed_audio/hw/vivado/zed_audio.srcs/sources_1/bd/zed_audio/ipshared/d552/hdl/axi_crossbar_v2_1_vl_rfs.v:3500]
INFO: [Synth 8-256] done synthesizing module 'axi_crossbar_v2_1_11_decerr_slave' (4#1) [c:/Sim/2016_3_zed_source/lab7/zed_audio/hw/vivado/zed_audio.srcs/sources_1/bd/zed_audio/ipshared/d552/hdl/axi_crossbar_v2_1_vl_rfs.v:3500]
INFO: [Synth 8-638] synthesizing module 'axi_crossbar_v2_1_11_addr_arbiter_sasd' [c:/Sim/2016_3_zed_source/lab7/zed_audio/hw/vivado/zed_audio.srcs/sources_1/bd/zed_audio/ipshared/d552/hdl/axi_crossbar_v2_1_vl_rfs.v:65]
INFO: [Synth 8-256] done synthesizing module 'axi_crossbar_v2_1_11_addr_arbiter_sasd' (5#1) [c:/Sim/2016_3_zed_source/lab7/zed_audio/hw/vivado/zed_audio.srcs/sources_1/bd/zed_audio/ipshared/d552/hdl/axi_crossbar_v2_1_vl_rfs.v:65]
INFO: [Synth 8-638] synthesizing module 'axi_crossbar_v2_1_11_splitter' [c:/Sim/2016_3_zed_source/lab7/zed_audio/hw/vivado/zed_audio.srcs/sources_1/bd/zed_audio/ipshared/d552/hdl/axi_crossbar_v2_1_vl_rfs.v:4459]
INFO: [Synth 8-256] done synthesizing module 'axi_crossbar_v2_1_11_splitter' (6#1) [c:/Sim/2016_3_zed_source/lab7/zed_audio/hw/vivado/zed_audio.srcs/sources_1/bd/zed_audio/ipshared/d552/hdl/axi_crossbar_v2_1_vl_rfs.v:4459]
INFO: [Synth 8-638] synthesizing module 'axi_crossbar_v2_1_11_splitter__parameterized0' [c:/Sim/2016_3_zed_source/lab7/zed_audio/hw/vivado/zed_audio.srcs/sources_1/bd/zed_audio/ipshared/d552/hdl/axi_crossbar_v2_1_vl_rfs.v:4459]
INFO: [Synth 8-256] done synthesizing module 'axi_crossbar_v2_1_11_splitter__parameterized0' (6#1) [c:/Sim/2016_3_zed_source/lab7/zed_audio/hw/vivado/zed_audio.srcs/sources_1/bd/zed_audio/ipshared/d552/hdl/axi_crossbar_v2_1_vl_rfs.v:4459]
INFO: [Synth 8-638] synthesizing module 'generic_baseblocks_v2_1_0_mux_enc' [c:/Sim/2016_3_zed_source/lab7/zed_audio/hw/vivado/zed_audio.srcs/sources_1/bd/zed_audio/ipshared/7ee0/hdl/generic_baseblocks_v2_1_vl_rfs.v:2452]
INFO: [Synth 8-256] done synthesizing module 'generic_baseblocks_v2_1_0_mux_enc' (7#1) [c:/Sim/2016_3_zed_source/lab7/zed_audio/hw/vivado/zed_audio.srcs/sources_1/bd/zed_audio/ipshared/7ee0/hdl/generic_baseblocks_v2_1_vl_rfs.v:2452]
INFO: [Synth 8-638] synthesizing module 'generic_baseblocks_v2_1_0_mux_enc__parameterized0' [c:/Sim/2016_3_zed_source/lab7/zed_audio/hw/vivado/zed_audio.srcs/sources_1/bd/zed_audio/ipshared/7ee0/hdl/generic_baseblocks_v2_1_vl_rfs.v:2452]
INFO: [Synth 8-256] done synthesizing module 'generic_baseblocks_v2_1_0_mux_enc__parameterized0' (7#1) [c:/Sim/2016_3_zed_source/lab7/zed_audio/hw/vivado/zed_audio.srcs/sources_1/bd/zed_audio/ipshared/7ee0/hdl/generic_baseblocks_v2_1_vl_rfs.v:2452]
INFO: [Synth 8-638] synthesizing module 'generic_baseblocks_v2_1_0_mux_enc__parameterized1' [c:/Sim/2016_3_zed_source/lab7/zed_audio/hw/vivado/zed_audio.srcs/sources_1/bd/zed_audio/ipshared/7ee0/hdl/generic_baseblocks_v2_1_vl_rfs.v:2452]
INFO: [Synth 8-256] done synthesizing module 'generic_baseblocks_v2_1_0_mux_enc__parameterized1' (7#1) [c:/Sim/2016_3_zed_source/lab7/zed_audio/hw/vivado/zed_audio.srcs/sources_1/bd/zed_audio/ipshared/7ee0/hdl/generic_baseblocks_v2_1_vl_rfs.v:2452]
INFO: [Synth 8-638] synthesizing module 'generic_baseblocks_v2_1_0_mux_enc__parameterized2' [c:/Sim/2016_3_zed_source/lab7/zed_audio/hw/vivado/zed_audio.srcs/sources_1/bd/zed_audio/ipshared/7ee0/hdl/generic_baseblocks_v2_1_vl_rfs.v:2452]
INFO: [Synth 8-256] done synthesizing module 'generic_baseblocks_v2_1_0_mux_enc__parameterized2' (7#1) [c:/Sim/2016_3_zed_source/lab7/zed_audio/hw/vivado/zed_audio.srcs/sources_1/bd/zed_audio/ipshared/7ee0/hdl/generic_baseblocks_v2_1_vl_rfs.v:2452]
INFO: [Synth 8-638] synthesizing module 'axi_register_slice_v2_1_10_axic_register_slice' [c:/Sim/2016_3_zed_source/lab7/zed_audio/hw/vivado/zed_audio.srcs/sources_1/bd/zed_audio/ipshared/7efe/hdl/axi_register_slice_v2_1_vl_rfs.v:85]
INFO: [Synth 8-256] done synthesizing module 'axi_register_slice_v2_1_10_axic_register_slice' (8#1) [c:/Sim/2016_3_zed_source/lab7/zed_audio/hw/vivado/zed_audio.srcs/sources_1/bd/zed_audio/ipshared/7efe/hdl/axi_register_slice_v2_1_vl_rfs.v:85]
INFO: [Synth 8-638] synthesizing module 'generic_baseblocks_v2_1_0_mux_enc__parameterized3' [c:/Sim/2016_3_zed_source/lab7/zed_audio/hw/vivado/zed_audio.srcs/sources_1/bd/zed_audio/ipshared/7ee0/hdl/generic_baseblocks_v2_1_vl_rfs.v:2452]
INFO: [Synth 8-256] done synthesizing module 'generic_baseblocks_v2_1_0_mux_enc__parameterized3' (8#1) [c:/Sim/2016_3_zed_source/lab7/zed_audio/hw/vivado/zed_audio.srcs/sources_1/bd/zed_audio/ipshared/7ee0/hdl/generic_baseblocks_v2_1_vl_rfs.v:2452]
INFO: [Synth 8-256] done synthesizing module 'axi_crossbar_v2_1_11_crossbar_sasd' (9#1) [c:/Sim/2016_3_zed_source/lab7/zed_audio/hw/vivado/zed_audio.srcs/sources_1/bd/zed_audio/ipshared/d552/hdl/axi_crossbar_v2_1_vl_rfs.v:1240]
INFO: [Synth 8-256] done synthesizing module 'axi_crossbar_v2_1_11_axi_crossbar' (10#1) [c:/Sim/2016_3_zed_source/lab7/zed_audio/hw/vivado/zed_audio.srcs/sources_1/bd/zed_audio/ipshared/d552/hdl/axi_crossbar_v2_1_vl_rfs.v:4882]
INFO: [Synth 8-256] done synthesizing module 'zed_audio_xbar_0' (11#1) [c:/Sim/2016_3_zed_source/lab7/zed_audio/hw/vivado/zed_audio.srcs/sources_1/bd/zed_audio/ip/zed_audio_xbar_0/synth/zed_audio_xbar_0.v:59]
Finished RTL Elaboration : Time (s): cpu = 00:00:20 ; elapsed = 00:00:24 . Memory (MB): peak = 475.688 ; gain = 266.059
Finished RTL Optimization Phase 1 : Time (s): cpu = 00:00:20 ; elapsed = 00:00:25 . Memory (MB): peak = 475.688 ; gain = 266.059
INFO: [Device 21-403] Loading part xc7z020clg484-1
Constraint Validation Runtime : Time (s): cpu = 00:00:00 ; elapsed = 00:00:00.030 . Memory (MB): peak = 717.855 ; gain = 0.000
Finished Constraint Validation : Time (s): cpu = 00:00:29 ; elapsed = 00:00:35 . Memory (MB): peak = 717.855 ; gain = 508.227
Finished Loading Part and Timing Information : Time (s): cpu = 00:00:29 ; elapsed = 00:00:35 . Memory (MB): peak = 717.855 ; gain = 508.227
Finished applying 'set_property' XDC Constraints : Time (s): cpu = 00:00:29 ; elapsed = 00:00:35 . Memory (MB): peak = 717.855 ; gain = 508.227
Finished RTL Optimization Phase 2 : Time (s): cpu = 00:00:30 ; elapsed = 00:00:35 . Memory (MB): peak = 717.855 ; gain = 508.227
Finished Cross Boundary and Area Optimization : Time (s): cpu = 00:00:31 ; elapsed = 00:00:36 . Memory (MB): peak = 717.855 ; gain = 508.227
Finished Applying XDC Timing Constraints : Time (s): cpu = 00:00:41 ; elapsed = 00:00:46 . Memory (MB): peak = 717.855 ; gain = 508.227
Finished Timing Optimization : Time (s): cpu = 00:00:41 ; elapsed = 00:00:47 . Memory (MB): peak = 717.855 ; gain = 508.227
Finished Technology Mapping : Time (s): cpu = 00:00:41 ; elapsed = 00:00:47 . Memory (MB): peak = 717.855 ; gain = 508.227
Finished IO Insertion : Time (s): cpu = 00:00:42 ; elapsed = 00:00:47 . Memory (MB): peak = 717.855 ; gain = 508.227
Finished Renaming Generated Instances : Time (s): cpu = 00:00:42 ; elapsed = 00:00:47 . Memory (MB): peak = 717.855 ; gain = 508.227
Finished Rebuilding User Hierarchy : Time (s): cpu = 00:00:42 ; elapsed = 00:00:47 . Memory (MB): peak = 717.855 ; gain = 508.227
Finished Renaming Generated Ports : Time (s): cpu = 00:00:42 ; elapsed = 00:00:47 . Memory (MB): peak = 717.855 ; gain = 508.227
Finished Handling Custom Attributes : Time (s): cpu = 00:00:42 ; elapsed = 00:00:48 . Memory (MB): peak = 717.855 ; gain = 508.227
Finished Renaming Generated Nets : Time (s): cpu = 00:00:42 ; elapsed = 00:00:48 . Memory (MB): peak = 717.855 ; gain = 508.227

Report Cell Usage: 
+------+-----+------+
|      |Cell |Count |
+------+-----+------+
|1     |LUT1 |     2|
|2     |LUT2 |    15|
|3     |LUT3 |     7|
|4     |LUT4 |    79|
|5     |LUT5 |    12|
|6     |LUT6 |    59|
|7     |FDRE |   130|
+------+-----+------+
Finished Writing Synthesis Report : Time (s): cpu = 00:00:42 ; elapsed = 00:00:48 . Memory (MB): peak = 717.855 ; gain = 508.227
synth_design: Time (s): cpu = 00:00:38 ; elapsed = 00:00:39 . Memory (MB): peak = 717.855 ; gain = 438.594
