00:32:05 **** Build of configuration Debug for project webserver_sdkv ****
make pre-build main-build 
a9-linaro-pre-build-step
' '
'Building file: ../src/webserver/web_utils.c'
'Invoking: ARM v7 gcc compiler'
arm-none-eabi-gcc -Wall -O0 -g3 -c -fmessage-length=0 -MT"src/webserver/web_utils.o" -mcpu=cortex-a9 -mfpu=vfpv3 -mfloat-abi=hard -I../../webserver_sdkv_bsp/ps7_cortexa9_0/include -MMD -MP -MF"src/webserver/web_utils.d" -MT"src/webserver/web_utils.o" -o "src/webserver/web_utils.o" "../src/webserver/web_utils.c"
In file included from ../src/webserver/../gpio/platform_gpio.h:3:0,
                 from ../src/webserver/web_utils.c:6:
../../webserver_sdkv_bsp/ps7_cortexa9_0/include/xbasic_types.h:115:2: warning: #warning The xbasics_type.h file is deprecated and users should use xil_types.h and xil_assert. [-Wcpp]
 #warning  The xbasics_type.h file is deprecated and users should use xil_types.h and xil_assert.
  ^
../../webserver_sdkv_bsp/ps7_cortexa9_0/include/xbasic_types.h:116:2: warning: #warning Please refer the Standalone BSP UG647 for further details [-Wcpp]
 #warning  Please refer the Standalone BSP UG647 for further details
  ^
'Finished building: ../src/webserver/web_utils.c'
' '
'Building file: ../src/webserver/webserver.c'
'Invoking: ARM v7 gcc compiler'
arm-none-eabi-gcc -Wall -O0 -g3 -c -fmessage-length=0 -MT"src/webserver/webserver.o" -mcpu=cortex-a9 -mfpu=vfpv3 -mfloat-abi=hard -I../../webserver_sdkv_bsp/ps7_cortexa9_0/include -MMD -MP -MF"src/webserver/webserver.d" -MT"src/webserver/webserver.o" -o "src/webserver/webserver.o" "../src/webserver/webserver.c"
'Finished building: ../src/webserver/webserver.c'
' '
'Building file: ../src/tftpserver/tftpserver.c'
'Invoking: ARM v7 gcc compiler'
arm-none-eabi-gcc -Wall -O0 -g3 -c -fmessage-length=0 -MT"src/tftpserver/tftpserver.o" -mcpu=cortex-a9 -mfpu=vfpv3 -mfloat-abi=hard -I../../webserver_sdkv_bsp/ps7_cortexa9_0/include -MMD -MP -MF"src/tftpserver/tftpserver.d" -MT"src/tftpserver/tftpserver.o" -o "src/tftpserver/tftpserver.o" "../src/tftpserver/tftpserver.c"
'Finished building: ../src/tftpserver/tftpserver.c'
' '
'Building file: ../src/tftpserver/tftputils.c'
'Invoking: ARM v7 gcc compiler'
arm-none-eabi-gcc -Wall -O0 -g3 -c -fmessage-length=0 -MT"src/tftpserver/tftputils.o" -mcpu=cortex-a9 -mfpu=vfpv3 -mfloat-abi=hard -I../../webserver_sdkv_bsp/ps7_cortexa9_0/include -MMD -MP -MF"src/tftpserver/tftputils.d" -MT"src/tftpserver/tftputils.o" -o "src/tftpserver/tftputils.o" "../src/tftpserver/tftputils.c"
'Finished building: ../src/tftpserver/tftputils.c'
' '
'Building file: ../src/rx_tx/dispatch.c'
'Invoking: ARM v7 gcc compiler'
arm-none-eabi-gcc -Wall -O0 -g3 -c -fmessage-length=0 -MT"src/rx_tx/dispatch.o" -mcpu=cortex-a9 -mfpu=vfpv3 -mfloat-abi=hard -I../../webserver_sdkv_bsp/ps7_cortexa9_0/include -MMD -MP -MF"src/rx_tx/dispatch.d" -MT"src/rx_tx/dispatch.o" -o "src/rx_tx/dispatch.o" "../src/rx_tx/dispatch.c"
'Finished building: ../src/rx_tx/dispatch.c'
' '
'Building file: ../src/rx_tx/rxperf.c'
'Invoking: ARM v7 gcc compiler'
arm-none-eabi-gcc -Wall -O0 -g3 -c -fmessage-length=0 -MT"src/rx_tx/rxperf.o" -mcpu=cortex-a9 -mfpu=vfpv3 -mfloat-abi=hard -I../../webserver_sdkv_bsp/ps7_cortexa9_0/include -MMD -MP -MF"src/rx_tx/rxperf.d" -MT"src/rx_tx/rxperf.o" -o "src/rx_tx/rxperf.o" "../src/rx_tx/rxperf.c"
'Finished building: ../src/rx_tx/rxperf.c'
' '
'Building file: ../src/rx_tx/txperf.c'
'Invoking: ARM v7 gcc compiler'
arm-none-eabi-gcc -Wall -O0 -g3 -c -fmessage-length=0 -MT"src/rx_tx/txperf.o" -mcpu=cortex-a9 -mfpu=vfpv3 -mfloat-abi=hard -I../../webserver_sdkv_bsp/ps7_cortexa9_0/include -MMD -MP -MF"src/rx_tx/txperf.d" -MT"src/rx_tx/txperf.o" -o "src/rx_tx/txperf.o" "../src/rx_tx/txperf.c"
'Finished building: ../src/rx_tx/txperf.c'
' '
'Building file: ../src/rx_tx/urxperf.c'
'Invoking: ARM v7 gcc compiler'
arm-none-eabi-gcc -Wall -O0 -g3 -c -fmessage-length=0 -MT"src/rx_tx/urxperf.o" -mcpu=cortex-a9 -mfpu=vfpv3 -mfloat-abi=hard -I../../webserver_sdkv_bsp/ps7_cortexa9_0/include -MMD -MP -MF"src/rx_tx/urxperf.d" -MT"src/rx_tx/urxperf.o" -o "src/rx_tx/urxperf.o" "../src/rx_tx/urxperf.c"
'Finished building: ../src/rx_tx/urxperf.c'
' '
'Building file: ../src/rx_tx/utxperf.c'
'Invoking: ARM v7 gcc compiler'
arm-none-eabi-gcc -Wall -O0 -g3 -c -fmessage-length=0 -MT"src/rx_tx/utxperf.o" -mcpu=cortex-a9 -mfpu=vfpv3 -mfloat-abi=hard -I../../webserver_sdkv_bsp/ps7_cortexa9_0/include -MMD -MP -MF"src/rx_tx/utxperf.d" -MT"src/rx_tx/utxperf.o" -o "src/rx_tx/utxperf.o" "../src/rx_tx/utxperf.c"
'Finished building: ../src/rx_tx/utxperf.c'
' '
'Building file: ../src/prot_malloc/prot_malloc.c'
'Invoking: ARM v7 gcc compiler'
arm-none-eabi-gcc -Wall -O0 -g3 -c -fmessage-length=0 -MT"src/prot_malloc/prot_malloc.o" -mcpu=cortex-a9 -mfpu=vfpv3 -mfloat-abi=hard -I../../webserver_sdkv_bsp/ps7_cortexa9_0/include -MMD -MP -MF"src/prot_malloc/prot_malloc.d" -MT"src/prot_malloc/prot_malloc.o" -o "src/prot_malloc/prot_malloc.o" "../src/prot_malloc/prot_malloc.c"
'Finished building: ../src/prot_malloc/prot_malloc.c'
' '
'Building file: ../src/platform/platform.c'
'Invoking: ARM v7 gcc compiler'
arm-none-eabi-gcc -Wall -O0 -g3 -c -fmessage-length=0 -MT"src/platform/platform.o" -mcpu=cortex-a9 -mfpu=vfpv3 -mfloat-abi=hard -I../../webserver_sdkv_bsp/ps7_cortexa9_0/include -MMD -MP -MF"src/platform/platform.d" -MT"src/platform/platform.o" -o "src/platform/platform.o" "../src/platform/platform.c"
'Finished building: ../src/platform/platform.c'
' '
'Building file: ../src/platform/platform_fs.c'
'Invoking: ARM v7 gcc compiler'
arm-none-eabi-gcc -Wall -O0 -g3 -c -fmessage-length=0 -MT"src/platform/platform_fs.o" -mcpu=cortex-a9 -mfpu=vfpv3 -mfloat-abi=hard -I../../webserver_sdkv_bsp/ps7_cortexa9_0/include -MMD -MP -MF"src/platform/platform_fs.d" -MT"src/platform/platform_fs.o" -o "src/platform/platform_fs.o" "../src/platform/platform_fs.c"
'Finished building: ../src/platform/platform_fs.c'
' '
'Building file: ../src/http/http_response.c'
'Invoking: ARM v7 gcc compiler'
arm-none-eabi-gcc -Wall -O0 -g3 -c -fmessage-length=0 -MT"src/http/http_response.o" -mcpu=cortex-a9 -mfpu=vfpv3 -mfloat-abi=hard -I../../webserver_sdkv_bsp/ps7_cortexa9_0/include -MMD -MP -MF"src/http/http_response.d" -MT"src/http/http_response.o" -o "src/http/http_response.o" "../src/http/http_response.c"
In file included from ../src/http/../gpio/platform_gpio.h:3:0,
                 from ../src/http/http_response.c:9:
../../webserver_sdkv_bsp/ps7_cortexa9_0/include/xbasic_types.h:115:2: warning: #warning The xbasics_type.h file is deprecated and users should use xil_types.h and xil_assert. [-Wcpp]
 #warning  The xbasics_type.h file is deprecated and users should use xil_types.h and xil_assert.
  ^
../../webserver_sdkv_bsp/ps7_cortexa9_0/include/xbasic_types.h:116:2: warning: #warning Please refer the Standalone BSP UG647 for further details [-Wcpp]
 #warning  Please refer the Standalone BSP UG647 for further details
  ^
../src/http/http_response.c: In function 'STRING_TO_NUMBERS':
../src/http/http_response.c:127:5: warning: variable 'point_seen' set but not used [-Wunused-but-set-variable]
 int point_seen=0;
     ^
../src/http/http_response.c: In function 'STRING_TO_NUMBER':
../src/http/http_response.c:154:8: warning: variable 'point_seen' set but not used [-Wunused-but-set-variable]
    int point_seen=0;
        ^
../src/http/http_response.c: In function 'DO_HTTP_POST':
../src/http/http_response.c:274:23: warning: passing argument 1 of 'pbuf_free' from incompatible pointer type [-Wincompatible-pointer-types]
             pbuf_free(p);
                       ^
In file included from ../../webserver_sdkv_bsp/ps7_cortexa9_0/include/lwip/tcp.h:40:0,
                 from ../src/http/http_response.c:3:
../../webserver_sdkv_bsp/ps7_cortexa9_0/include/lwip/pbuf.h:155:6: note: expected 'struct pbuf *' but argument is of type 'char *'
 u8_t pbuf_free(struct pbuf *p);
      ^
../src/http/http_response.c:285:15: warning: unused variable 'json_response' [-Wunused-variable]
         char *json_response = "PL_PS_STREAMER_ASSERT";
               ^
../src/http/http_response.c:346:6: warning: 'optimize' attribute ignored [-Wattributes]
      char buf1[1400] __attribute__ ((unused)) __attribute__((optimize("O0")));
      ^
../src/http/http_response.c:248:9: warning: unused variable 'count' [-Wunused-variable]
     int count = 0;
         ^
../src/http/http_response.c: In function 'CONVERT_CHAR_S':
../src/http/http_response.c:199:1: warning: control reaches end of non-void function [-Wreturn-type]
 }
 ^
../src/http/http_response.c: In function 'UNPACK':
../src/http/http_response.c:227:1: warning: control reaches end of non-void function [-Wreturn-type]
 }
 ^
'Finished building: ../src/http/http_response.c'
' '
'Building file: ../src/gpio/platform_gpio.c'
'Invoking: ARM v7 gcc compiler'
arm-none-eabi-gcc -Wall -O0 -g3 -c -fmessage-length=0 -MT"src/gpio/platform_gpio.o" -mcpu=cortex-a9 -mfpu=vfpv3 -mfloat-abi=hard -I../../webserver_sdkv_bsp/ps7_cortexa9_0/include -MMD -MP -MF"src/gpio/platform_gpio.d" -MT"src/gpio/platform_gpio.o" -o "src/gpio/platform_gpio.o" "../src/gpio/platform_gpio.c"
In file included from ../src/gpio/platform_gpio.h:3:0,
                 from ../src/gpio/platform_gpio.c:1:
../../webserver_sdkv_bsp/ps7_cortexa9_0/include/xbasic_types.h:115:2: warning: #warning The xbasics_type.h file is deprecated and users should use xil_types.h and xil_assert. [-Wcpp]
 #warning  The xbasics_type.h file is deprecated and users should use xil_types.h and xil_assert.
  ^
../../webserver_sdkv_bsp/ps7_cortexa9_0/include/xbasic_types.h:116:2: warning: #warning Please refer the Standalone BSP UG647 for further details [-Wcpp]
 #warning  Please refer the Standalone BSP UG647 for further details
  ^
../src/gpio/platform_gpio.c: In function 'adcchannels':
../src/gpio/platform_gpio.c:427:2: warning: implicit declaration of function 'printf' [-Wimplicit-function-declaration]
  printf("%i\n",ch00(&ch_ptr,&interrupt));
  ^
../src/gpio/platform_gpio.c:427:2: warning: incompatible implicit declaration of built-in function 'printf'
../src/gpio/platform_gpio.c:427:2: note: include '<stdio.h>' or provide a declaration of 'printf'
'Finished building: ../src/gpio/platform_gpio.c'
' '
'Building file: ../src/echo.c'
'Invoking: ARM v7 gcc compiler'
arm-none-eabi-gcc -Wall -O0 -g3 -c -fmessage-length=0 -MT"src/echo.o" -mcpu=cortex-a9 -mfpu=vfpv3 -mfloat-abi=hard -I../../webserver_sdkv_bsp/ps7_cortexa9_0/include -MMD -MP -MF"src/echo.d" -MT"src/echo.o" -o "src/echo.o" "../src/echo.c"
'Finished building: ../src/echo.c'
' '
'Building file: ../src/main.c'
'Invoking: ARM v7 gcc compiler'
arm-none-eabi-gcc -Wall -O0 -g3 -c -fmessage-length=0 -MT"src/main.o" -mcpu=cortex-a9 -mfpu=vfpv3 -mfloat-abi=hard -I../../webserver_sdkv_bsp/ps7_cortexa9_0/include -MMD -MP -MF"src/main.d" -MT"src/main.o" -o "src/main.o" "../src/main.c"
../src/main.c: In function 'main':
../src/main.c:39:2: warning: implicit declaration of function 'WRITE_SET0' [-Wimplicit-function-declaration]
  WRITE_SET0();
  ^
'Finished building: ../src/main.c'
' '
'Building target: webserver_sdkv.elf'
'Invoking: ARM v7 gcc linker'
arm-none-eabi-gcc -mcpu=cortex-a9 -mfpu=vfpv3 -mfloat-abi=hard -Wl,-build-id=none -specs=Xilinx.spec -Wl,-T -Wl,../src/lscript.ld -L../../webserver_sdkv_bsp/ps7_cortexa9_0/lib -o "webserver_sdkv.elf"  ./src/webserver/web_utils.o ./src/webserver/webserver.o  ./src/tftpserver/tftpserver.o ./src/tftpserver/tftputils.o  ./src/rx_tx/dispatch.o ./src/rx_tx/rxperf.o ./src/rx_tx/txperf.o ./src/rx_tx/urxperf.o ./src/rx_tx/utxperf.o  ./src/prot_malloc/prot_malloc.o  ./src/platform/platform.o ./src/platform/platform_fs.o  ./src/http/http_response.o  ./src/gpio/platform_gpio.o  ./src/echo.o ./src/main.o   -Wl,--start-group,-lxil,-lgcc,-lc,--end-group -Wl,--start-group,-lxil,-llwip4,-lgcc,-lc,--end-group
c:/xilinx/sdx/2016.3/sdk/gnu/aarch32/nt/gcc-arm-none-eabi/bin/../lib/gcc/arm-none-eabi/5.2.1/../../../../arm-none-eabi/bin/ld.exe: cannot find -llwip4
collect2.exe: error: ld returned 1 exit status
make: *** [webserver_sdkv.elf] Error 1

00:32:10 Build Finished (took 5s.239ms)

