Copyright 1986-2016 Xilinx, Inc. All Rights Reserved.
---------------------------------------------------------------------------------------------
| Tool Version : Vivado v.2016.3_sdx (win64) Build 1721784 Tue Nov 29 22:12:44 MST 2016
| Date         : Sat May 13 00:57:12 2017
| Host         : SakinderLaptop1 running 64-bit major release  (build 9200)
| Command      : report_control_sets -verbose -file sd_accel_wrapper_control_sets_placed.rpt
| Design       : sd_accel_wrapper
| Device       : xc7z020
---------------------------------------------------------------------------------------------

Control Set Information

Table of Contents
-----------------
1. Summary
2. Flip-Flop Distribution
3. Detailed Control Set Information

1. Summary
----------

+----------------------------------------------------------+-------+
|                          Status                          | Count |
+----------------------------------------------------------+-------+
| Number of unique control sets                            |   149 |
| Unused register locations in slices containing registers |   300 |
+----------------------------------------------------------+-------+


2. Flip-Flop Distribution
-------------------------

+--------------+-----------------------+------------------------+-----------------+--------------+
| Clock Enable | Synchronous Set/Reset | Asynchronous Set/Reset | Total Registers | Total Slices |
+--------------+-----------------------+------------------------+-----------------+--------------+
| No           | No                    | No                     |             213 |           75 |
| No           | No                    | Yes                    |               0 |            0 |
| No           | Yes                   | No                     |             535 |          167 |
| Yes          | No                    | No                     |            2719 |          715 |
| Yes          | No                    | Yes                    |               0 |            0 |
| Yes          | Yes                   | No                     |            3321 |          918 |
+--------------+-----------------------+------------------------+-----------------+--------------+


3. Detailed Control Set Information
-----------------------------------

+-------------------------------------------------+---------------------------------------------------------------------------------------------------------------------------------------------------------------+------------------------------------------------------------------------------------------------------------------------------------------+------------------+----------------+
|                   Clock Signal                  |                                                                         Enable Signal                                                                         |                                                             Set/Reset Signal                                                             | Slice Load Count | Bel Load Count |
+-------------------------------------------------+---------------------------------------------------------------------------------------------------------------------------------------------------------------+------------------------------------------------------------------------------------------------------------------------------------------+------------------+----------------+
|  sd_accel_i/processing_system7_0/inst/FCLK_CLK0 | sd_accel_i/ps7_0_axi_periph/s01_couplers/auto_pc/inst/gen_axilite.gen_b2s_conv.axilite_b2s/RD.r_channel_0/r_push_r                                            |                                                                                                                                          |                1 |              1 |
|  sd_accel_i/processing_system7_0/inst/FCLK_CLK0 |                                                                                                                                                               | sd_accel_i/zed_audio_ctrl_0/U0/USER_LOGIC_I/Inst_iis_ser/ldata_reg                                                                       |                1 |              1 |
|  sd_accel_i/processing_system7_0/inst/FCLK_CLK0 | sd_accel_i/ps7_0_axi_periph/s00_couplers/auto_pc/inst/gen_axilite.gen_b2s_conv.axilite_b2s/WR.b_channel_0/bid_fifo_0/bresp_push                               |                                                                                                                                          |                1 |              2 |
|  sd_accel_i/processing_system7_0/inst/FCLK_CLK0 | sd_accel_i/ocl_block_0/U0/kernel_0/inst/addone_gmem_m_axi_U/bus_write/fifo_resp/pop0                                                                          | sd_accel_i/ocl_block_0/U0/kernel_0/inst/ap_rst_n_inv                                                                                     |                1 |              2 |
|  sd_accel_i/processing_system7_0/inst/FCLK_CLK0 |                                                                                                                                                               | sd_accel_i/ps7_0_axi_periph/s00_couplers/auto_pc/inst/gen_axilite.gen_b2s_conv.axilite_b2s/SI_REG/ar_pipe/m_valid_i_reg_0                |                2 |              4 |
|  sd_accel_i/processing_system7_0/inst/FCLK_CLK0 | sd_accel_i/ocl_block_0/U0/kernel_0/inst/addone_gmem_m_axi_U/bus_write/bus_narrow_gen.fifo_burst/E[0]                                                          | sd_accel_i/ocl_block_0/U0/kernel_0/inst/addone_gmem_m_axi_U/bus_write/bus_narrow_gen.split_cnt[3]_i_1_n_1                                |                1 |              4 |
|  sd_accel_i/processing_system7_0/inst/FCLK_CLK0 |                                                                                                                                                               | sd_accel_i/axi_gpio_0/U0/AXI_LITE_IPIF_I/I_SLAVE_ATTACHMENT/clear                                                                        |                1 |              4 |
|  sd_accel_i/processing_system7_0/inst/FCLK_CLK0 |                                                                                                                                                               | sd_accel_i/axi_gpio_0/U0/AXI_LITE_IPIF_I/I_SLAVE_ATTACHMENT/I_DECODER/Read_Reg_Rst                                                       |                1 |              4 |
|  sd_accel_i/processing_system7_0/inst/FCLK_CLK0 |                                                                                                                                                               | sd_accel_i/zed_audio_ctrl_0/U0/AXI_LITE_IPIF_I/I_SLAVE_ATTACHMENT/rst                                                                    |                2 |              4 |
|  sd_accel_i/processing_system7_0/inst/FCLK_CLK0 |                                                                                                                                                               | sd_accel_i/zed_audio_ctrl_0/U0/AXI_LITE_IPIF_I/I_SLAVE_ATTACHMENT/p_2_out                                                                |                1 |              4 |
|  sd_accel_i/processing_system7_0/inst/FCLK_CLK0 |                                                                                                                                                               | sd_accel_i/ps7_0_axi_periph/xbar/inst/gen_sasd.crossbar_sasd_0/addr_arbiter_inst/s_arvalid_reg                                           |                1 |              4 |
|  sd_accel_i/processing_system7_0/inst/FCLK_CLK0 | sd_accel_i/ocl_block_0/U0/kernel_0/inst/addone_gmem_m_axi_U/bus_read/fifo_rctl/pout[3]_i_1__0_n_1                                                             | sd_accel_i/ocl_block_0/U0/kernel_0/inst/ap_rst_n_inv                                                                                     |                1 |              4 |
|  sd_accel_i/processing_system7_0/inst/FCLK_CLK0 |                                                                                                                                                               | sd_accel_i/ps7_0_axi_periph/s01_couplers/auto_pc/inst/gen_axilite.gen_b2s_conv.axilite_b2s/SI_REG/ar_pipe/m_valid_i_reg_0                |                4 |              4 |
|  sd_accel_i/processing_system7_0/inst/FCLK_CLK0 |                                                                                                                                                               | sd_accel_i/ps7_0_axi_periph/s01_couplers/auto_pc/inst/gen_axilite.gen_b2s_conv.axilite_b2s/SI_REG/aw_pipe/s_ready_i_reg_0                |                4 |              4 |
|  sd_accel_i/processing_system7_0/inst/FCLK_CLK0 | sd_accel_i/ps7_0_axi_periph/s00_couplers/auto_pc/inst/gen_axilite.gen_b2s_conv.axilite_b2s/RD.ar_channel_0/ar_cmd_fsm_0/axlen_cnt_reg[3][0]                   | sd_accel_i/ps7_0_axi_periph/s00_couplers/auto_pc/inst/gen_axilite.gen_b2s_conv.axilite_b2s/RD.ar_channel_0/ar_cmd_fsm_0/axlen_cnt_reg[7] |                2 |              4 |
|  sd_accel_i/processing_system7_0/inst/FCLK_CLK0 |                                                                                                                                                               | sd_accel_i/ps7_0_axi_periph/s00_couplers/auto_pc/inst/gen_axilite.gen_b2s_conv.axilite_b2s/SI_REG/aw_pipe/s_ready_i_reg_0                |                2 |              4 |
|  sd_accel_i/processing_system7_0/inst/FCLK_CLK0 |                                                                                                                                                               | sd_accel_i/ocl_block_0/U0/sys_reset/U0/EXT_LPF/lpf_int                                                                                   |                3 |              4 |
|  sd_accel_i/processing_system7_0/inst/FCLK_CLK0 | sd_accel_i/axi_gpio_0/U0/AXI_LITE_IPIF_I/I_SLAVE_ATTACHMENT/start2_i_1_n_0                                                                                    | sd_accel_i/axi_gpio_0/U0/AXI_LITE_IPIF_I/I_SLAVE_ATTACHMENT/bus2ip_rnw_i_reg_0                                                           |                1 |              4 |
|  sd_accel_i/processing_system7_0/inst/FCLK_CLK0 | sd_accel_i/ps7_0_axi_periph/xbar/inst/gen_sasd.crossbar_sasd_0/addr_arbiter_inst/m_grant_enc_i                                                                | sd_accel_i/ps7_0_axi_periph/xbar/inst/gen_sasd.crossbar_sasd_0/addr_arbiter_inst/SR[0]                                                   |                1 |              4 |
|  sd_accel_i/processing_system7_0/inst/FCLK_CLK0 | sd_accel_i/zed_audio_ctrl_0/U0/USER_LOGIC_I/Inst_iis_ser/FSM_onehot_iis_state[4]_i_1_n_0                                                                      |                                                                                                                                          |                1 |              4 |
|  sd_accel_i/processing_system7_0/inst/FCLK_CLK0 | sd_accel_i/ps7_0_axi_periph/s00_couplers/auto_pc/inst/gen_axilite.gen_b2s_conv.axilite_b2s/WR.aw_channel_0/aw_cmd_fsm_0/axaddr_wrap_reg[0]                    | sd_accel_i/ps7_0_axi_periph/s00_couplers/auto_pc/inst/gen_axilite.gen_b2s_conv.axilite_b2s/WR.aw_channel_0/aw_cmd_fsm_0/axlen_cnt_reg[7] |                1 |              4 |
|  sd_accel_i/processing_system7_0/inst/FCLK_CLK0 | sd_accel_i/ocl_block_0/U0/kernel_0/inst/addone_gmem_m_axi_U/bus_write/fifo_resp/pout[3]_i_1_n_1                                                               | sd_accel_i/ocl_block_0/U0/kernel_0/inst/ap_rst_n_inv                                                                                     |                1 |              4 |
|  sd_accel_i/processing_system7_0/inst/FCLK_CLK0 |                                                                                                                                                               | sd_accel_i/rst_ps7_0_100M/U0/EXT_LPF/lpf_int                                                                                             |                2 |              5 |
|  sd_accel_i/processing_system7_0/inst/FCLK_CLK0 |                                                                                                                                                               | sd_accel_i/ocl_block_0/U0/m_axi_interconnect_M_AXI/s00_couplers/s00_regslice/inst/w_pipe/m_valid_i_reg_0                                 |                2 |              5 |
|  sd_accel_i/processing_system7_0/inst/FCLK_CLK0 | sd_accel_i/zed_audio_ctrl_0/U0/AXI_LITE_IPIF_I/I_SLAVE_ATTACHMENT/I_DECODER/start                                                                             | sd_accel_i/zed_audio_ctrl_0/U0/AXI_LITE_IPIF_I/I_SLAVE_ATTACHMENT/I_DECODER/cs_ce_clr                                                    |                3 |              5 |
|  sd_accel_i/processing_system7_0/inst/FCLK_CLK0 | sd_accel_i/zed_audio_ctrl_0/U0/USER_LOGIC_I/Inst_iis_deser/bit_rdy                                                                                            | sd_accel_i/zed_audio_ctrl_0/U0/USER_LOGIC_I/Inst_iis_deser/bit_cntr[4]_i_1_n_0                                                           |                2 |              5 |
|  sd_accel_i/processing_system7_0/inst/FCLK_CLK0 | sd_accel_i/zed_audio_ctrl_0/U0/USER_LOGIC_I/Inst_iis_deser/bit_cntr_reg[4]_0[0]                                                                               | sd_accel_i/zed_audio_ctrl_0/U0/USER_LOGIC_I/Inst_iis_ser/bit_cntr[4]_i_1__0_n_0                                                          |                1 |              5 |
|  sd_accel_i/processing_system7_0/inst/FCLK_CLK0 |                                                                                                                                                               | sd_accel_i/ocl_block_0/U0/m_axi_interconnect_M_AXI/s00_couplers/s00_regslice/inst/aw_pipe/p_1_in                                         |                2 |              5 |
|  sd_accel_i/processing_system7_0/inst/FCLK_CLK0 | sd_accel_i/rst_ps7_0_100M/U0/SEQ/seq_cnt_en                                                                                                                   | sd_accel_i/rst_ps7_0_100M/U0/SEQ/SEQ_COUNTER/clear                                                                                       |                1 |              6 |
|  sd_accel_i/processing_system7_0/inst/FCLK_CLK0 | sd_accel_i/ocl_block_0/U0/kernel_0/inst/addone_gmem_m_axi_U/bus_read/fifo_rctl/p_49_in                                                                        | sd_accel_i/ocl_block_0/U0/kernel_0/inst/addone_gmem_m_axi_U/bus_read/fifo_rctl/SR[0]                                                     |                3 |              6 |
|  sd_accel_i/processing_system7_0/inst/FCLK_CLK0 | sd_accel_i/ocl_block_0/U0/kernel_0/inst/addone_gmem_m_axi_U/bus_read/fifo_rctl/p_50_in                                                                        | sd_accel_i/ocl_block_0/U0/kernel_0/inst/addone_gmem_m_axi_U/bus_read/fifo_rctl/sect_addr_buf_reg[11][0]                                  |                3 |              6 |
|  sd_accel_i/processing_system7_0/inst/FCLK_CLK0 | sd_accel_i/ocl_block_0/U0/kernel_0/inst/addone_gmem_m_axi_U/bus_write/last_sect_buf                                                                           | sd_accel_i/ocl_block_0/U0/kernel_0/inst/addone_gmem_m_axi_U/bus_write/sect_addr_buf[11]_i_1__0_n_1                                       |                3 |              6 |
|  sd_accel_i/processing_system7_0/inst/FCLK_CLK0 | sd_accel_i/ocl_block_0/U0/sys_reset/U0/SEQ/seq_cnt_en                                                                                                         | sd_accel_i/ocl_block_0/U0/sys_reset/U0/SEQ/SEQ_COUNTER/clear                                                                             |                1 |              6 |
|  sd_accel_i/processing_system7_0/inst/FCLK_CLK0 | sd_accel_i/ocl_block_0/U0/kernel_0/inst/addone_gmem_m_axi_U/wreq_throttl/next_loop                                                                            | sd_accel_i/ocl_block_0/U0/kernel_0/inst/addone_gmem_m_axi_U/bus_write/could_multi_bursts.loop_cnt[5]_i_1__0_n_1                          |                3 |              6 |
|  sd_accel_i/processing_system7_0/inst/FCLK_CLK0 | sd_accel_i/ocl_block_0/U0/kernel_0/inst/addone_control_s_axi_U/waddr                                                                                          |                                                                                                                                          |                2 |              6 |
|  sd_accel_i/processing_system7_0/inst/FCLK_CLK0 | sd_accel_i/ocl_block_0/U0/kernel_0/inst/addone_gmem_m_axi_U/bus_write/sect_len_buf[9]_i_1_n_1                                                                 | sd_accel_i/ocl_block_0/U0/kernel_0/inst/ap_rst_n_inv                                                                                     |                3 |              7 |
|  sd_accel_i/processing_system7_0/inst/FCLK_CLK0 | sd_accel_i/ocl_block_0/U0/kernel_0/inst/addone_gmem_m_axi_U/bus_read/fifo_rctl/sect_len_buf_reg[8]                                                            | sd_accel_i/ocl_block_0/U0/kernel_0/inst/ap_rst_n_inv                                                                                     |                2 |              7 |
|  sd_accel_i/processing_system7_0/inst/FCLK_CLK0 | sd_accel_i/ps7_0_axi_periph/s01_couplers/auto_pc/inst/gen_axilite.gen_b2s_conv.axilite_b2s/WR.b_channel_0/mhandshake_r                                        | sd_accel_i/ps7_0_axi_periph/s01_couplers/auto_pc/inst/gen_axilite.gen_b2s_conv.axilite_b2s/WR.b_channel_0/bid_fifo_0/SR[0]               |                3 |              8 |
|  sd_accel_i/processing_system7_0/inst/FCLK_CLK0 | sd_accel_i/ps7_0_axi_periph/s01_couplers/auto_pc/inst/gen_axilite.gen_b2s_conv.axilite_b2s/WR.aw_channel_0/aw_cmd_fsm_0/b_push                                |                                                                                                                                          |                2 |              8 |
|  sd_accel_i/processing_system7_0/inst/FCLK_CLK0 | sd_accel_i/ps7_0_axi_periph/s01_couplers/auto_pc/inst/gen_axilite.gen_b2s_conv.axilite_b2s/WR.aw_channel_0/aw_cmd_fsm_0/axaddr_wrap_reg[0][0]                 |                                                                                                                                          |                4 |              8 |
|  sd_accel_i/processing_system7_0/inst/FCLK_CLK0 | sd_accel_i/ocl_block_0/U0/kernel_0/inst/addone_gmem_m_axi_U/bus_write/bus_narrow_gen.fifo_burst/pout[7]_i_1_n_1                                               | sd_accel_i/ocl_block_0/U0/kernel_0/inst/ap_rst_n_inv                                                                                     |                2 |              8 |
|  sd_accel_i/processing_system7_0/inst/FCLK_CLK0 | sd_accel_i/ocl_block_0/U0/kernel_0/inst/addone_gmem_m_axi_U/bus_read/buff_rdata/usedw[7]_i_1_n_1                                                              | sd_accel_i/ocl_block_0/U0/kernel_0/inst/ap_rst_n_inv                                                                                     |                3 |              8 |
|  sd_accel_i/processing_system7_0/inst/FCLK_CLK0 | sd_accel_i/ocl_block_0/U0/kernel_0/inst/addone_gmem_m_axi_U/bus_write/buff_wdata/usedw[7]_i_1__0_n_1                                                          | sd_accel_i/ocl_block_0/U0/kernel_0/inst/ap_rst_n_inv                                                                                     |                3 |              8 |
|  sd_accel_i/processing_system7_0/inst/FCLK_CLK0 | sd_accel_i/ocl_block_0/U0/kernel_0/inst/addone_gmem_m_axi_U/wreq_throttl/throttl_cnt[7]_i_1_n_1                                                               | sd_accel_i/ocl_block_0/U0/kernel_0/inst/ap_rst_n_inv                                                                                     |                4 |              8 |
|  sd_accel_i/processing_system7_0/inst/FCLK_CLK0 | sd_accel_i/ocl_block_0/U0/kernel_0/inst/addone_gmem_m_axi_U/bus_write/bus_narrow_gen.fifo_burst/E[0]                                                          | sd_accel_i/ocl_block_0/U0/kernel_0/inst/addone_gmem_m_axi_U/bus_write/bus_narrow_gen.fifo_burst/SR[0]                                    |                2 |              8 |
|  sd_accel_i/processing_system7_0/inst/FCLK_CLK0 | sd_accel_i/ps7_0_axi_periph/s01_couplers/auto_pc/inst/gen_axilite.gen_b2s_conv.axilite_b2s/RD.ar_channel_0/ar_cmd_fsm_0/axlen_cnt_reg[3][0]                   |                                                                                                                                          |                3 |              8 |
|  sd_accel_i/processing_system7_0/inst/FCLK_CLK0 | sd_accel_i/ocl_block_0/U0/kernel_0/inst/addone_gmem_m_axi_U/bus_write/fifo_resp_to_user/pout[7]_i_1__1_n_1                                                    | sd_accel_i/ocl_block_0/U0/kernel_0/inst/ap_rst_n_inv                                                                                     |                3 |              8 |
|  sd_accel_i/processing_system7_0/inst/FCLK_CLK0 | sd_accel_i/ps7_0_axi_periph/s00_couplers/auto_pc/inst/gen_axilite.gen_b2s_conv.axilite_b2s/WR.b_channel_0/mhandshake_r                                        | sd_accel_i/ps7_0_axi_periph/s00_couplers/auto_pc/inst/gen_axilite.gen_b2s_conv.axilite_b2s/WR.b_channel_0/bid_fifo_0/SR[0]               |                3 |              8 |
|  sd_accel_i/processing_system7_0/inst/FCLK_CLK0 | sd_accel_i/ocl_block_0/U0/kernel_0/inst/addone_gmem_m_axi_U/bus_write/bus_narrow_gen.fifo_burst/pop0                                                          | sd_accel_i/ocl_block_0/U0/kernel_0/inst/ap_rst_n_inv                                                                                     |                5 |              9 |
|  sd_accel_i/processing_system7_0/inst/FCLK_CLK0 | sd_accel_i/ps7_0_axi_periph/s01_couplers/auto_pc/inst/gen_axilite.gen_b2s_conv.axilite_b2s/RD.ar_channel_0/ar_cmd_fsm_0/axaddr_incr_reg[11]                   |                                                                                                                                          |                3 |             12 |
|  sd_accel_i/processing_system7_0/inst/FCLK_CLK0 | sd_accel_i/ps7_0_axi_periph/s00_couplers/auto_pc/inst/gen_axilite.gen_b2s_conv.axilite_b2s/RD.ar_channel_0/ar_cmd_fsm_0/axaddr_incr_reg[11]                   |                                                                                                                                          |                3 |             12 |
|  sd_accel_i/processing_system7_0/inst/FCLK_CLK0 | sd_accel_i/ps7_0_axi_periph/s01_couplers/auto_pc/inst/gen_axilite.gen_b2s_conv.axilite_b2s/WR.aw_channel_0/cmd_translator_0/incr_cmd_0/axaddr_incr[0]_i_1_n_0 |                                                                                                                                          |                3 |             12 |
|  sd_accel_i/processing_system7_0/inst/FCLK_CLK0 |                                                                                                                                                               | sd_accel_i/ps7_0_axi_periph/xbar/inst/gen_sasd.crossbar_sasd_0/addr_arbiter_inst/SR[0]                                                   |                3 |             12 |
|  sd_accel_i/processing_system7_0/inst/FCLK_CLK0 | sd_accel_i/ps7_0_axi_periph/s00_couplers/auto_pc/inst/gen_axilite.gen_b2s_conv.axilite_b2s/WR.aw_channel_0/aw_cmd_fsm_0/wrap_boundary_axaddr_r_reg[11][0]     |                                                                                                                                          |                3 |             12 |
|  sd_accel_i/processing_system7_0/inst/FCLK_CLK0 | sd_accel_i/ps7_0_axi_periph/s00_couplers/auto_pc/inst/gen_axilite.gen_b2s_conv.axilite_b2s/WR.aw_channel_0/cmd_translator_0/incr_cmd_0/axaddr_incr[0]_i_1_n_0 |                                                                                                                                          |                3 |             12 |
|  sd_accel_i/processing_system7_0/inst/FCLK_CLK0 | sd_accel_i/ps7_0_axi_periph/s00_couplers/auto_pc/inst/gen_axilite.gen_b2s_conv.axilite_b2s/RD.ar_channel_0/ar_cmd_fsm_0/E[0]                                  |                                                                                                                                          |                5 |             12 |
|  sd_accel_i/processing_system7_0/inst/FCLK_CLK0 | sd_accel_i/ps7_0_axi_periph/s00_couplers/auto_pc/inst/gen_axilite.gen_b2s_conv.axilite_b2s/RD.r_channel_0/r_push_r                                            |                                                                                                                                          |                4 |             13 |
|  sd_accel_i/processing_system7_0/inst/FCLK_CLK0 | sd_accel_i/ps7_0_axi_periph/s00_couplers/auto_pc/inst/gen_axilite.gen_b2s_conv.axilite_b2s/SI_REG/b_pipe/p_1_in                                               |                                                                                                                                          |                2 |             14 |
|  sd_accel_i/processing_system7_0/inst/FCLK_CLK0 | sd_accel_i/ps7_0_axi_periph/s00_couplers/auto_pc/inst/gen_axilite.gen_b2s_conv.axilite_b2s/SI_REG/b_pipe/skid_buffer_reg[0]_0                                 |                                                                                                                                          |                2 |             14 |
|  sd_accel_i/processing_system7_0/inst/FCLK_CLK0 | sd_accel_i/ocl_block_0/U0/kernel_0/inst/addone_gmem_m_axi_U/bus_read/buff_rdata/E[0]                                                                          | sd_accel_i/ocl_block_0/U0/kernel_0/inst/ap_rst_n_inv                                                                                     |                5 |             15 |
|  sd_accel_i/processing_system7_0/inst/FCLK_CLK0 | sd_accel_i/ps7_0_axi_periph/s00_couplers/auto_pc/inst/gen_axilite.gen_b2s_conv.axilite_b2s/WR.aw_channel_0/aw_cmd_fsm_0/b_push                                |                                                                                                                                          |                5 |             20 |
|  sd_accel_i/processing_system7_0/inst/FCLK_CLK0 | sd_accel_i/ocl_block_0/U0/kernel_0/inst/addone_gmem_m_axi_U/bus_write/last_sect_buf                                                                           | sd_accel_i/ocl_block_0/U0/kernel_0/inst/ap_rst_n_inv                                                                                     |                7 |             20 |
|  sd_accel_i/processing_system7_0/inst/FCLK_CLK0 | sd_accel_i/ocl_block_0/U0/kernel_0/inst/addone_gmem_m_axi_U/bus_read/fifo_rctl/sect_cnt_reg[19]                                                               | sd_accel_i/ocl_block_0/U0/kernel_0/inst/ap_rst_n_inv                                                                                     |                5 |             20 |
|  sd_accel_i/processing_system7_0/inst/FCLK_CLK0 | sd_accel_i/ocl_block_0/U0/kernel_0/inst/addone_gmem_m_axi_U/bus_read/fifo_rctl/p_50_in                                                                        | sd_accel_i/ocl_block_0/U0/kernel_0/inst/ap_rst_n_inv                                                                                     |                5 |             20 |
|  sd_accel_i/processing_system7_0/inst/FCLK_CLK0 | sd_accel_i/ps7_0_axi_periph/s00_couplers/auto_pc/inst/gen_axilite.gen_b2s_conv.axilite_b2s/WR.aw_channel_0/aw_cmd_fsm_0/axaddr_wrap_reg[0]                    |                                                                                                                                          |               11 |             20 |
|  sd_accel_i/processing_system7_0/inst/FCLK_CLK0 | sd_accel_i/ps7_0_axi_periph/s00_couplers/auto_pc/inst/gen_axilite.gen_b2s_conv.axilite_b2s/RD.ar_channel_0/ar_cmd_fsm_0/axlen_cnt_reg[3][0]                   |                                                                                                                                          |                7 |             20 |
|  sd_accel_i/processing_system7_0/inst/FCLK_CLK0 | sd_accel_i/ocl_block_0/U0/kernel_0/inst/addone_gmem_m_axi_U/bus_write/fifo_wreq/sect_cnt_reg_0__s_net_1                                                       | sd_accel_i/ocl_block_0/U0/kernel_0/inst/ap_rst_n_inv                                                                                     |                5 |             20 |
|  sd_accel_i/processing_system7_0/inst/FCLK_CLK0 |                                                                                                                                                               | sd_accel_i/axi_gpio_0/U0/AXI_LITE_IPIF_I/I_SLAVE_ATTACHMENT/bus2ip_rnw_i_reg_0                                                           |                7 |             23 |
|  sd_accel_i/processing_system7_0/inst/FCLK_CLK0 | sd_accel_i/ps7_0_axi_periph/xbar/inst/gen_sasd.crossbar_sasd_0/addr_arbiter_inst/p_0_in                                                                       | sd_accel_i/ps7_0_axi_periph/xbar/inst/gen_sasd.crossbar_sasd_0/addr_arbiter_inst/SR[0]                                                   |                9 |             23 |
|  sd_accel_i/processing_system7_0/inst/FCLK_CLK0 | sd_accel_i/ocl_block_0/U0/kernel_0/inst/addone_gmem_m_axi_U/bus_write/fifo_wreq/pout[7]_i_1__0_n_1                                                            | sd_accel_i/ocl_block_0/U0/kernel_0/inst/ap_rst_n_inv                                                                                     |                7 |             23 |
|  sd_accel_i/processing_system7_0/inst/FCLK_CLK0 | sd_accel_i/zed_audio_ctrl_0/U0/USER_LOGIC_I/Inst_iis_deser/rdata_reg_reg[23]_0[0]                                                                             | sd_accel_i/zed_audio_ctrl_0/U0/USER_LOGIC_I/Inst_iis_ser/ldata_reg                                                                       |               10 |             24 |
|  sd_accel_i/processing_system7_0/inst/FCLK_CLK0 | sd_accel_i/zed_audio_ctrl_0/U0/USER_LOGIC_I/Inst_iis_deser/rdata_reg0                                                                                         | sd_accel_i/zed_audio_ctrl_0/U0/USER_LOGIC_I/Inst_iis_deser/ldata_reg                                                                     |                4 |             24 |
|  sd_accel_i/processing_system7_0/inst/FCLK_CLK0 | sd_accel_i/zed_audio_ctrl_0/U0/USER_LOGIC_I/Inst_iis_deser/ldata_reg0                                                                                         | sd_accel_i/zed_audio_ctrl_0/U0/USER_LOGIC_I/Inst_iis_deser/ldata_reg                                                                     |                3 |             24 |
|  sd_accel_i/processing_system7_0/inst/FCLK_CLK0 | sd_accel_i/ocl_block_0/U0/kernel_0/inst/addone_gmem_m_axi_U/bus_read/fifo_rreq/pout[7]_i_1__2_n_1                                                             | sd_accel_i/ocl_block_0/U0/kernel_0/inst/ap_rst_n_inv                                                                                     |                4 |             24 |
|  sd_accel_i/processing_system7_0/inst/FCLK_CLK0 | sd_accel_i/zed_audio_ctrl_0/U0/USER_LOGIC_I/Inst_iis_ser/ldata_reg[23]_i_1__0_n_0                                                                             | sd_accel_i/zed_audio_ctrl_0/U0/USER_LOGIC_I/Inst_iis_ser/ldata_reg                                                                       |                7 |             24 |
|  sd_accel_i/processing_system7_0/inst/FCLK_CLK0 | sd_accel_i/ocl_block_0/U0/kernel_0/inst/addone_gmem_m_axi_U/bus_write/fifo_wreq/E[0]                                                                          | sd_accel_i/ocl_block_0/U0/kernel_0/inst/ap_rst_n_inv                                                                                     |                5 |             26 |
|  sd_accel_i/processing_system7_0/inst/FCLK_CLK0 | sd_accel_i/ocl_block_0/U0/kernel_0/inst/addone_gmem_m_axi_U/bus_write/fifo_wreq/E[0]                                                                          | sd_accel_i/ocl_block_0/U0/kernel_0/inst/addone_gmem_m_axi_U/bus_write/fifo_wreq/align_len_reg[5][0]                                      |                7 |             27 |
|  sd_accel_i/processing_system7_0/inst/FCLK_CLK0 | sd_accel_i/ocl_block_0/U0/kernel_0/inst/addone_gmem_m_axi_U/bus_read/fifo_rctl/p_49_in                                                                        | sd_accel_i/ocl_block_0/U0/kernel_0/inst/ap_rst_n_inv                                                                                     |               10 |             30 |
|  sd_accel_i/processing_system7_0/inst/FCLK_CLK0 | sd_accel_i/ocl_block_0/U0/kernel_0/inst/addone_gmem_m_axi_U/wreq_throttl/next_loop                                                                            | sd_accel_i/ocl_block_0/U0/kernel_0/inst/ap_rst_n_inv                                                                                     |                9 |             31 |
|  sd_accel_i/processing_system7_0/inst/FCLK_CLK0 | sd_accel_i/ocl_block_0/U0/m_axi_interconnect_M_AXI/s00_couplers/s00_regslice/inst/aw_pipe/m_payload_i[53]_i_1_n_0                                             |                                                                                                                                          |               10 |             32 |
|  sd_accel_i/processing_system7_0/inst/FCLK_CLK0 | sd_accel_i/ocl_block_0/U0/m_axi_interconnect_M_AXI/s00_couplers/s00_regslice/inst/ar_pipe/m_payload_i[53]_i_1__0_n_0                                          |                                                                                                                                          |                9 |             32 |
|  sd_accel_i/processing_system7_0/inst/FCLK_CLK0 | sd_accel_i/ocl_block_0/U0/kernel_0/inst/addone_gmem_m_axi_U/bus_read/rs_rdata/E[0]                                                                            | sd_accel_i/ocl_block_0/U0/kernel_0/inst/ap_rst_n_inv                                                                                     |               13 |             32 |
|  sd_accel_i/processing_system7_0/inst/FCLK_CLK0 | sd_accel_i/ocl_block_0/U0/kernel_0/inst/addone_gmem_m_axi_U/bus_read/rs_rdata/bus_narrow_gen.data_gen[10].data_buf_reg[288][0]                                | sd_accel_i/ocl_block_0/U0/kernel_0/inst/ap_rst_n_inv                                                                                     |                6 |             32 |
|  sd_accel_i/processing_system7_0/inst/FCLK_CLK0 | sd_accel_i/ocl_block_0/U0/kernel_0/inst/addone_gmem_m_axi_U/bus_read/rs_rdata/bus_narrow_gen.data_gen[13].data_buf_reg[384][0]                                | sd_accel_i/ocl_block_0/U0/kernel_0/inst/ap_rst_n_inv                                                                                     |                7 |             32 |
|  sd_accel_i/processing_system7_0/inst/FCLK_CLK0 | sd_accel_i/ocl_block_0/U0/kernel_0/inst/addone_gmem_m_axi_U/bus_read/rs_rdata/bus_narrow_gen.data_gen[11].data_buf_reg[320][0]                                | sd_accel_i/ocl_block_0/U0/kernel_0/inst/ap_rst_n_inv                                                                                     |                8 |             32 |
|  sd_accel_i/processing_system7_0/inst/FCLK_CLK0 | sd_accel_i/ocl_block_0/U0/kernel_0/inst/addone_gmem_m_axi_U/bus_read/rs_rdata/bus_narrow_gen.data_gen[12].data_buf_reg[352][0]                                | sd_accel_i/ocl_block_0/U0/kernel_0/inst/ap_rst_n_inv                                                                                     |               11 |             32 |
|  sd_accel_i/processing_system7_0/inst/FCLK_CLK0 | sd_accel_i/ocl_block_0/U0/kernel_0/inst/addone_gmem_m_axi_U/bus_read/rs_rdata/bus_narrow_gen.data_gen[14].data_buf_reg[416][0]                                | sd_accel_i/ocl_block_0/U0/kernel_0/inst/ap_rst_n_inv                                                                                     |               12 |             32 |
|  sd_accel_i/processing_system7_0/inst/FCLK_CLK0 | sd_accel_i/ocl_block_0/U0/kernel_0/inst/addone_gmem_m_axi_U/bus_read/rs_rdata/bus_narrow_gen.data_gen[15].data_buf_reg[448][0]                                | sd_accel_i/ocl_block_0/U0/kernel_0/inst/ap_rst_n_inv                                                                                     |                9 |             32 |
|  sd_accel_i/processing_system7_0/inst/FCLK_CLK0 | sd_accel_i/ocl_block_0/U0/kernel_0/inst/addone_gmem_m_axi_U/bus_read/rs_rdata/bus_narrow_gen.data_gen[2].data_buf_reg[32][0]                                  | sd_accel_i/ocl_block_0/U0/kernel_0/inst/ap_rst_n_inv                                                                                     |               12 |             32 |
|  sd_accel_i/processing_system7_0/inst/FCLK_CLK0 | sd_accel_i/ocl_block_0/U0/kernel_0/inst/addone_gmem_m_axi_U/bus_read/rs_rdata/bus_narrow_gen.data_gen[3].data_buf_reg[64][0]                                  | sd_accel_i/ocl_block_0/U0/kernel_0/inst/ap_rst_n_inv                                                                                     |               13 |             32 |
|  sd_accel_i/processing_system7_0/inst/FCLK_CLK0 | sd_accel_i/ocl_block_0/U0/kernel_0/inst/addone_gmem_m_axi_U/bus_read/rs_rdata/bus_narrow_gen.data_gen[4].data_buf_reg[96][0]                                  | sd_accel_i/ocl_block_0/U0/kernel_0/inst/ap_rst_n_inv                                                                                     |               11 |             32 |
|  sd_accel_i/processing_system7_0/inst/FCLK_CLK0 | sd_accel_i/ocl_block_0/U0/kernel_0/inst/addone_gmem_m_axi_U/bus_read/rs_rdata/bus_narrow_gen.data_gen[5].data_buf_reg[128][0]                                 | sd_accel_i/ocl_block_0/U0/kernel_0/inst/ap_rst_n_inv                                                                                     |               11 |             32 |
|  sd_accel_i/processing_system7_0/inst/FCLK_CLK0 | sd_accel_i/ocl_block_0/U0/kernel_0/inst/addone_gmem_m_axi_U/bus_read/rs_rdata/bus_narrow_gen.data_gen[6].data_buf_reg[160][0]                                 | sd_accel_i/ocl_block_0/U0/kernel_0/inst/ap_rst_n_inv                                                                                     |                7 |             32 |
|  sd_accel_i/processing_system7_0/inst/FCLK_CLK0 | sd_accel_i/ocl_block_0/U0/kernel_0/inst/addone_gmem_m_axi_U/bus_read/rs_rdata/bus_narrow_gen.data_gen[7].data_buf_reg[192][0]                                 | sd_accel_i/ocl_block_0/U0/kernel_0/inst/ap_rst_n_inv                                                                                     |               14 |             32 |
|  sd_accel_i/processing_system7_0/inst/FCLK_CLK0 | sd_accel_i/ocl_block_0/U0/kernel_0/inst/addone_gmem_m_axi_U/bus_read/rs_rdata/bus_narrow_gen.data_gen[8].data_buf_reg[224][0]                                 | sd_accel_i/ocl_block_0/U0/kernel_0/inst/ap_rst_n_inv                                                                                     |                8 |             32 |
|  sd_accel_i/processing_system7_0/inst/FCLK_CLK0 | sd_accel_i/ocl_block_0/U0/kernel_0/inst/addone_gmem_m_axi_U/bus_read/rs_rdata/bus_narrow_gen.data_gen[9].data_buf_reg[256][0]                                 | sd_accel_i/ocl_block_0/U0/kernel_0/inst/ap_rst_n_inv                                                                                     |                6 |             32 |
|  sd_accel_i/processing_system7_0/inst/FCLK_CLK0 | sd_accel_i/ocl_block_0/U0/kernel_0/inst/addone_gmem_m_axi_U/bus_read/rs_rdata/p_reg2mem_0_i_i_reg_214_reg[0][0]                                               |                                                                                                                                          |                9 |             32 |
|  sd_accel_i/processing_system7_0/inst/FCLK_CLK0 | sd_accel_i/ocl_block_0/U0/kernel_0/inst/addone_gmem_m_axi_U/bus_write/buff_wdata/E[0]                                                                         | sd_accel_i/ocl_block_0/U0/kernel_0/inst/addone_gmem_m_axi_U/bus_write/fifo_wreq/SR[0]                                                    |                5 |             32 |
|  sd_accel_i/processing_system7_0/inst/FCLK_CLK0 | sd_accel_i/ocl_block_0/U0/kernel_0/inst/addone_gmem_m_axi_U/bus_read/rs_rdata/bus_narrow_gen.data_gen[1].data_buf_reg[0][0]                                   | sd_accel_i/ocl_block_0/U0/kernel_0/inst/ap_rst_n_inv                                                                                     |               11 |             32 |
|  sd_accel_i/processing_system7_0/inst/FCLK_CLK0 | sd_accel_i/ps7_0_axi_periph/s01_couplers/auto_pc/inst/gen_axilite.gen_b2s_conv.axilite_b2s/RD.ar_channel_0/ar_cmd_fsm_0/m_payload_i_reg[0]_1[0]               |                                                                                                                                          |                8 |             32 |
|  sd_accel_i/processing_system7_0/inst/FCLK_CLK0 | sd_accel_i/zed_audio_ctrl_0/U0/AXI_LITE_IPIF_I/I_SLAVE_ATTACHMENT/I_DECODER/DataTx_L_reg[0][0]                                                                | sd_accel_i/zed_audio_ctrl_0/U0/USER_LOGIC_I/SR[0]                                                                                        |                6 |             32 |
|  sd_accel_i/processing_system7_0/inst/FCLK_CLK0 | sd_accel_i/zed_audio_ctrl_0/U0/AXI_LITE_IPIF_I/I_SLAVE_ATTACHMENT/s_axi_rdata_i                                                                               | sd_accel_i/zed_audio_ctrl_0/U0/AXI_LITE_IPIF_I/I_SLAVE_ATTACHMENT/rst                                                                    |               14 |             32 |
|  sd_accel_i/processing_system7_0/inst/FCLK_CLK0 | sd_accel_i/zed_audio_ctrl_0/U0/AXI_LITE_IPIF_I/I_SLAVE_ATTACHMENT/I_DECODER/E[0]                                                                              | sd_accel_i/zed_audio_ctrl_0/U0/USER_LOGIC_I/SR[0]                                                                                        |                8 |             32 |
|  sd_accel_i/processing_system7_0/inst/FCLK_CLK0 | sd_accel_i/ps7_0_axi_periph/xbar/inst/gen_sasd.crossbar_sasd_0/reg_slice_r/aa_rready                                                                          |                                                                                                                                          |                6 |             32 |
|  sd_accel_i/processing_system7_0/inst/FCLK_CLK0 | sd_accel_i/ps7_0_axi_periph/s01_couplers/auto_pc/inst/gen_axilite.gen_b2s_conv.axilite_b2s/SI_REG/ar_pipe/s_axi_arready                                       |                                                                                                                                          |                8 |             32 |
|  sd_accel_i/processing_system7_0/inst/FCLK_CLK0 | sd_accel_i/ps7_0_axi_periph/s01_couplers/auto_pc/inst/gen_axilite.gen_b2s_conv.axilite_b2s/WR.aw_channel_0/aw_cmd_fsm_0/E[0]                                  |                                                                                                                                          |                9 |             32 |
|  sd_accel_i/processing_system7_0/inst/FCLK_CLK0 | sd_accel_i/ps7_0_axi_periph/s01_couplers/auto_pc/inst/gen_axilite.gen_b2s_conv.axilite_b2s/SI_REG/aw_pipe/s_axi_awready                                       |                                                                                                                                          |               12 |             32 |
|  sd_accel_i/processing_system7_0/inst/FCLK_CLK0 | sd_accel_i/ocl_block_0/U0/kernel_0/inst/addone_control_s_axi_U/ar_hs                                                                                          |                                                                                                                                          |               11 |             32 |
|  sd_accel_i/processing_system7_0/inst/FCLK_CLK0 | sd_accel_i/ocl_block_0/U0/kernel_0/inst/addone_control_s_axi_U/int_b[31]_i_1_n_1                                                                              | sd_accel_i/ocl_block_0/U0/kernel_0/inst/ap_rst_n_inv                                                                                     |                5 |             32 |
|  sd_accel_i/processing_system7_0/inst/FCLK_CLK0 | sd_accel_i/ocl_block_0/U0/kernel_0/inst/addone_control_s_axi_U/int_a[31]_i_1_n_1                                                                              | sd_accel_i/ocl_block_0/U0/kernel_0/inst/ap_rst_n_inv                                                                                     |                6 |             32 |
|  sd_accel_i/processing_system7_0/inst/FCLK_CLK0 | sd_accel_i/ocl_block_0/U0/kernel_0/inst/addone_control_s_axi_U/int_elements[31]_i_1_n_1                                                                       | sd_accel_i/ocl_block_0/U0/kernel_0/inst/ap_rst_n_inv                                                                                     |                6 |             32 |
|  sd_accel_i/processing_system7_0/inst/FCLK_CLK0 | sd_accel_i/ocl_block_0/U0/kernel_0/inst/addone_gmem_m_axi_U/bus_read/buff_rdata/pop                                                                           | sd_accel_i/ocl_block_0/U0/kernel_0/inst/ap_rst_n_inv                                                                                     |                9 |             33 |
|  sd_accel_i/processing_system7_0/inst/FCLK_CLK0 | sd_accel_i/ps7_0_axi_periph/s00_couplers/auto_pc/inst/gen_axilite.gen_b2s_conv.axilite_b2s/RD.r_channel_0/rd_data_fifo_0/wr_en0                               |                                                                                                                                          |                9 |             34 |
|  sd_accel_i/processing_system7_0/inst/FCLK_CLK0 | sd_accel_i/ps7_0_axi_periph/s01_couplers/auto_pc/inst/gen_axilite.gen_b2s_conv.axilite_b2s/RD.r_channel_0/rd_data_fifo_0/wr_en0                               |                                                                                                                                          |                9 |             34 |
|  sd_accel_i/processing_system7_0/inst/FCLK_CLK0 | sd_accel_i/ps7_0_axi_periph/xbar/inst/gen_sasd.crossbar_sasd_0/addr_arbiter_inst/E[0]                                                                         |                                                                                                                                          |                8 |             35 |
|  sd_accel_i/processing_system7_0/inst/FCLK_CLK0 | sd_accel_i/ocl_block_0/U0/m_axi_interconnect_M_AXI/s00_couplers/s00_regslice/inst/r_pipe/m_payload_i[35]_i_1_n_0                                              |                                                                                                                                          |                8 |             35 |
|  sd_accel_i/processing_system7_0/inst/FCLK_CLK0 | sd_accel_i/ocl_block_0/U0/m_axi_interconnect_M_AXI/s00_couplers/s00_regslice/inst/r_pipe/m_axi_rready                                                         |                                                                                                                                          |                8 |             35 |
|  sd_accel_i/processing_system7_0/inst/FCLK_CLK0 | sd_accel_i/ps7_0_axi_periph/s01_couplers/auto_pc/inst/gen_axilite.gen_b2s_conv.axilite_b2s/SI_REG/r_pipe/skid_buffer_reg[0]_0                                 |                                                                                                                                          |                8 |             35 |
|  sd_accel_i/processing_system7_0/inst/FCLK_CLK0 | sd_accel_i/ps7_0_axi_periph/s01_couplers/auto_pc/inst/gen_axilite.gen_b2s_conv.axilite_b2s/SI_REG/r_pipe/p_1_in                                               |                                                                                                                                          |                6 |             35 |
|  sd_accel_i/processing_system7_0/inst/FCLK_CLK0 | sd_accel_i/ocl_block_0/U0/m_axi_interconnect_M_AXI/s00_couplers/s00_regslice/inst/w_pipe/m_payload_i[31]_i_1_n_0                                              |                                                                                                                                          |                6 |             36 |
|  sd_accel_i/processing_system7_0/inst/FCLK_CLK0 | sd_accel_i/ocl_block_0/U0/m_axi_interconnect_M_AXI/s00_couplers/s00_regslice/inst/w_pipe/s_axi_wready                                                         |                                                                                                                                          |                6 |             36 |
|  sd_accel_i/processing_system7_0/inst/FCLK_CLK0 | sd_accel_i/ocl_block_0/U0/kernel_0/inst/addone_gmem_m_axi_U/bus_read/buff_rdata/push                                                                          | sd_accel_i/ocl_block_0/U0/kernel_0/inst/ap_rst_n_inv                                                                                     |                8 |             41 |
|  sd_accel_i/processing_system7_0/inst/FCLK_CLK0 | sd_accel_i/ps7_0_axi_periph/s00_couplers/auto_pc/inst/gen_axilite.gen_b2s_conv.axilite_b2s/SI_REG/r_pipe/p_1_in                                               |                                                                                                                                          |                9 |             47 |
|  sd_accel_i/processing_system7_0/inst/FCLK_CLK0 | sd_accel_i/ps7_0_axi_periph/s00_couplers/auto_pc/inst/gen_axilite.gen_b2s_conv.axilite_b2s/SI_REG/r_pipe/skid_buffer_reg[0]_0                                 |                                                                                                                                          |               10 |             47 |
|  sd_accel_i/processing_system7_0/inst/FCLK_CLK0 | sd_accel_i/ps7_0_axi_periph/s00_couplers/auto_pc/inst/gen_axilite.gen_b2s_conv.axilite_b2s/SI_REG/ar_pipe/s_axi_arready                                       |                                                                                                                                          |               11 |             48 |
|  sd_accel_i/processing_system7_0/inst/FCLK_CLK0 | sd_accel_i/ps7_0_axi_periph/s00_couplers/auto_pc/inst/gen_axilite.gen_b2s_conv.axilite_b2s/RD.ar_channel_0/ar_cmd_fsm_0/m_payload_i_reg[0]_1[0]               |                                                                                                                                          |               14 |             48 |
|  sd_accel_i/processing_system7_0/inst/FCLK_CLK0 | sd_accel_i/ps7_0_axi_periph/s00_couplers/auto_pc/inst/gen_axilite.gen_b2s_conv.axilite_b2s/WR.aw_channel_0/aw_cmd_fsm_0/E[0]                                  |                                                                                                                                          |               10 |             48 |
|  sd_accel_i/processing_system7_0/inst/FCLK_CLK0 | sd_accel_i/ps7_0_axi_periph/s00_couplers/auto_pc/inst/gen_axilite.gen_b2s_conv.axilite_b2s/SI_REG/aw_pipe/s_axi_awready                                       |                                                                                                                                          |                8 |             48 |
|  sd_accel_i/processing_system7_0/inst/FCLK_CLK0 | sd_accel_i/zed_audio_ctrl_0/U0/USER_LOGIC_I/Inst_iis_deser/E[0]                                                                                               |                                                                                                                                          |                7 |             48 |
|  sd_accel_i/processing_system7_0/inst/FCLK_CLK0 |                                                                                                                                                               | sd_accel_i/ps7_0_axi_periph/s01_couplers/auto_pc/inst/gen_axilite.gen_b2s_conv.axilite_b2s/areset_d1                                     |               10 |             50 |
|  sd_accel_i/processing_system7_0/inst/FCLK_CLK0 | sd_accel_i/ocl_block_0/U0/kernel_0/inst/addone_gmem_m_axi_U/bus_read/fifo_rreq/align_len_reg[5][0]                                                            | sd_accel_i/ocl_block_0/U0/kernel_0/inst/ap_rst_n_inv                                                                                     |                8 |             53 |
|  sd_accel_i/processing_system7_0/inst/FCLK_CLK0 |                                                                                                                                                               | sd_accel_i/ps7_0_axi_periph/s00_couplers/auto_pc/inst/gen_axilite.gen_b2s_conv.axilite_b2s/areset_d1                                     |               15 |             58 |
|  sd_accel_i/processing_system7_0/inst/FCLK_CLK0 | sd_accel_i/ocl_block_0/U0/kernel_0/inst/addone_gmem_m_axi_U/bus_read/fifo_rreq/E[0]                                                                           | sd_accel_i/ocl_block_0/U0/kernel_0/inst/ap_rst_n_inv                                                                                     |               13 |             59 |
|  sd_accel_i/processing_system7_0/inst/FCLK_CLK0 | sd_accel_i/ocl_block_0/U0/kernel_0/inst/addone_gmem_m_axi_U/bus_write/fifo_wreq/empty_n_i_1__4_n_1                                                            | sd_accel_i/ocl_block_0/U0/kernel_0/inst/ap_rst_n_inv                                                                                     |               37 |             59 |
|  sd_accel_i/processing_system7_0/inst/FCLK_CLK0 | sd_accel_i/ocl_block_0/U0/kernel_0/inst/addone_gmem_m_axi_U/bus_read/fifo_rreq/pop0                                                                           | sd_accel_i/ocl_block_0/U0/kernel_0/inst/ap_rst_n_inv                                                                                     |               20 |             59 |
|  sd_accel_i/processing_system7_0/inst/FCLK_CLK0 | sd_accel_i/ocl_block_0/U0/kernel_0/inst/addone_gmem_m_axi_U/bus_write/fifo_wreq/next_wreq                                                                     | sd_accel_i/ocl_block_0/U0/kernel_0/inst/ap_rst_n_inv                                                                                     |               11 |             61 |
|  sd_accel_i/processing_system7_0/inst/FCLK_CLK0 | sd_accel_i/ocl_block_0/U0/kernel_0/inst/ap_CS_fsm_state137                                                                                                    |                                                                                                                                          |               17 |             64 |
|  sd_accel_i/processing_system7_0/inst/FCLK_CLK0 | sd_accel_i/ocl_block_0/U0/kernel_0/inst/addone_gmem_m_axi_U/wreq_throttl/next_loop                                                                            |                                                                                                                                          |               17 |             66 |
|  sd_accel_i/processing_system7_0/inst/FCLK_CLK0 | sd_accel_i/ocl_block_0/U0/kernel_0/inst/addone_control_s_axi_U/E[0]                                                                                           |                                                                                                                                          |               23 |             84 |
|  sd_accel_i/processing_system7_0/inst/FCLK_CLK0 |                                                                                                                                                               |                                                                                                                                          |               77 |            215 |
|  sd_accel_i/processing_system7_0/inst/FCLK_CLK0 |                                                                                                                                                               | sd_accel_i/ocl_block_0/U0/kernel_0/inst/ap_rst_n_inv                                                                                     |              104 |            336 |
|  sd_accel_i/processing_system7_0/inst/FCLK_CLK0 | sd_accel_i/ocl_block_0/U0/kernel_0/inst/addone_gmem_m_axi_U/bus_read/fifo_rreq/push                                                                           |                                                                                                                                          |              116 |            464 |
|  sd_accel_i/processing_system7_0/inst/FCLK_CLK0 | sd_accel_i/ocl_block_0/U0/kernel_0/inst/addone_gmem_m_axi_U/bus_write/fifo_wreq/push                                                                          |                                                                                                                                          |              116 |            464 |
|  sd_accel_i/processing_system7_0/inst/FCLK_CLK0 | sd_accel_i/ocl_block_0/U0/kernel_0/inst/addone_gmem_m_axi_U/bus_read/rs_rdata/load_p1                                                                         |                                                                                                                                          |              171 |            512 |
|  sd_accel_i/processing_system7_0/inst/FCLK_CLK0 | sd_accel_i/ocl_block_0/U0/kernel_0/inst/addone_gmem_m_axi_U/bus_read/rs_rdata/load_p2                                                                         |                                                                                                                                          |              128 |            512 |
|  sd_accel_i/processing_system7_0/inst/FCLK_CLK0 | sd_accel_i/ocl_block_0/U0/kernel_0/inst/addone_gmem_m_axi_U/bus_read/rs_rdata/D[0]                                                                            |                                                                                                                                          |              123 |            512 |
|  sd_accel_i/processing_system7_0/inst/FCLK_CLK0 | sd_accel_i/ocl_block_0/U0/kernel_0/inst/addone_gmem_m_axi_U/bus_write/buff_wdata/push                                                                         | sd_accel_i/ocl_block_0/U0/kernel_0/inst/ap_rst_n_inv                                                                                     |               94 |            521 |
|  sd_accel_i/processing_system7_0/inst/FCLK_CLK0 | sd_accel_i/ocl_block_0/U0/kernel_0/inst/addone_gmem_m_axi_U/bus_write/bus_narrow_gen.fifo_burst/E[0]                                                          | sd_accel_i/ocl_block_0/U0/kernel_0/inst/ap_rst_n_inv                                                                                     |              175 |            576 |
|  sd_accel_i/processing_system7_0/inst/FCLK_CLK0 | sd_accel_i/ocl_block_0/U0/kernel_0/inst/addone_gmem_m_axi_U/bus_write/buff_wdata/pop                                                                          | sd_accel_i/ocl_block_0/U0/kernel_0/inst/ap_rst_n_inv                                                                                     |              170 |            580 |
+-------------------------------------------------+---------------------------------------------------------------------------------------------------------------------------------------------------------------+------------------------------------------------------------------------------------------------------------------------------------------+------------------+----------------+


+--------+-----------------------+
| Fanout | Number of ControlSets |
+--------+-----------------------+
| 1      |                     2 |
| 2      |                     2 |
| 4      |                    18 |
| 5      |                     6 |
| 6      |                     7 |
| 7      |                     2 |
| 8      |                    11 |
| 9      |                     1 |
| 12     |                     7 |
| 13     |                     1 |
| 14     |                     2 |
| 15     |                     1 |
| 16+    |                    89 |
+--------+-----------------------+


