
*** Running vivado
    with args -log bd_4831_slave_bridge_0.vds -m64 -product Vivado -mode batch -messageDb vivado.pb -notrace -source bd_4831_slave_bridge_0.tcl



****** Vivado v2016.3_sdx (64-bit)
  **** SW Build 1721784 on Tue Nov 29 22:12:44 MST 2016
  **** IP Build 1720686 on Mon Nov 28 12:39:17 MST 2016
    ** Copyright 1986-2016 Xilinx, Inc. All Rights Reserved.

Sourcing tcl script 'C:/Xilinx/SDx/2016.3/Vivado/scripts/init.tcl'
16 Beta devices matching pattern found, 16 enabled.
Loaded SDSoC Platform Tcl Library
source bd_4831_slave_bridge_0.tcl -notrace
Starting RTL Elaboration : Time (s): cpu = 00:00:09 ; elapsed = 00:00:12 . Memory (MB): peak = 343.656 ; gain = 133.523
INFO: [Synth 8-638] synthesizing module 'bd_4831_slave_bridge_0' [d:/OneDrive/GitHub/webserver_sdsoc_2016_3/hw/vivado/webserver_sdsoc_2016_3.srcs/sources_1/bd/sd_accel/ip/sd_accel_ocl_block_0_0/bd_0/ip/ip_5/synth/bd_4831_slave_bridge_0.vhd:108]
INFO: [Synth 8-638] synthesizing module 'axilite_bridge' [d:/OneDrive/GitHub/webserver_sdsoc_2016_3/hw/vivado/webserver_sdsoc_2016_3.srcs/sources_1/bd/sd_accel/ipshared/b96d/hdl/axilite_bridge.vhd:73]
INFO: [Synth 8-256] done synthesizing module 'axilite_bridge' (1#1) [d:/OneDrive/GitHub/webserver_sdsoc_2016_3/hw/vivado/webserver_sdsoc_2016_3.srcs/sources_1/bd/sd_accel/ipshared/b96d/hdl/axilite_bridge.vhd:73]
INFO: [Synth 8-256] done synthesizing module 'bd_4831_slave_bridge_0' (2#1) [d:/OneDrive/GitHub/webserver_sdsoc_2016_3/hw/vivado/webserver_sdsoc_2016_3.srcs/sources_1/bd/sd_accel/ip/sd_accel_ocl_block_0_0/bd_0/ip/ip_5/synth/bd_4831_slave_bridge_0.vhd:108]
Finished RTL Elaboration : Time (s): cpu = 00:00:10 ; elapsed = 00:00:13 . Memory (MB): peak = 382.055 ; gain = 171.922
Finished RTL Optimization Phase 1 : Time (s): cpu = 00:00:10 ; elapsed = 00:00:13 . Memory (MB): peak = 382.055 ; gain = 171.922
INFO: [Device 21-403] Loading part xc7z020clg484-1
Constraint Validation Runtime : Time (s): cpu = 00:00:00 ; elapsed = 00:00:00.020 . Memory (MB): peak = 598.184 ; gain = 0.652
Finished Constraint Validation : Time (s): cpu = 00:00:20 ; elapsed = 00:00:24 . Memory (MB): peak = 598.184 ; gain = 388.051
Finished Loading Part and Timing Information : Time (s): cpu = 00:00:20 ; elapsed = 00:00:24 . Memory (MB): peak = 598.184 ; gain = 388.051
Finished applying 'set_property' XDC Constraints : Time (s): cpu = 00:00:20 ; elapsed = 00:00:24 . Memory (MB): peak = 598.184 ; gain = 388.051
Finished RTL Optimization Phase 2 : Time (s): cpu = 00:00:20 ; elapsed = 00:00:24 . Memory (MB): peak = 598.184 ; gain = 388.051
Finished Cross Boundary and Area Optimization : Time (s): cpu = 00:00:21 ; elapsed = 00:00:25 . Memory (MB): peak = 598.184 ; gain = 388.051
Finished Applying XDC Timing Constraints : Time (s): cpu = 00:00:32 ; elapsed = 00:00:36 . Memory (MB): peak = 632.301 ; gain = 422.168
Finished Timing Optimization : Time (s): cpu = 00:00:32 ; elapsed = 00:00:36 . Memory (MB): peak = 632.301 ; gain = 422.168
Finished Technology Mapping : Time (s): cpu = 00:00:32 ; elapsed = 00:00:36 . Memory (MB): peak = 642.008 ; gain = 431.875
Finished IO Insertion : Time (s): cpu = 00:00:33 ; elapsed = 00:00:37 . Memory (MB): peak = 642.008 ; gain = 431.875
Finished Renaming Generated Instances : Time (s): cpu = 00:00:33 ; elapsed = 00:00:37 . Memory (MB): peak = 642.008 ; gain = 431.875
Finished Rebuilding User Hierarchy : Time (s): cpu = 00:00:33 ; elapsed = 00:00:37 . Memory (MB): peak = 642.008 ; gain = 431.875
Finished Renaming Generated Ports : Time (s): cpu = 00:00:33 ; elapsed = 00:00:37 . Memory (MB): peak = 642.008 ; gain = 431.875
Finished Handling Custom Attributes : Time (s): cpu = 00:00:33 ; elapsed = 00:00:37 . Memory (MB): peak = 642.008 ; gain = 431.875
Finished Renaming Generated Nets : Time (s): cpu = 00:00:33 ; elapsed = 00:00:37 . Memory (MB): peak = 642.008 ; gain = 431.875

Report Cell Usage: 
+-+-----+------+
| |Cell |Count |
+-+-----+------+
+-+-----+------+
Finished Writing Synthesis Report : Time (s): cpu = 00:00:33 ; elapsed = 00:00:37 . Memory (MB): peak = 642.008 ; gain = 431.875
synth_design: Time (s): cpu = 00:00:29 ; elapsed = 00:00:30 . Memory (MB): peak = 657.113 ; gain = 385.316
