00:01:47 INFO  : Registering command handlers for SDK TCF services
00:01:47 INFO  : Launching XSCT server: xsct.bat -interactive C:\Sim\arch\zynq_soc\zynq_soc.sdk\temp_xsdb_launch_script.tcl
00:01:48 INFO  : Validating SDSoC License
00:01:48 INFO  : XSCT server has started successfully.
00:01:48 INFO  : Successfully done setting XSCT server connection channel  
00:01:48 INFO  : Successfully done setting SDK workspace  
00:01:48 INFO  : License available for SDSoC
00:01:48 INFO  : Validating SDAccel License
00:01:49 INFO  : License for SDAccel is unavailable
00:05:48 INFO  : Project 'webserver' created. You can now create BSPs and application projects targeting this hardware platform.
00:11:24 INFO  : Launching XSCT server: xsct.bat -interactive C:\Sim\arch\zynq_soc\zynq_soc.sdk\temp_xsdb_launch_script.tcl
00:11:25 INFO  : XSCT server has started successfully.
00:15:24 INFO  : Launching XSCT server: xsct.bat -interactive C:\Sim\arch\zynq_soc\zynq_soc.sdk\temp_xsdb_launch_script.tcl
00:15:25 INFO  : XSCT server has started successfully.
00:16:31 INFO  : Refreshed build settings on project web_server
00:17:17 INFO  : No changes in MSS file content so not generating sources.
00:21:05 INFO  : Refreshed build settings on project web_server
00:23:32 INFO  : Successfully generated C:\Sim\arch\zynq_soc\zynq_soc.sdk\web_server\src\lscript.ld.
00:23:32 INFO  : Applying linker script to all configurations of project web_server.
00:23:32 INFO  : Setting rebuild state to true for all configurations of project web_server.
00:25:25 INFO  : Refreshed build settings on project web_server
00:26:18 INFO  : Refreshed build settings on project web_server
00:27:59 ERROR : (XSDB Server)R6025
- pure virtual function call

00:28:07 INFO  : Launching XSCT server: xsct.bat -interactive C:\Sim\arch\zynq_soc\zynq_soc.sdk\temp_xsdb_launch_script.tcl
00:28:08 INFO  : XSCT server has started successfully.
00:29:05 INFO  : Refreshed build settings on project webserver_sdkv
