
*** Running vivado
    with args -log sd_accel_xbar_0.vds -m64 -product Vivado -mode batch -messageDb vivado.pb -notrace -source sd_accel_xbar_0.tcl



****** Vivado v2016.3_sdx (64-bit)
  **** SW Build 1721784 on Tue Nov 29 22:12:44 MST 2016
  **** IP Build 1720686 on Mon Nov 28 12:39:17 MST 2016
    ** Copyright 1986-2016 Xilinx, Inc. All Rights Reserved.

Sourcing tcl script 'C:/Xilinx/SDx/2016.3/Vivado/scripts/init.tcl'
16 Beta devices matching pattern found, 16 enabled.
Loaded SDSoC Platform Tcl Library
source sd_accel_xbar_0.tcl -notrace
Starting RTL Elaboration : Time (s): cpu = 00:00:13 ; elapsed = 00:00:17 . Memory (MB): peak = 360.012 ; gain = 150.590
INFO: [Synth 8-638] synthesizing module 'sd_accel_xbar_0' [d:/OneDrive/GitHub/webserver_sdsoc_2016_3/hw/vivado/webserver_sdsoc_2016_3.srcs/sources_1/bd/sd_accel/ip/sd_accel_xbar_0/synth/sd_accel_xbar_0.v:59]
INFO: [Synth 8-638] synthesizing module 'axi_crossbar_v2_1_11_axi_crossbar' [d:/OneDrive/GitHub/webserver_sdsoc_2016_3/hw/vivado/webserver_sdsoc_2016_3.srcs/sources_1/bd/sd_accel/ipshared/d552/hdl/axi_crossbar_v2_1_vl_rfs.v:4882]
INFO: [Synth 8-638] synthesizing module 'axi_crossbar_v2_1_11_crossbar_sasd' [d:/OneDrive/GitHub/webserver_sdsoc_2016_3/hw/vivado/webserver_sdsoc_2016_3.srcs/sources_1/bd/sd_accel/ipshared/d552/hdl/axi_crossbar_v2_1_vl_rfs.v:1240]
INFO: [Synth 8-638] synthesizing module 'axi_crossbar_v2_1_11_addr_decoder' [d:/OneDrive/GitHub/webserver_sdsoc_2016_3/hw/vivado/webserver_sdsoc_2016_3.srcs/sources_1/bd/sd_accel/ipshared/d552/hdl/axi_crossbar_v2_1_vl_rfs.v:794]
INFO: [Synth 8-638] synthesizing module 'generic_baseblocks_v2_1_0_comparator_static' [d:/OneDrive/GitHub/webserver_sdsoc_2016_3/hw/vivado/webserver_sdsoc_2016_3.srcs/sources_1/bd/sd_accel/ipshared/7ee0/hdl/generic_baseblocks_v2_1_vl_rfs.v:2133]
INFO: [Synth 8-638] synthesizing module 'generic_baseblocks_v2_1_0_carry_and' [d:/OneDrive/GitHub/webserver_sdsoc_2016_3/hw/vivado/webserver_sdsoc_2016_3.srcs/sources_1/bd/sd_accel/ipshared/7ee0/hdl/generic_baseblocks_v2_1_vl_rfs.v:62]
INFO: [Synth 8-256] done synthesizing module 'generic_baseblocks_v2_1_0_carry_and' (1#1) [d:/OneDrive/GitHub/webserver_sdsoc_2016_3/hw/vivado/webserver_sdsoc_2016_3.srcs/sources_1/bd/sd_accel/ipshared/7ee0/hdl/generic_baseblocks_v2_1_vl_rfs.v:62]
INFO: [Synth 8-256] done synthesizing module 'generic_baseblocks_v2_1_0_comparator_static' (2#1) [d:/OneDrive/GitHub/webserver_sdsoc_2016_3/hw/vivado/webserver_sdsoc_2016_3.srcs/sources_1/bd/sd_accel/ipshared/7ee0/hdl/generic_baseblocks_v2_1_vl_rfs.v:2133]
INFO: [Synth 8-638] synthesizing module 'generic_baseblocks_v2_1_0_comparator_static__parameterized0' [d:/OneDrive/GitHub/webserver_sdsoc_2016_3/hw/vivado/webserver_sdsoc_2016_3.srcs/sources_1/bd/sd_accel/ipshared/7ee0/hdl/generic_baseblocks_v2_1_vl_rfs.v:2133]
INFO: [Synth 8-256] done synthesizing module 'generic_baseblocks_v2_1_0_comparator_static__parameterized0' (2#1) [d:/OneDrive/GitHub/webserver_sdsoc_2016_3/hw/vivado/webserver_sdsoc_2016_3.srcs/sources_1/bd/sd_accel/ipshared/7ee0/hdl/generic_baseblocks_v2_1_vl_rfs.v:2133]
INFO: [Synth 8-638] synthesizing module 'generic_baseblocks_v2_1_0_comparator_static__parameterized1' [d:/OneDrive/GitHub/webserver_sdsoc_2016_3/hw/vivado/webserver_sdsoc_2016_3.srcs/sources_1/bd/sd_accel/ipshared/7ee0/hdl/generic_baseblocks_v2_1_vl_rfs.v:2133]
INFO: [Synth 8-256] done synthesizing module 'generic_baseblocks_v2_1_0_comparator_static__parameterized1' (2#1) [d:/OneDrive/GitHub/webserver_sdsoc_2016_3/hw/vivado/webserver_sdsoc_2016_3.srcs/sources_1/bd/sd_accel/ipshared/7ee0/hdl/generic_baseblocks_v2_1_vl_rfs.v:2133]
INFO: [Synth 8-256] done synthesizing module 'axi_crossbar_v2_1_11_addr_decoder' (3#1) [d:/OneDrive/GitHub/webserver_sdsoc_2016_3/hw/vivado/webserver_sdsoc_2016_3.srcs/sources_1/bd/sd_accel/ipshared/d552/hdl/axi_crossbar_v2_1_vl_rfs.v:794]
INFO: [Synth 8-638] synthesizing module 'generic_baseblocks_v2_1_0_mux_enc' [d:/OneDrive/GitHub/webserver_sdsoc_2016_3/hw/vivado/webserver_sdsoc_2016_3.srcs/sources_1/bd/sd_accel/ipshared/7ee0/hdl/generic_baseblocks_v2_1_vl_rfs.v:2452]
INFO: [Synth 8-256] done synthesizing module 'generic_baseblocks_v2_1_0_mux_enc' (4#1) [d:/OneDrive/GitHub/webserver_sdsoc_2016_3/hw/vivado/webserver_sdsoc_2016_3.srcs/sources_1/bd/sd_accel/ipshared/7ee0/hdl/generic_baseblocks_v2_1_vl_rfs.v:2452]
INFO: [Synth 8-638] synthesizing module 'generic_baseblocks_v2_1_0_mux_enc__parameterized0' [d:/OneDrive/GitHub/webserver_sdsoc_2016_3/hw/vivado/webserver_sdsoc_2016_3.srcs/sources_1/bd/sd_accel/ipshared/7ee0/hdl/generic_baseblocks_v2_1_vl_rfs.v:2452]
INFO: [Synth 8-256] done synthesizing module 'generic_baseblocks_v2_1_0_mux_enc__parameterized0' (4#1) [d:/OneDrive/GitHub/webserver_sdsoc_2016_3/hw/vivado/webserver_sdsoc_2016_3.srcs/sources_1/bd/sd_accel/ipshared/7ee0/hdl/generic_baseblocks_v2_1_vl_rfs.v:2452]
INFO: [Synth 8-638] synthesizing module 'axi_crossbar_v2_1_11_decerr_slave' [d:/OneDrive/GitHub/webserver_sdsoc_2016_3/hw/vivado/webserver_sdsoc_2016_3.srcs/sources_1/bd/sd_accel/ipshared/d552/hdl/axi_crossbar_v2_1_vl_rfs.v:3500]
INFO: [Synth 8-256] done synthesizing module 'axi_crossbar_v2_1_11_decerr_slave' (5#1) [d:/OneDrive/GitHub/webserver_sdsoc_2016_3/hw/vivado/webserver_sdsoc_2016_3.srcs/sources_1/bd/sd_accel/ipshared/d552/hdl/axi_crossbar_v2_1_vl_rfs.v:3500]
INFO: [Synth 8-638] synthesizing module 'axi_crossbar_v2_1_11_addr_arbiter_sasd' [d:/OneDrive/GitHub/webserver_sdsoc_2016_3/hw/vivado/webserver_sdsoc_2016_3.srcs/sources_1/bd/sd_accel/ipshared/d552/hdl/axi_crossbar_v2_1_vl_rfs.v:65]
INFO: [Synth 8-638] synthesizing module 'generic_baseblocks_v2_1_0_mux_enc__parameterized1' [d:/OneDrive/GitHub/webserver_sdsoc_2016_3/hw/vivado/webserver_sdsoc_2016_3.srcs/sources_1/bd/sd_accel/ipshared/7ee0/hdl/generic_baseblocks_v2_1_vl_rfs.v:2452]
INFO: [Synth 8-256] done synthesizing module 'generic_baseblocks_v2_1_0_mux_enc__parameterized1' (5#1) [d:/OneDrive/GitHub/webserver_sdsoc_2016_3/hw/vivado/webserver_sdsoc_2016_3.srcs/sources_1/bd/sd_accel/ipshared/7ee0/hdl/generic_baseblocks_v2_1_vl_rfs.v:2452]
INFO: [Synth 8-256] done synthesizing module 'axi_crossbar_v2_1_11_addr_arbiter_sasd' (6#1) [d:/OneDrive/GitHub/webserver_sdsoc_2016_3/hw/vivado/webserver_sdsoc_2016_3.srcs/sources_1/bd/sd_accel/ipshared/d552/hdl/axi_crossbar_v2_1_vl_rfs.v:65]
INFO: [Synth 8-638] synthesizing module 'axi_crossbar_v2_1_11_splitter' [d:/OneDrive/GitHub/webserver_sdsoc_2016_3/hw/vivado/webserver_sdsoc_2016_3.srcs/sources_1/bd/sd_accel/ipshared/d552/hdl/axi_crossbar_v2_1_vl_rfs.v:4459]
INFO: [Synth 8-256] done synthesizing module 'axi_crossbar_v2_1_11_splitter' (7#1) [d:/OneDrive/GitHub/webserver_sdsoc_2016_3/hw/vivado/webserver_sdsoc_2016_3.srcs/sources_1/bd/sd_accel/ipshared/d552/hdl/axi_crossbar_v2_1_vl_rfs.v:4459]
INFO: [Synth 8-638] synthesizing module 'axi_crossbar_v2_1_11_splitter__parameterized0' [d:/OneDrive/GitHub/webserver_sdsoc_2016_3/hw/vivado/webserver_sdsoc_2016_3.srcs/sources_1/bd/sd_accel/ipshared/d552/hdl/axi_crossbar_v2_1_vl_rfs.v:4459]
INFO: [Synth 8-256] done synthesizing module 'axi_crossbar_v2_1_11_splitter__parameterized0' (7#1) [d:/OneDrive/GitHub/webserver_sdsoc_2016_3/hw/vivado/webserver_sdsoc_2016_3.srcs/sources_1/bd/sd_accel/ipshared/d552/hdl/axi_crossbar_v2_1_vl_rfs.v:4459]
INFO: [Synth 8-638] synthesizing module 'generic_baseblocks_v2_1_0_mux_enc__parameterized2' [d:/OneDrive/GitHub/webserver_sdsoc_2016_3/hw/vivado/webserver_sdsoc_2016_3.srcs/sources_1/bd/sd_accel/ipshared/7ee0/hdl/generic_baseblocks_v2_1_vl_rfs.v:2452]
INFO: [Synth 8-256] done synthesizing module 'generic_baseblocks_v2_1_0_mux_enc__parameterized2' (7#1) [d:/OneDrive/GitHub/webserver_sdsoc_2016_3/hw/vivado/webserver_sdsoc_2016_3.srcs/sources_1/bd/sd_accel/ipshared/7ee0/hdl/generic_baseblocks_v2_1_vl_rfs.v:2452]
INFO: [Synth 8-638] synthesizing module 'generic_baseblocks_v2_1_0_mux_enc__parameterized3' [d:/OneDrive/GitHub/webserver_sdsoc_2016_3/hw/vivado/webserver_sdsoc_2016_3.srcs/sources_1/bd/sd_accel/ipshared/7ee0/hdl/generic_baseblocks_v2_1_vl_rfs.v:2452]
INFO: [Synth 8-256] done synthesizing module 'generic_baseblocks_v2_1_0_mux_enc__parameterized3' (7#1) [d:/OneDrive/GitHub/webserver_sdsoc_2016_3/hw/vivado/webserver_sdsoc_2016_3.srcs/sources_1/bd/sd_accel/ipshared/7ee0/hdl/generic_baseblocks_v2_1_vl_rfs.v:2452]
INFO: [Synth 8-638] synthesizing module 'generic_baseblocks_v2_1_0_mux_enc__parameterized4' [d:/OneDrive/GitHub/webserver_sdsoc_2016_3/hw/vivado/webserver_sdsoc_2016_3.srcs/sources_1/bd/sd_accel/ipshared/7ee0/hdl/generic_baseblocks_v2_1_vl_rfs.v:2452]
INFO: [Synth 8-256] done synthesizing module 'generic_baseblocks_v2_1_0_mux_enc__parameterized4' (7#1) [d:/OneDrive/GitHub/webserver_sdsoc_2016_3/hw/vivado/webserver_sdsoc_2016_3.srcs/sources_1/bd/sd_accel/ipshared/7ee0/hdl/generic_baseblocks_v2_1_vl_rfs.v:2452]
INFO: [Synth 8-638] synthesizing module 'generic_baseblocks_v2_1_0_mux_enc__parameterized5' [d:/OneDrive/GitHub/webserver_sdsoc_2016_3/hw/vivado/webserver_sdsoc_2016_3.srcs/sources_1/bd/sd_accel/ipshared/7ee0/hdl/generic_baseblocks_v2_1_vl_rfs.v:2452]
INFO: [Synth 8-256] done synthesizing module 'generic_baseblocks_v2_1_0_mux_enc__parameterized5' (7#1) [d:/OneDrive/GitHub/webserver_sdsoc_2016_3/hw/vivado/webserver_sdsoc_2016_3.srcs/sources_1/bd/sd_accel/ipshared/7ee0/hdl/generic_baseblocks_v2_1_vl_rfs.v:2452]
INFO: [Synth 8-638] synthesizing module 'generic_baseblocks_v2_1_0_mux_enc__parameterized6' [d:/OneDrive/GitHub/webserver_sdsoc_2016_3/hw/vivado/webserver_sdsoc_2016_3.srcs/sources_1/bd/sd_accel/ipshared/7ee0/hdl/generic_baseblocks_v2_1_vl_rfs.v:2452]
INFO: [Synth 8-256] done synthesizing module 'generic_baseblocks_v2_1_0_mux_enc__parameterized6' (7#1) [d:/OneDrive/GitHub/webserver_sdsoc_2016_3/hw/vivado/webserver_sdsoc_2016_3.srcs/sources_1/bd/sd_accel/ipshared/7ee0/hdl/generic_baseblocks_v2_1_vl_rfs.v:2452]
INFO: [Synth 8-638] synthesizing module 'axi_register_slice_v2_1_10_axic_register_slice' [d:/OneDrive/GitHub/webserver_sdsoc_2016_3/hw/vivado/webserver_sdsoc_2016_3.srcs/sources_1/bd/sd_accel/ipshared/7efe/hdl/axi_register_slice_v2_1_vl_rfs.v:85]
INFO: [Synth 8-256] done synthesizing module 'axi_register_slice_v2_1_10_axic_register_slice' (8#1) [d:/OneDrive/GitHub/webserver_sdsoc_2016_3/hw/vivado/webserver_sdsoc_2016_3.srcs/sources_1/bd/sd_accel/ipshared/7efe/hdl/axi_register_slice_v2_1_vl_rfs.v:85]
INFO: [Synth 8-638] synthesizing module 'generic_baseblocks_v2_1_0_mux_enc__parameterized7' [d:/OneDrive/GitHub/webserver_sdsoc_2016_3/hw/vivado/webserver_sdsoc_2016_3.srcs/sources_1/bd/sd_accel/ipshared/7ee0/hdl/generic_baseblocks_v2_1_vl_rfs.v:2452]
INFO: [Synth 8-256] done synthesizing module 'generic_baseblocks_v2_1_0_mux_enc__parameterized7' (8#1) [d:/OneDrive/GitHub/webserver_sdsoc_2016_3/hw/vivado/webserver_sdsoc_2016_3.srcs/sources_1/bd/sd_accel/ipshared/7ee0/hdl/generic_baseblocks_v2_1_vl_rfs.v:2452]
INFO: [Synth 8-638] synthesizing module 'generic_baseblocks_v2_1_0_mux_enc__parameterized8' [d:/OneDrive/GitHub/webserver_sdsoc_2016_3/hw/vivado/webserver_sdsoc_2016_3.srcs/sources_1/bd/sd_accel/ipshared/7ee0/hdl/generic_baseblocks_v2_1_vl_rfs.v:2452]
INFO: [Synth 8-256] done synthesizing module 'generic_baseblocks_v2_1_0_mux_enc__parameterized8' (8#1) [d:/OneDrive/GitHub/webserver_sdsoc_2016_3/hw/vivado/webserver_sdsoc_2016_3.srcs/sources_1/bd/sd_accel/ipshared/7ee0/hdl/generic_baseblocks_v2_1_vl_rfs.v:2452]
INFO: [Synth 8-256] done synthesizing module 'axi_crossbar_v2_1_11_crossbar_sasd' (9#1) [d:/OneDrive/GitHub/webserver_sdsoc_2016_3/hw/vivado/webserver_sdsoc_2016_3.srcs/sources_1/bd/sd_accel/ipshared/d552/hdl/axi_crossbar_v2_1_vl_rfs.v:1240]
INFO: [Synth 8-256] done synthesizing module 'axi_crossbar_v2_1_11_axi_crossbar' (10#1) [d:/OneDrive/GitHub/webserver_sdsoc_2016_3/hw/vivado/webserver_sdsoc_2016_3.srcs/sources_1/bd/sd_accel/ipshared/d552/hdl/axi_crossbar_v2_1_vl_rfs.v:4882]
INFO: [Synth 8-256] done synthesizing module 'sd_accel_xbar_0' (11#1) [d:/OneDrive/GitHub/webserver_sdsoc_2016_3/hw/vivado/webserver_sdsoc_2016_3.srcs/sources_1/bd/sd_accel/ip/sd_accel_xbar_0/synth/sd_accel_xbar_0.v:59]
Finished RTL Elaboration : Time (s): cpu = 00:00:19 ; elapsed = 00:00:23 . Memory (MB): peak = 476.582 ; gain = 267.160
Finished RTL Optimization Phase 1 : Time (s): cpu = 00:00:20 ; elapsed = 00:00:24 . Memory (MB): peak = 476.582 ; gain = 267.160
INFO: [Device 21-403] Loading part xc7z020clg484-1
Constraint Validation Runtime : Time (s): cpu = 00:00:00 ; elapsed = 00:00:00.047 . Memory (MB): peak = 719.648 ; gain = 0.000
Finished Constraint Validation : Time (s): cpu = 00:00:31 ; elapsed = 00:00:35 . Memory (MB): peak = 719.648 ; gain = 510.227
Finished Loading Part and Timing Information : Time (s): cpu = 00:00:31 ; elapsed = 00:00:35 . Memory (MB): peak = 719.648 ; gain = 510.227
Finished applying 'set_property' XDC Constraints : Time (s): cpu = 00:00:31 ; elapsed = 00:00:35 . Memory (MB): peak = 719.648 ; gain = 510.227
Finished RTL Optimization Phase 2 : Time (s): cpu = 00:00:31 ; elapsed = 00:00:36 . Memory (MB): peak = 719.648 ; gain = 510.227
Finished Cross Boundary and Area Optimization : Time (s): cpu = 00:00:33 ; elapsed = 00:00:37 . Memory (MB): peak = 719.648 ; gain = 510.227
Finished Applying XDC Timing Constraints : Time (s): cpu = 00:00:45 ; elapsed = 00:00:49 . Memory (MB): peak = 719.648 ; gain = 510.227
Finished Timing Optimization : Time (s): cpu = 00:00:46 ; elapsed = 00:00:50 . Memory (MB): peak = 719.648 ; gain = 510.227
Finished Technology Mapping : Time (s): cpu = 00:00:46 ; elapsed = 00:00:50 . Memory (MB): peak = 719.648 ; gain = 510.227
Finished IO Insertion : Time (s): cpu = 00:00:47 ; elapsed = 00:00:51 . Memory (MB): peak = 719.648 ; gain = 510.227
Finished Renaming Generated Instances : Time (s): cpu = 00:00:47 ; elapsed = 00:00:51 . Memory (MB): peak = 719.648 ; gain = 510.227
Finished Rebuilding User Hierarchy : Time (s): cpu = 00:00:47 ; elapsed = 00:00:51 . Memory (MB): peak = 719.648 ; gain = 510.227
Finished Renaming Generated Ports : Time (s): cpu = 00:00:47 ; elapsed = 00:00:51 . Memory (MB): peak = 719.648 ; gain = 510.227
Finished Handling Custom Attributes : Time (s): cpu = 00:00:47 ; elapsed = 00:00:51 . Memory (MB): peak = 719.648 ; gain = 510.227
Finished Renaming Generated Nets : Time (s): cpu = 00:00:47 ; elapsed = 00:00:51 . Memory (MB): peak = 719.648 ; gain = 510.227

Report Cell Usage: 
+------+-----+------+
|      |Cell |Count |
+------+-----+------+
|1     |LUT1 |     2|
|2     |LUT2 |    23|
|3     |LUT3 |    77|
|4     |LUT4 |    55|
|5     |LUT5 |    43|
|6     |LUT6 |    70|
|7     |FDRE |   138|
|8     |FDSE |     1|
+------+-----+------+
Finished Writing Synthesis Report : Time (s): cpu = 00:00:47 ; elapsed = 00:00:51 . Memory (MB): peak = 719.648 ; gain = 510.227
synth_design: Time (s): cpu = 00:00:42 ; elapsed = 00:00:44 . Memory (MB): peak = 719.648 ; gain = 441.438
